<?xml version="1.0" encoding="utf-8"?>
<TestRun id="274ac612-0fbd-46b5-911d-b8fc6f9cbd53" name="bshar@SHARK-WS1 2026-04-04 20:24:38" runUser="SHARK-WS1\bshar" xmlns="http://microsoft.com/schemas/VisualStudio/TeamTest/2010">
  <Times creation="2026-04-04T20:24:38.3077263-04:00" queuing="2026-04-04T20:24:38.3077266-04:00" start="2026-04-04T20:24:35.4333402-04:00" finish="2026-04-04T20:24:38.3164095-04:00" />
  <TestSettings name="default" id="808848aa-38e0-46d3-9480-1b0455591e5a">
    <Deployment runDeploymentRoot="bshar_SHARK-WS1_2026-04-04_20_24_38" />
  </TestSettings>
  <Results>
    <UnitTestResult executionId="4f7bc579-ad97-4480-8ad2-20f9ea1b0118" testId="22cff850-716c-0e45-fd4e-d6ac26acf0ea" testName="RocketLog.Api.IntegrationTests.InventoryEndpointsTests.MyEngines_SupportsAddUpdateAndDelete" computerName="SHARK-WS1" duration="00:00:00.0714597" startTime="2026-04-04T20:24:37.9157357-04:00" endTime="2026-04-04T20:24:37.9157358-04:00" testType="13cdc9d9-ddb5-4fa4-a97d-d965ccfc6d4b" outcome="Passed" testListId="8c84fa94-04c1-424b-9868-57a2d4851a1d" relativeResultsDirectory="4f7bc579-ad97-4480-8ad2-20f9ea1b0118" />
    <UnitTestResult executionId="08a09576-4ec7-41e5-a998-78a3b3b37564" testId="678e0ccb-1699-bfe0-4fc6-4400c96266c9" testName="RocketLog.Api.IntegrationTests.InventoryEndpointsTests.Accessories_SupportsCreateUpdateAndDelete" computerName="SHARK-WS1" duration="00:00:00.7804613" startTime="2026-04-04T20:24:37.7161087-04:00" endTime="2026-04-04T20:24:37.7161088-04:00" testType="13cdc9d9-ddb5-4fa4-a97d-d965ccfc6d4b" outcome="Passed" testListId="8c84fa94-04c1-424b-9868-57a2d4851a1d" relativeResultsDirectory="08a09576-4ec7-41e5-a998-78a3b3b37564" />
    <UnitTestResult executionId="ce8fbbc2-908f-4370-9ca1-6fe76b9c47c8" testId="4816a70f-f8dd-9c9e-7224-60efe9f6b4c6" testName="RocketLog.Api.IntegrationTests.CatalogEndpointsTests.GetEngines_FiltersByImpulseClass_CaseInsensitive" computerName="SHARK-WS1" duration="00:00:00.0087228" startTime="2026-04-04T20:24:37.7114300-04:00" endTime="2026-04-04T20:24:37.7114301-04:00" testType="13cdc9d9-ddb5-4fa4-a97d-d965ccfc6d4b" outcome="Passed" testListId="8c84fa94-04c1-424b-9868-57a2d4851a1d" relativeResultsDirectory="ce8fbbc2-908f-4370-9ca1-6fe76b9c47c8" />
    <UnitTestResult executionId="4627261c-542c-4590-ad96-595b04834448" testId="23d3a922-7ec0-e141-b1b1-865ee148a56f" testName="RocketLog.Api.IntegrationTests.CatalogEndpointsTests.GetRockets_FiltersByManufacturer_AndPaginates" computerName="SHARK-WS1" duration="00:00:00.0188828" startTime="2026-04-04T20:24:37.7021366-04:00" endTime="2026-04-04T20:24:37.7021367-04:00" testType="13cdc9d9-ddb5-4fa4-a97d-d965ccfc6d4b" outcome="Passed" testListId="8c84fa94-04c1-424b-9868-57a2d4851a1d" relativeResultsDirectory="4627261c-542c-4590-ad96-595b04834448" />
    <UnitTestResult executionId="fa049ab4-d205-4b52-b00f-7a5a2ffd85d7" testId="6d6b2944-873d-8572-ca82-dbd870a14168" testName="RocketLog.Api.IntegrationTests.CatalogEndpointsTests.GetEngines_ClampsPageSizeToMaximum" computerName="SHARK-WS1" duration="00:00:00.7372263" startTime="2026-04-04T20:24:37.6811527-04:00" endTime="2026-04-04T20:24:37.6811852-04:00" testType="13cdc9d9-ddb5-4fa4-a97d-d965ccfc6d4b" outcome="Passed" testListId="8c84fa94-04c1-424b-9868-57a2d4851a1d" relativeResultsDirectory="fa049ab4-d205-4b52-b00f-7a5a2ffd85d7" />
    <UnitTestResult executionId="11b71876-f149-4b12-8070-81210d5d5995" testId="c23a12f2-bd92-1ca2-aae3-059f7038f483" testName="RocketLog.Api.IntegrationTests.CatalogEndpointsTests.GetRockets_NormalizesInvalidPageNumberToOne" computerName="SHARK-WS1" duration="00:00:00.0047777" startTime="2026-04-04T20:24:37.7165845-04:00" endTime="2026-04-04T20:24:37.7165846-04:00" testType="13cdc9d9-ddb5-4fa4-a97d-d965ccfc6d4b" outcome="Passed" testListId="8c84fa94-04c1-424b-9868-57a2d4851a1d" relativeResultsDirectory="11b71876-f149-4b12-8070-81210d5d5995" />
    <UnitTestResult executionId="231c3a83-222f-46ca-815c-791e1484ea44" testId="7e0be099-070c-ec30-36c4-033a8d351af2" testName="RocketLog.Api.IntegrationTests.InventoryEndpointsTests.MyRockets_SupportsAddUpdateUploadAndDelete" computerName="SHARK-WS1" duration="00:00:00.1271488" startTime="2026-04-04T20:24:37.8437656-04:00" endTime="2026-04-04T20:24:37.8437656-04:00" testType="13cdc9d9-ddb5-4fa4-a97d-d965ccfc6d4b" outcome="Passed" testListId="8c84fa94-04c1-424b-9868-57a2d4851a1d" relativeResultsDirectory="231c3a83-222f-46ca-815c-791e1484ea44" />
    <UnitTestResult executionId="7519c01d-0da2-4a8d-8b75-2c1ea0d9bad8" testId="aae8799d-00f6-f017-ca96-f701d93ab0e9" testName="RocketLog.Api.IntegrationTests.LaunchEndpointsTests.Launches_SupportCreateListDetailUpdatePhotoAndDelete" computerName="SHARK-WS1" duration="00:00:00.9514189" startTime="2026-04-04T20:24:37.8871297-04:00" endTime="2026-04-04T20:24:37.8871298-04:00" testType="13cdc9d9-ddb5-4fa4-a97d-d965ccfc6d4b" outcome="Passed" testListId="8c84fa94-04c1-424b-9868-57a2d4851a1d" relativeResultsDirectory="7519c01d-0da2-4a8d-8b75-2c1ea0d9bad8" />
  </Results>
  <TestDefinitions>
    <UnitTest name="RocketLog.Api.IntegrationTests.InventoryEndpointsTests.MyEngines_SupportsAddUpdateAndDelete" storage="c:\users\bshar\source\vc-ai-greenfield\vscp\rocket-log\tests\rocketlog.api.integrationtests\bin\debug\net10.0\rocketlog.api.integrationtests.dll" id="22cff850-716c-0e45-fd4e-d6ac26acf0ea">
      <Execution id="4f7bc579-ad97-4480-8ad2-20f9ea1b0118" />
      <TestMethod codeBase="C:\Users\bshar\source\vc-ai-greenfield\vscp\rocket-log\tests\RocketLog.Api.IntegrationTests\bin\Debug\net10.0\RocketLog.Api.IntegrationTests.dll" adapterTypeName="executor://xunit/VsTestRunner2/netcoreapp" className="RocketLog.Api.IntegrationTests.InventoryEndpointsTests" name="MyEngines_SupportsAddUpdateAndDelete" />
    </UnitTest>
    <UnitTest name="RocketLog.Api.IntegrationTests.InventoryEndpointsTests.MyRockets_SupportsAddUpdateUploadAndDelete" storage="c:\users\bshar\source\vc-ai-greenfield\vscp\rocket-log\tests\rocketlog.api.integrationtests\bin\debug\net10.0\rocketlog.api.integrationtests.dll" id="7e0be099-070c-ec30-36c4-033a8d351af2">
      <Execution id="231c3a83-222f-46ca-815c-791e1484ea44" />
      <TestMethod codeBase="C:\Users\bshar\source\vc-ai-greenfield\vscp\rocket-log\tests\RocketLog.Api.IntegrationTests\bin\Debug\net10.0\RocketLog.Api.IntegrationTests.dll" adapterTypeName="executor://xunit/VsTestRunner2/netcoreapp" className="RocketLog.Api.IntegrationTests.InventoryEndpointsTests" name="MyRockets_SupportsAddUpdateUploadAndDelete" />
    </UnitTest>
    <UnitTest name="RocketLog.Api.IntegrationTests.CatalogEndpointsTests.GetEngines_FiltersByImpulseClass_CaseInsensitive" storage="c:\users\bshar\source\vc-ai-greenfield\vscp\rocket-log\tests\rocketlog.api.integrationtests\bin\debug\net10.0\rocketlog.api.integrationtests.dll" id="4816a70f-f8dd-9c9e-7224-60efe9f6b4c6">
      <Execution id="ce8fbbc2-908f-4370-9ca1-6fe76b9c47c8" />
      <TestMethod codeBase="C:\Users\bshar\source\vc-ai-greenfield\vscp\rocket-log\tests\RocketLog.Api.IntegrationTests\bin\Debug\net10.0\RocketLog.Api.IntegrationTests.dll" adapterTypeName="executor://xunit/VsTestRunner2/netcoreapp" className="RocketLog.Api.IntegrationTests.CatalogEndpointsTests" name="GetEngines_FiltersByImpulseClass_CaseInsensitive" />
    </UnitTest>
    <UnitTest name="RocketLog.Api.IntegrationTests.InventoryEndpointsTests.Accessories_SupportsCreateUpdateAndDelete" storage="c:\users\bshar\source\vc-ai-greenfield\vscp\rocket-log\tests\rocketlog.api.integrationtests\bin\debug\net10.0\rocketlog.api.integrationtests.dll" id="678e0ccb-1699-bfe0-4fc6-4400c96266c9">
      <Execution id="08a09576-4ec7-41e5-a998-78a3b3b37564" />
      <TestMethod codeBase="C:\Users\bshar\source\vc-ai-greenfield\vscp\rocket-log\tests\RocketLog.Api.IntegrationTests\bin\Debug\net10.0\RocketLog.Api.IntegrationTests.dll" adapterTypeName="executor://xunit/VsTestRunner2/netcoreapp" className="RocketLog.Api.IntegrationTests.InventoryEndpointsTests" name="Accessories_SupportsCreateUpdateAndDelete" />
    </UnitTest>
    <UnitTest name="RocketLog.Api.IntegrationTests.CatalogEndpointsTests.GetEngines_ClampsPageSizeToMaximum" storage="c:\users\bshar\source\vc-ai-greenfield\vscp\rocket-log\tests\rocketlog.api.integrationtests\bin\debug\net10.0\rocketlog.api.integrationtests.dll" id="6d6b2944-873d-8572-ca82-dbd870a14168">
      <Execution id="fa049ab4-d205-4b52-b00f-7a5a2ffd85d7" />
      <TestMethod codeBase="C:\Users\bshar\source\vc-ai-greenfield\vscp\rocket-log\tests\RocketLog.Api.IntegrationTests\bin\Debug\net10.0\RocketLog.Api.IntegrationTests.dll" adapterTypeName="executor://xunit/VsTestRunner2/netcoreapp" className="RocketLog.Api.IntegrationTests.CatalogEndpointsTests" name="GetEngines_ClampsPageSizeToMaximum" />
    </UnitTest>
    <UnitTest name="RocketLog.Api.IntegrationTests.CatalogEndpointsTests.GetRockets_NormalizesInvalidPageNumberToOne" storage="c:\users\bshar\source\vc-ai-greenfield\vscp\rocket-log\tests\rocketlog.api.integrationtests\bin\debug\net10.0\rocketlog.api.integrationtests.dll" id="c23a12f2-bd92-1ca2-aae3-059f7038f483">
      <Execution id="11b71876-f149-4b12-8070-81210d5d5995" />
      <TestMethod codeBase="C:\Users\bshar\source\vc-ai-greenfield\vscp\rocket-log\tests\RocketLog.Api.IntegrationTests\bin\Debug\net10.0\RocketLog.Api.IntegrationTests.dll" adapterTypeName="executor://xunit/VsTestRunner2/netcoreapp" className="RocketLog.Api.IntegrationTests.CatalogEndpointsTests" name="GetRockets_NormalizesInvalidPageNumberToOne" />
    </UnitTest>
    <UnitTest name="RocketLog.Api.IntegrationTests.CatalogEndpointsTests.GetRockets_FiltersByManufacturer_AndPaginates" storage="c:\users\bshar\source\vc-ai-greenfield\vscp\rocket-log\tests\rocketlog.api.integrationtests\bin\debug\net10.0\rocketlog.api.integrationtests.dll" id="23d3a922-7ec0-e141-b1b1-865ee148a56f">
      <Execution id="4627261c-542c-4590-ad96-595b04834448" />
      <TestMethod codeBase="C:\Users\bshar\source\vc-ai-greenfield\vscp\rocket-log\tests\RocketLog.Api.IntegrationTests\bin\Debug\net10.0\RocketLog.Api.IntegrationTests.dll" adapterTypeName="executor://xunit/VsTestRunner2/netcoreapp" className="RocketLog.Api.IntegrationTests.CatalogEndpointsTests" name="GetRockets_FiltersByManufacturer_AndPaginates" />
    </UnitTest>
    <UnitTest name="RocketLog.Api.IntegrationTests.LaunchEndpointsTests.Launches_SupportCreateListDetailUpdatePhotoAndDelete" storage="c:\users\bshar\source\vc-ai-greenfield\vscp\rocket-log\tests\rocketlog.api.integrationtests\bin\debug\net10.0\rocketlog.api.integrationtests.dll" id="aae8799d-00f6-f017-ca96-f701d93ab0e9">
      <Execution id="7519c01d-0da2-4a8d-8b75-2c1ea0d9bad8" />
      <TestMethod codeBase="C:\Users\bshar\source\vc-ai-greenfield\vscp\rocket-log\tests\RocketLog.Api.IntegrationTests\bin\Debug\net10.0\RocketLog.Api.IntegrationTests.dll" adapterTypeName="executor://xunit/VsTestRunner2/netcoreapp" className="RocketLog.Api.IntegrationTests.LaunchEndpointsTests" name="Launches_SupportCreateListDetailUpdatePhotoAndDelete" />
    </UnitTest>
  </TestDefinitions>
  <TestEntries>
    <TestEntry testId="22cff850-716c-0e45-fd4e-d6ac26acf0ea" executionId="4f7bc579-ad97-4480-8ad2-20f9ea1b0118" testListId="8c84fa94-04c1-424b-9868-57a2d4851a1d" />
    <TestEntry testId="678e0ccb-1699-bfe0-4fc6-4400c96266c9" executionId="08a09576-4ec7-41e5-a998-78a3b3b37564" testListId="8c84fa94-04c1-424b-9868-57a2d4851a1d" />
    <TestEntry testId="4816a70f-f8dd-9c9e-7224-60efe9f6b4c6" executionId="ce8fbbc2-908f-4370-9ca1-6fe76b9c47c8" testListId="8c84fa94-04c1-424b-9868-57a2d4851a1d" />
    <TestEntry testId="23d3a922-7ec0-e141-b1b1-865ee148a56f" executionId="4627261c-542c-4590-ad96-595b04834448" testListId="8c84fa94-04c1-424b-9868-57a2d4851a1d" />
    <TestEntry testId="6d6b2944-873d-8572-ca82-dbd870a14168" executionId="fa049ab4-d205-4b52-b00f-7a5a2ffd85d7" testListId="8c84fa94-04c1-424b-9868-57a2d4851a1d" />
    <TestEntry testId="c23a12f2-bd92-1ca2-aae3-059f7038f483" executionId="11b71876-f149-4b12-8070-81210d5d5995" testListId="8c84fa94-04c1-424b-9868-57a2d4851a1d" />
    <TestEntry testId="7e0be099-070c-ec30-36c4-033a8d351af2" executionId="231c3a83-222f-46ca-815c-791e1484ea44" testListId="8c84fa94-04c1-424b-9868-57a2d4851a1d" />
    <TestEntry testId="aae8799d-00f6-f017-ca96-f701d93ab0e9" executionId="7519c01d-0da2-4a8d-8b75-2c1ea0d9bad8" testListId="8c84fa94-04c1-424b-9868-57a2d4851a1d" />
  </TestEntries>
  <TestLists>
    <TestList name="Results Not in a List" id="8c84fa94-04c1-424b-9868-57a2d4851a1d" />
    <TestList name="All Loaded Results" id="19431567-8539-422a-85d7-44ee4e166bda" />
  </TestLists>
  <ResultSummary outcome="Completed">
    <Counters total="8" executed="8" passed="8" failed="0" error="0" timeout="0" aborted="0" inconclusive="0" passedButRunAborted="0" notRunnable="0" notExecuted="0" disconnected="0" warning="0" completed="0" inProgress="0" pending="0" />
    <Output>
      <StdOut>[xUnit.net 00:00:00.00] xUnit.net VSTest Adapter v2.8.2+699d445a1a (64-bit .NET 10.0.5)&#xD;
[xUnit.net 00:00:00.07]   Discovering: RocketLog.Api.IntegrationTests&#xD;
[xUnit.net 00:00:00.11]   Discovered:  RocketLog.Api.IntegrationTests&#xD;
[xUnit.net 00:00:00.11]   Starting:    RocketLog.Api.IntegrationTests&#xD;
{"t":{"$date":"2026-04-04T20:24:36.007-04:00"},"s":"I",  "c":"CONTROL",  "id":23285,   "ctx":"main","msg":"Automatically disabling TLS 1.0, to force-enable TLS 1.0 specify --sslDisabledProtocols 'none'"}&#xD;
{"t":{"$date":"2026-04-04T20:24:36.067-04:00"},"s":"I",  "c":"CONTROL",  "id":23285,   "ctx":"main","msg":"Automatically disabling TLS 1.0, to force-enable TLS 1.0 specify --sslDisabledProtocols 'none'"}&#xD;
{"t":{"$date":"2026-04-04T20:24:36.071-04:00"},"s":"W",  "c":"ASIO",     "id":22601,   "ctx":"main","msg":"No TransportLayer configured during NetworkInterface startup"}&#xD;
{"t":{"$date":"2026-04-04T20:24:36.071-04:00"},"s":"W",  "c":"ASIO",     "id":22601,   "ctx":"main","msg":"No TransportLayer configured during NetworkInterface startup"}&#xD;
{"t":{"$date":"2026-04-04T20:24:36.072-04:00"},"s":"I",  "c":"NETWORK",  "id":4648602, "ctx":"main","msg":"Implicit TCP FastOpen in use."}&#xD;
{"t":{"$date":"2026-04-04T20:24:36.072-04:00"},"s":"I",  "c":"NETWORK",  "id":4648602, "ctx":"main","msg":"Implicit TCP FastOpen in use."}&#xD;
{"t":{"$date":"2026-04-04T20:24:36.072-04:00"},"s":"W",  "c":"ASIO",     "id":22601,   "ctx":"main","msg":"No TransportLayer configured during NetworkInterface startup"}&#xD;
{"t":{"$date":"2026-04-04T20:24:36.072-04:00"},"s":"W",  "c":"ASIO",     "id":22601,   "ctx":"main","msg":"No TransportLayer configured during NetworkInterface startup"}&#xD;
{"t":{"$date":"2026-04-04T20:24:36.071-04:00"},"s":"I",  "c":"CONTROL",  "id":23285,   "ctx":"main","msg":"Automatically disabling TLS 1.0, to force-enable TLS 1.0 specify --sslDisabledProtocols 'none'"}&#xD;
{"t":{"$date":"2026-04-04T20:24:36.073-04:00"},"s":"I",  "c":"STORAGE",  "id":4615611, "ctx":"initandlisten","msg":"MongoDB starting","attr":{"pid":49908,"port":27020,"dbPath":"C:/Users/bshar/AppData/Local/Temp/k2ozeft5.hxk03cb271aad994811b03f_27020","architecture":"64-bit","host":"shark-ws1"}}&#xD;
{"t":{"$date":"2026-04-04T20:24:36.073-04:00"},"s":"I",  "c":"STORAGE",  "id":4615611, "ctx":"initandlisten","msg":"MongoDB starting","attr":{"pid":44720,"port":27019,"dbPath":"C:/Users/bshar/AppData/Local/Temp/0k5ufclf.bxxdbce55b620dc45a0bb08_27019","architecture":"64-bit","host":"shark-ws1"}}&#xD;
{"t":{"$date":"2026-04-04T20:24:36.073-04:00"},"s":"I",  "c":"CONTROL",  "id":23398,   "ctx":"initandlisten","msg":"Target operating system minimum version","attr":{"targetMinOS":"Windows 7/Windows Server 2008 R2"}}&#xD;
{"t":{"$date":"2026-04-04T20:24:36.073-04:00"},"s":"I",  "c":"CONTROL",  "id":23398,   "ctx":"initandlisten","msg":"Target operating system minimum version","attr":{"targetMinOS":"Windows 7/Windows Server 2008 R2"}}&#xD;
{"t":{"$date":"2026-04-04T20:24:36.073-04:00"},"s":"I",  "c":"CONTROL",  "id":23403,   "ctx":"initandlisten","msg":"Build Info","attr":{"buildInfo":{"version":"4.4.4","gitVersion":"8db30a63db1a9d84bdcad0c83369623f708e0397","modules":[],"allocator":"tcmalloc","environment":{"distmod":"windows","distarch":"x86_64","target_arch":"x86_64"}}}}&#xD;
{"t":{"$date":"2026-04-04T20:24:36.073-04:00"},"s":"I",  "c":"CONTROL",  "id":23403,   "ctx":"initandlisten","msg":"Build Info","attr":{"buildInfo":{"version":"4.4.4","gitVersion":"8db30a63db1a9d84bdcad0c83369623f708e0397","modules":[],"allocator":"tcmalloc","environment":{"distmod":"windows","distarch":"x86_64","target_arch":"x86_64"}}}}&#xD;
{"t":{"$date":"2026-04-04T20:24:36.073-04:00"},"s":"I",  "c":"CONTROL",  "id":51765,   "ctx":"initandlisten","msg":"Operating System","attr":{"os":{"name":"Microsoft Windows 10","version":"10.0 (build 26200)"}}}&#xD;
{"t":{"$date":"2026-04-04T20:24:36.073-04:00"},"s":"I",  "c":"CONTROL",  "id":51765,   "ctx":"initandlisten","msg":"Operating System","attr":{"os":{"name":"Microsoft Windows 10","version":"10.0 (build 26200)"}}}&#xD;
{"t":{"$date":"2026-04-04T20:24:36.073-04:00"},"s":"I",  "c":"CONTROL",  "id":21951,   "ctx":"initandlisten","msg":"Options set by command line","attr":{"options":{"net":{"bindIp":"127.0.0.1","port":27020,"tls":{"mode":"disabled"}},"replication":{"replSet":"singleNodeReplSet"},"storage":{"dbPath":"C:\\Users\\bshar\\AppData\\Local\\Temp\\k2ozeft5.hxk03cb271aad994811b03f_27020"}}}}&#xD;
{"t":{"$date":"2026-04-04T20:24:36.073-04:00"},"s":"I",  "c":"CONTROL",  "id":21951,   "ctx":"initandlisten","msg":"Options set by command line","attr":{"options":{"net":{"bindIp":"127.0.0.1","port":27019,"tls":{"mode":"disabled"}},"replication":{"replSet":"singleNodeReplSet"},"storage":{"dbPath":"C:\\Users\\bshar\\AppData\\Local\\Temp\\0k5ufclf.bxxdbce55b620dc45a0bb08_27019"}}}}&#xD;
{"t":{"$date":"2026-04-04T20:24:36.074-04:00"},"s":"W",  "c":"ASIO",     "id":22601,   "ctx":"main","msg":"No TransportLayer configured during NetworkInterface startup"}&#xD;
{"t":{"$date":"2026-04-04T20:24:36.074-04:00"},"s":"I",  "c":"NETWORK",  "id":4648602, "ctx":"main","msg":"Implicit TCP FastOpen in use."}&#xD;
{"t":{"$date":"2026-04-04T20:24:36.074-04:00"},"s":"W",  "c":"ASIO",     "id":22601,   "ctx":"main","msg":"No TransportLayer configured during NetworkInterface startup"}&#xD;
{"t":{"$date":"2026-04-04T20:24:36.075-04:00"},"s":"I",  "c":"STORAGE",  "id":22315,   "ctx":"initandlisten","msg":"Opening WiredTiger","attr":{"config":"create,cache_size=15827M,session_max=33000,eviction=(threads_min=4,threads_max=4),config_base=false,statistics=(fast),log=(enabled=true,archive=true,path=journal,compressor=snappy),file_manager=(close_idle_time=100000,close_scan_interval=10,close_handle_minimum=250),statistics_log=(wait=0),verbose=[recovery_progress,checkpoint_progress,compact_progress],"}}&#xD;
{"t":{"$date":"2026-04-04T20:24:36.075-04:00"},"s":"I",  "c":"STORAGE",  "id":22315,   "ctx":"initandlisten","msg":"Opening WiredTiger","attr":{"config":"create,cache_size=15827M,session_max=33000,eviction=(threads_min=4,threads_max=4),config_base=false,statistics=(fast),log=(enabled=true,archive=true,path=journal,compressor=snappy),file_manager=(close_idle_time=100000,close_scan_interval=10,close_handle_minimum=250),statistics_log=(wait=0),verbose=[recovery_progress,checkpoint_progress,compact_progress],"}}&#xD;
{"t":{"$date":"2026-04-04T20:24:36.075-04:00"},"s":"I",  "c":"STORAGE",  "id":4615611, "ctx":"initandlisten","msg":"MongoDB starting","attr":{"pid":15164,"port":27018,"dbPath":"C:/Users/bshar/AppData/Local/Temp/b4j5rnk1.nhv971dbdbf1796421c8f7f_27018","architecture":"64-bit","host":"shark-ws1"}}&#xD;
{"t":{"$date":"2026-04-04T20:24:36.075-04:00"},"s":"I",  "c":"CONTROL",  "id":23398,   "ctx":"initandlisten","msg":"Target operating system minimum version","attr":{"targetMinOS":"Windows 7/Windows Server 2008 R2"}}&#xD;
{"t":{"$date":"2026-04-04T20:24:36.075-04:00"},"s":"I",  "c":"CONTROL",  "id":23403,   "ctx":"initandlisten","msg":"Build Info","attr":{"buildInfo":{"version":"4.4.4","gitVersion":"8db30a63db1a9d84bdcad0c83369623f708e0397","modules":[],"allocator":"tcmalloc","environment":{"distmod":"windows","distarch":"x86_64","target_arch":"x86_64"}}}}&#xD;
{"t":{"$date":"2026-04-04T20:24:36.075-04:00"},"s":"I",  "c":"CONTROL",  "id":51765,   "ctx":"initandlisten","msg":"Operating System","attr":{"os":{"name":"Microsoft Windows 10","version":"10.0 (build 26200)"}}}&#xD;
{"t":{"$date":"2026-04-04T20:24:36.075-04:00"},"s":"I",  "c":"CONTROL",  "id":21951,   "ctx":"initandlisten","msg":"Options set by command line","attr":{"options":{"net":{"bindIp":"127.0.0.1","port":27018,"tls":{"mode":"disabled"}},"replication":{"replSet":"singleNodeReplSet"},"storage":{"dbPath":"C:\\Users\\bshar\\AppData\\Local\\Temp\\b4j5rnk1.nhv971dbdbf1796421c8f7f_27018"}}}}&#xD;
{"t":{"$date":"2026-04-04T20:24:36.077-04:00"},"s":"I",  "c":"STORAGE",  "id":22315,   "ctx":"initandlisten","msg":"Opening WiredTiger","attr":{"config":"create,cache_size=15827M,session_max=33000,eviction=(threads_min=4,threads_max=4),config_base=false,statistics=(fast),log=(enabled=true,archive=true,path=journal,compressor=snappy),file_manager=(close_idle_time=100000,close_scan_interval=10,close_handle_minimum=250),statistics_log=(wait=0),verbose=[recovery_progress,checkpoint_progress,compact_progress],"}}&#xD;
{"t":{"$date":"2026-04-04T20:24:36.117-04:00"},"s":"I",  "c":"STORAGE",  "id":22430,   "ctx":"initandlisten","msg":"WiredTiger message","attr":{"message":"[1775348676:117022][44720:140723682969120], txn-recover: [WT_VERB_RECOVERY | WT_VERB_RECOVERY_PROGRESS] Set global recovery timestamp: (0, 0)"}}&#xD;
{"t":{"$date":"2026-04-04T20:24:36.117-04:00"},"s":"I",  "c":"STORAGE",  "id":22430,   "ctx":"initandlisten","msg":"WiredTiger message","attr":{"message":"[1775348676:117022][44720:140723682969120], txn-recover: [WT_VERB_RECOVERY | WT_VERB_RECOVERY_PROGRESS] Set global oldest timestamp: (0, 0)"}}&#xD;
{"t":{"$date":"2026-04-04T20:24:36.118-04:00"},"s":"I",  "c":"STORAGE",  "id":22430,   "ctx":"initandlisten","msg":"WiredTiger message","attr":{"message":"[1775348676:118027][49908:140723682969120], txn-recover: [WT_VERB_RECOVERY | WT_VERB_RECOVERY_PROGRESS] Set global recovery timestamp: (0, 0)"}}&#xD;
{"t":{"$date":"2026-04-04T20:24:36.118-04:00"},"s":"I",  "c":"STORAGE",  "id":22430,   "ctx":"initandlisten","msg":"WiredTiger message","attr":{"message":"[1775348676:118027][15164:140723682969120], txn-recover: [WT_VERB_RECOVERY | WT_VERB_RECOVERY_PROGRESS] Set global recovery timestamp: (0, 0)"}}&#xD;
{"t":{"$date":"2026-04-04T20:24:36.118-04:00"},"s":"I",  "c":"STORAGE",  "id":22430,   "ctx":"initandlisten","msg":"WiredTiger message","attr":{"message":"[1775348676:118027][49908:140723682969120], txn-recover: [WT_VERB_RECOVERY | WT_VERB_RECOVERY_PROGRESS] Set global oldest timestamp: (0, 0)"}}&#xD;
{"t":{"$date":"2026-04-04T20:24:36.118-04:00"},"s":"I",  "c":"STORAGE",  "id":22430,   "ctx":"initandlisten","msg":"WiredTiger message","attr":{"message":"[1775348676:118027][15164:140723682969120], txn-recover: [WT_VERB_RECOVERY | WT_VERB_RECOVERY_PROGRESS] Set global oldest timestamp: (0, 0)"}}&#xD;
{"t":{"$date":"2026-04-04T20:24:36.122-04:00"},"s":"I",  "c":"STORAGE",  "id":4795906, "ctx":"initandlisten","msg":"WiredTiger opened","attr":{"durationMillis":47}}&#xD;
{"t":{"$date":"2026-04-04T20:24:36.122-04:00"},"s":"I",  "c":"RECOVERY", "id":23987,   "ctx":"initandlisten","msg":"WiredTiger recoveryTimestamp","attr":{"recoveryTimestamp":{"$timestamp":{"t":0,"i":0}}}}&#xD;
{"t":{"$date":"2026-04-04T20:24:36.123-04:00"},"s":"I",  "c":"STORAGE",  "id":4795906, "ctx":"initandlisten","msg":"WiredTiger opened","attr":{"durationMillis":46}}&#xD;
{"t":{"$date":"2026-04-04T20:24:36.123-04:00"},"s":"I",  "c":"RECOVERY", "id":23987,   "ctx":"initandlisten","msg":"WiredTiger recoveryTimestamp","attr":{"recoveryTimestamp":{"$timestamp":{"t":0,"i":0}}}}&#xD;
{"t":{"$date":"2026-04-04T20:24:36.124-04:00"},"s":"I",  "c":"STORAGE",  "id":4795906, "ctx":"initandlisten","msg":"WiredTiger opened","attr":{"durationMillis":49}}&#xD;
{"t":{"$date":"2026-04-04T20:24:36.124-04:00"},"s":"I",  "c":"RECOVERY", "id":23987,   "ctx":"initandlisten","msg":"WiredTiger recoveryTimestamp","attr":{"recoveryTimestamp":{"$timestamp":{"t":0,"i":0}}}}&#xD;
{"t":{"$date":"2026-04-04T20:24:36.134-04:00"},"s":"I",  "c":"STORAGE",  "id":4366408, "ctx":"initandlisten","msg":"No table logging settings modifications are required for existing WiredTiger tables","attr":{"loggingEnabled":false}}&#xD;
{"t":{"$date":"2026-04-04T20:24:36.134-04:00"},"s":"I",  "c":"STORAGE",  "id":22262,   "ctx":"initandlisten","msg":"Timestamp monitor starting"}&#xD;
{"t":{"$date":"2026-04-04T20:24:36.135-04:00"},"s":"I",  "c":"STORAGE",  "id":4366408, "ctx":"initandlisten","msg":"No table logging settings modifications are required for existing WiredTiger tables","attr":{"loggingEnabled":false}}&#xD;
{"t":{"$date":"2026-04-04T20:24:36.135-04:00"},"s":"I",  "c":"STORAGE",  "id":22262,   "ctx":"initandlisten","msg":"Timestamp monitor starting"}&#xD;
{"t":{"$date":"2026-04-04T20:24:36.136-04:00"},"s":"I",  "c":"STORAGE",  "id":4366408, "ctx":"initandlisten","msg":"No table logging settings modifications are required for existing WiredTiger tables","attr":{"loggingEnabled":false}}&#xD;
{"t":{"$date":"2026-04-04T20:24:36.136-04:00"},"s":"I",  "c":"STORAGE",  "id":22262,   "ctx":"initandlisten","msg":"Timestamp monitor starting"}&#xD;
{"t":{"$date":"2026-04-04T20:24:36.142-04:00"},"s":"W",  "c":"CONTROL",  "id":22120,   "ctx":"initandlisten","msg":"Access control is not enabled for the database. Read and write access to data and configuration is unrestricted","tags":["startupWarnings"]}&#xD;
{"t":{"$date":"2026-04-04T20:24:36.142-04:00"},"s":"W",  "c":"CONTROL",  "id":22120,   "ctx":"initandlisten","msg":"Access control is not enabled for the database. Read and write access to data and configuration is unrestricted","tags":["startupWarnings"]}&#xD;
{"t":{"$date":"2026-04-04T20:24:36.142-04:00"},"s":"W",  "c":"CONTROL",  "id":22120,   "ctx":"initandlisten","msg":"Access control is not enabled for the database. Read and write access to data and configuration is unrestricted","tags":["startupWarnings"]}&#xD;
{"t":{"$date":"2026-04-04T20:24:36.144-04:00"},"s":"I",  "c":"STORAGE",  "id":20536,   "ctx":"initandlisten","msg":"Flow Control is enabled on this deployment"}&#xD;
{"t":{"$date":"2026-04-04T20:24:36.144-04:00"},"s":"I",  "c":"STORAGE",  "id":20536,   "ctx":"initandlisten","msg":"Flow Control is enabled on this deployment"}&#xD;
{"t":{"$date":"2026-04-04T20:24:36.144-04:00"},"s":"I",  "c":"STORAGE",  "id":20536,   "ctx":"initandlisten","msg":"Flow Control is enabled on this deployment"}&#xD;
{"t":{"$date":"2026-04-04T20:24:36.145-04:00"},"s":"I",  "c":"SHARDING", "id":20997,   "ctx":"initandlisten","msg":"Refreshed RWC defaults","attr":{"newDefaults":{}}}&#xD;
{"t":{"$date":"2026-04-04T20:24:36.145-04:00"},"s":"I",  "c":"SHARDING", "id":20997,   "ctx":"initandlisten","msg":"Refreshed RWC defaults","attr":{"newDefaults":{}}}&#xD;
{"t":{"$date":"2026-04-04T20:24:36.145-04:00"},"s":"I",  "c":"SHARDING", "id":20997,   "ctx":"initandlisten","msg":"Refreshed RWC defaults","attr":{"newDefaults":{}}}&#xD;
{"t":{"$date":"2026-04-04T20:24:36.145-04:00"},"s":"I",  "c":"STORAGE",  "id":20320,   "ctx":"initandlisten","msg":"createCollection","attr":{"namespace":"local.startup_log","uuidDisposition":"generated","uuid":{"uuid":{"$uuid":"053394e2-5e14-4314-92e3-f3342a992c4f"}},"options":{"capped":true,"size":10485760}}}&#xD;
{"t":{"$date":"2026-04-04T20:24:36.145-04:00"},"s":"I",  "c":"STORAGE",  "id":20320,   "ctx":"initandlisten","msg":"createCollection","attr":{"namespace":"local.startup_log","uuidDisposition":"generated","uuid":{"uuid":{"$uuid":"4670267e-2a38-4be1-bfd6-fbca944aa091"}},"options":{"capped":true,"size":10485760}}}&#xD;
{"t":{"$date":"2026-04-04T20:24:36.145-04:00"},"s":"I",  "c":"STORAGE",  "id":20320,   "ctx":"initandlisten","msg":"createCollection","attr":{"namespace":"local.startup_log","uuidDisposition":"generated","uuid":{"uuid":{"$uuid":"7e113ced-a106-442c-a920-fd838764f0c7"}},"options":{"capped":true,"size":10485760}}}&#xD;
{"t":{"$date":"2026-04-04T20:24:36.155-04:00"},"s":"I",  "c":"INDEX",    "id":20345,   "ctx":"initandlisten","msg":"Index build: done building","attr":{"buildUUID":null,"namespace":"local.startup_log","index":"_id_","commitTimestamp":{"$timestamp":{"t":0,"i":0}}}}&#xD;
{"t":{"$date":"2026-04-04T20:24:36.155-04:00"},"s":"I",  "c":"INDEX",    "id":20345,   "ctx":"initandlisten","msg":"Index build: done building","attr":{"buildUUID":null,"namespace":"local.startup_log","index":"_id_","commitTimestamp":{"$timestamp":{"t":0,"i":0}}}}&#xD;
{"t":{"$date":"2026-04-04T20:24:36.156-04:00"},"s":"I",  "c":"INDEX",    "id":20345,   "ctx":"initandlisten","msg":"Index build: done building","attr":{"buildUUID":null,"namespace":"local.startup_log","index":"_id_","commitTimestamp":{"$timestamp":{"t":0,"i":0}}}}&#xD;
{"t":{"$date":"2026-04-04T20:24:36.504-04:00"},"s":"I",  "c":"FTDC",     "id":20625,   "ctx":"initandlisten","msg":"Initializing full-time diagnostic data capture","attr":{"dataDirectory":"C:/Users/bshar/AppData/Local/Temp/k2ozeft5.hxk03cb271aad994811b03f_27020/diagnostic.data"}}&#xD;
{"t":{"$date":"2026-04-04T20:24:36.505-04:00"},"s":"I",  "c":"STORAGE",  "id":20320,   "ctx":"initandlisten","msg":"createCollection","attr":{"namespace":"local.replset.oplogTruncateAfterPoint","uuidDisposition":"generated","uuid":{"uuid":{"$uuid":"90eb91c4-14bf-487c-8db1-440965e234bd"}},"options":{}}}&#xD;
{"t":{"$date":"2026-04-04T20:24:36.514-04:00"},"s":"I",  "c":"INDEX",    "id":20345,   "ctx":"initandlisten","msg":"Index build: done building","attr":{"buildUUID":null,"namespace":"local.replset.oplogTruncateAfterPoint","index":"_id_","commitTimestamp":{"$timestamp":{"t":0,"i":0}}}}&#xD;
{"t":{"$date":"2026-04-04T20:24:36.514-04:00"},"s":"I",  "c":"STORAGE",  "id":20320,   "ctx":"initandlisten","msg":"createCollection","attr":{"namespace":"local.replset.minvalid","uuidDisposition":"generated","uuid":{"uuid":{"$uuid":"6c47f183-69c8-4450-bd5c-e92e3def8871"}},"options":{}}}&#xD;
{"t":{"$date":"2026-04-04T20:24:36.521-04:00"},"s":"I",  "c":"INDEX",    "id":20345,   "ctx":"initandlisten","msg":"Index build: done building","attr":{"buildUUID":null,"namespace":"local.replset.minvalid","index":"_id_","commitTimestamp":{"$timestamp":{"t":0,"i":0}}}}&#xD;
{"t":{"$date":"2026-04-04T20:24:36.522-04:00"},"s":"I",  "c":"STORAGE",  "id":20320,   "ctx":"initandlisten","msg":"createCollection","attr":{"namespace":"local.replset.election","uuidDisposition":"generated","uuid":{"uuid":{"$uuid":"55a55bc0-6235-4730-acb4-deb2a181cea1"}},"options":{}}}&#xD;
{"t":{"$date":"2026-04-04T20:24:36.530-04:00"},"s":"I",  "c":"INDEX",    "id":20345,   "ctx":"initandlisten","msg":"Index build: done building","attr":{"buildUUID":null,"namespace":"local.replset.election","index":"_id_","commitTimestamp":{"$timestamp":{"t":0,"i":0}}}}&#xD;
{"t":{"$date":"2026-04-04T20:24:36.530-04:00"},"s":"I",  "c":"REPL",     "id":21311,   "ctx":"initandlisten","msg":"Did not find local initialized voted for document at startup"}&#xD;
{"t":{"$date":"2026-04-04T20:24:36.530-04:00"},"s":"I",  "c":"REPL",     "id":21312,   "ctx":"initandlisten","msg":"Did not find local Rollback ID document at startup. Creating one"}&#xD;
{"t":{"$date":"2026-04-04T20:24:36.530-04:00"},"s":"I",  "c":"STORAGE",  "id":20320,   "ctx":"initandlisten","msg":"createCollection","attr":{"namespace":"local.system.rollback.id","uuidDisposition":"generated","uuid":{"uuid":{"$uuid":"c4c89ab8-5bde-49db-b911-27aa1ed690f0"}},"options":{}}}&#xD;
{"t":{"$date":"2026-04-04T20:24:36.537-04:00"},"s":"I",  "c":"INDEX",    "id":20345,   "ctx":"initandlisten","msg":"Index build: done building","attr":{"buildUUID":null,"namespace":"local.system.rollback.id","index":"_id_","commitTimestamp":{"$timestamp":{"t":0,"i":0}}}}&#xD;
{"t":{"$date":"2026-04-04T20:24:36.537-04:00"},"s":"I",  "c":"REPL",     "id":21531,   "ctx":"initandlisten","msg":"Initialized the rollback ID","attr":{"rbid":1}}&#xD;
{"t":{"$date":"2026-04-04T20:24:36.537-04:00"},"s":"I",  "c":"REPL",     "id":21313,   "ctx":"initandlisten","msg":"Did not find local replica set configuration document at startup","attr":{"error":{"code":47,"codeName":"NoMatchingDocument","errmsg":"Did not find replica set configuration document in local.system.replset"}}}&#xD;
{"t":{"$date":"2026-04-04T20:24:36.539-04:00"},"s":"I",  "c":"CONTROL",  "id":20714,   "ctx":"LogicalSessionCacheRefresh","msg":"Failed to refresh session cache, will try again at the next refresh interval","attr":{"error":"NotYetInitialized: Replication has not yet been configured"}}&#xD;
{"t":{"$date":"2026-04-04T20:24:36.540-04:00"},"s":"I",  "c":"REPL",     "id":40440,   "ctx":"initandlisten","msg":"Starting the TopologyVersionObserver"}&#xD;
{"t":{"$date":"2026-04-04T20:24:36.540-04:00"},"s":"I",  "c":"CONTROL",  "id":20712,   "ctx":"LogicalSessionCacheReap","msg":"Sessions collection is not set up; waiting until next sessions reap interval","attr":{"error":"NamespaceNotFound: config.system.sessions does not exist"}}&#xD;
{"t":{"$date":"2026-04-04T20:24:36.540-04:00"},"s":"I",  "c":"REPL",     "id":40445,   "ctx":"TopologyVersionObserver","msg":"Started TopologyVersionObserver"}&#xD;
{"t":{"$date":"2026-04-04T20:24:36.540-04:00"},"s":"I",  "c":"NETWORK",  "id":23015,   "ctx":"listener","msg":"Listening on","attr":{"address":"127.0.0.1"}}&#xD;
{"t":{"$date":"2026-04-04T20:24:36.540-04:00"},"s":"I",  "c":"NETWORK",  "id":23016,   "ctx":"listener","msg":"Waiting for connections","attr":{"port":27020,"ssl":"off"}}&#xD;
{"t":{"$date":"2026-04-04T20:24:36.548-04:00"},"s":"I",  "c":"FTDC",     "id":20625,   "ctx":"initandlisten","msg":"Initializing full-time diagnostic data capture","attr":{"dataDirectory":"C:/Users/bshar/AppData/Local/Temp/b4j5rnk1.nhv971dbdbf1796421c8f7f_27018/diagnostic.data"}}&#xD;
{"t":{"$date":"2026-04-04T20:24:36.548-04:00"},"s":"I",  "c":"FTDC",     "id":20625,   "ctx":"initandlisten","msg":"Initializing full-time diagnostic data capture","attr":{"dataDirectory":"C:/Users/bshar/AppData/Local/Temp/0k5ufclf.bxxdbce55b620dc45a0bb08_27019/diagnostic.data"}}&#xD;
{"t":{"$date":"2026-04-04T20:24:36.549-04:00"},"s":"I",  "c":"STORAGE",  "id":20320,   "ctx":"initandlisten","msg":"createCollection","attr":{"namespace":"local.replset.oplogTruncateAfterPoint","uuidDisposition":"generated","uuid":{"uuid":{"$uuid":"0348eb51-fb71-4e05-80ce-6dee2be446c9"}},"options":{}}}&#xD;
{"t":{"$date":"2026-04-04T20:24:36.549-04:00"},"s":"I",  "c":"STORAGE",  "id":20320,   "ctx":"initandlisten","msg":"createCollection","attr":{"namespace":"local.replset.oplogTruncateAfterPoint","uuidDisposition":"generated","uuid":{"uuid":{"$uuid":"22c74339-4158-4bf6-b444-eb4064ac2a8f"}},"options":{}}}&#xD;
{"t":{"$date":"2026-04-04T20:24:36.556-04:00"},"s":"I",  "c":"INDEX",    "id":20345,   "ctx":"initandlisten","msg":"Index build: done building","attr":{"buildUUID":null,"namespace":"local.replset.oplogTruncateAfterPoint","index":"_id_","commitTimestamp":{"$timestamp":{"t":0,"i":0}}}}&#xD;
{"t":{"$date":"2026-04-04T20:24:36.557-04:00"},"s":"I",  "c":"STORAGE",  "id":20320,   "ctx":"initandlisten","msg":"createCollection","attr":{"namespace":"local.replset.minvalid","uuidDisposition":"generated","uuid":{"uuid":{"$uuid":"112251d5-0ca2-45e0-b7bc-f3d318bf90e1"}},"options":{}}}&#xD;
{"t":{"$date":"2026-04-04T20:24:36.557-04:00"},"s":"I",  "c":"INDEX",    "id":20345,   "ctx":"initandlisten","msg":"Index build: done building","attr":{"buildUUID":null,"namespace":"local.replset.oplogTruncateAfterPoint","index":"_id_","commitTimestamp":{"$timestamp":{"t":0,"i":0}}}}&#xD;
{"t":{"$date":"2026-04-04T20:24:36.558-04:00"},"s":"I",  "c":"STORAGE",  "id":20320,   "ctx":"initandlisten","msg":"createCollection","attr":{"namespace":"local.replset.minvalid","uuidDisposition":"generated","uuid":{"uuid":{"$uuid":"5c4009c9-286f-41fd-a9a6-e456733fdc0b"}},"options":{}}}&#xD;
{"t":{"$date":"2026-04-04T20:24:36.563-04:00"},"s":"I",  "c":"INDEX",    "id":20345,   "ctx":"initandlisten","msg":"Index build: done building","attr":{"buildUUID":null,"namespace":"local.replset.minvalid","index":"_id_","commitTimestamp":{"$timestamp":{"t":0,"i":0}}}}&#xD;
{"t":{"$date":"2026-04-04T20:24:36.564-04:00"},"s":"I",  "c":"STORAGE",  "id":20320,   "ctx":"initandlisten","msg":"createCollection","attr":{"namespace":"local.replset.election","uuidDisposition":"generated","uuid":{"uuid":{"$uuid":"17c052d3-f555-4f99-94a4-cc07a42713eb"}},"options":{}}}&#xD;
{"t":{"$date":"2026-04-04T20:24:36.565-04:00"},"s":"I",  "c":"INDEX",    "id":20345,   "ctx":"initandlisten","msg":"Index build: done building","attr":{"buildUUID":null,"namespace":"local.replset.minvalid","index":"_id_","commitTimestamp":{"$timestamp":{"t":0,"i":0}}}}&#xD;
{"t":{"$date":"2026-04-04T20:24:36.565-04:00"},"s":"I",  "c":"STORAGE",  "id":20320,   "ctx":"initandlisten","msg":"createCollection","attr":{"namespace":"local.replset.election","uuidDisposition":"generated","uuid":{"uuid":{"$uuid":"f215b0aa-3405-4371-934a-4fd149c1f81c"}},"options":{}}}&#xD;
{"t":{"$date":"2026-04-04T20:24:36.571-04:00"},"s":"I",  "c":"INDEX",    "id":20345,   "ctx":"initandlisten","msg":"Index build: done building","attr":{"buildUUID":null,"namespace":"local.replset.election","index":"_id_","commitTimestamp":{"$timestamp":{"t":0,"i":0}}}}&#xD;
{"t":{"$date":"2026-04-04T20:24:36.572-04:00"},"s":"I",  "c":"REPL",     "id":21311,   "ctx":"initandlisten","msg":"Did not find local initialized voted for document at startup"}&#xD;
{"t":{"$date":"2026-04-04T20:24:36.572-04:00"},"s":"I",  "c":"REPL",     "id":21312,   "ctx":"initandlisten","msg":"Did not find local Rollback ID document at startup. Creating one"}&#xD;
{"t":{"$date":"2026-04-04T20:24:36.572-04:00"},"s":"I",  "c":"STORAGE",  "id":20320,   "ctx":"initandlisten","msg":"createCollection","attr":{"namespace":"local.system.rollback.id","uuidDisposition":"generated","uuid":{"uuid":{"$uuid":"61544565-6ac0-4449-a4c0-eeb2747252ab"}},"options":{}}}&#xD;
{"t":{"$date":"2026-04-04T20:24:36.573-04:00"},"s":"I",  "c":"INDEX",    "id":20345,   "ctx":"initandlisten","msg":"Index build: done building","attr":{"buildUUID":null,"namespace":"local.replset.election","index":"_id_","commitTimestamp":{"$timestamp":{"t":0,"i":0}}}}&#xD;
{"t":{"$date":"2026-04-04T20:24:36.574-04:00"},"s":"I",  "c":"REPL",     "id":21311,   "ctx":"initandlisten","msg":"Did not find local initialized voted for document at startup"}&#xD;
{"t":{"$date":"2026-04-04T20:24:36.574-04:00"},"s":"I",  "c":"REPL",     "id":21312,   "ctx":"initandlisten","msg":"Did not find local Rollback ID document at startup. Creating one"}&#xD;
{"t":{"$date":"2026-04-04T20:24:36.574-04:00"},"s":"I",  "c":"STORAGE",  "id":20320,   "ctx":"initandlisten","msg":"createCollection","attr":{"namespace":"local.system.rollback.id","uuidDisposition":"generated","uuid":{"uuid":{"$uuid":"a9219d0f-d0c4-4075-9169-b84a7774703e"}},"options":{}}}&#xD;
{"t":{"$date":"2026-04-04T20:24:36.579-04:00"},"s":"I",  "c":"INDEX",    "id":20345,   "ctx":"initandlisten","msg":"Index build: done building","attr":{"buildUUID":null,"namespace":"local.system.rollback.id","index":"_id_","commitTimestamp":{"$timestamp":{"t":0,"i":0}}}}&#xD;
{"t":{"$date":"2026-04-04T20:24:36.579-04:00"},"s":"I",  "c":"REPL",     "id":21531,   "ctx":"initandlisten","msg":"Initialized the rollback ID","attr":{"rbid":1}}&#xD;
{"t":{"$date":"2026-04-04T20:24:36.579-04:00"},"s":"I",  "c":"REPL",     "id":21313,   "ctx":"initandlisten","msg":"Did not find local replica set configuration document at startup","attr":{"error":{"code":47,"codeName":"NoMatchingDocument","errmsg":"Did not find replica set configuration document in local.system.replset"}}}&#xD;
{"t":{"$date":"2026-04-04T20:24:36.580-04:00"},"s":"I",  "c":"INDEX",    "id":20345,   "ctx":"initandlisten","msg":"Index build: done building","attr":{"buildUUID":null,"namespace":"local.system.rollback.id","index":"_id_","commitTimestamp":{"$timestamp":{"t":0,"i":0}}}}&#xD;
{"t":{"$date":"2026-04-04T20:24:36.581-04:00"},"s":"I",  "c":"REPL",     "id":21531,   "ctx":"initandlisten","msg":"Initialized the rollback ID","attr":{"rbid":1}}&#xD;
{"t":{"$date":"2026-04-04T20:24:36.581-04:00"},"s":"I",  "c":"REPL",     "id":21313,   "ctx":"initandlisten","msg":"Did not find local replica set configuration document at startup","attr":{"error":{"code":47,"codeName":"NoMatchingDocument","errmsg":"Did not find replica set configuration document in local.system.replset"}}}&#xD;
{"t":{"$date":"2026-04-04T20:24:36.581-04:00"},"s":"I",  "c":"CONTROL",  "id":20714,   "ctx":"LogicalSessionCacheRefresh","msg":"Failed to refresh session cache, will try again at the next refresh interval","attr":{"error":"NotYetInitialized: Replication has not yet been configured"}}&#xD;
{"t":{"$date":"2026-04-04T20:24:36.581-04:00"},"s":"I",  "c":"REPL",     "id":40440,   "ctx":"initandlisten","msg":"Starting the TopologyVersionObserver"}&#xD;
{"t":{"$date":"2026-04-04T20:24:36.581-04:00"},"s":"I",  "c":"CONTROL",  "id":20712,   "ctx":"LogicalSessionCacheReap","msg":"Sessions collection is not set up; waiting until next sessions reap interval","attr":{"error":"NamespaceNotFound: config.system.sessions does not exist"}}&#xD;
{"t":{"$date":"2026-04-04T20:24:36.582-04:00"},"s":"I",  "c":"REPL",     "id":40445,   "ctx":"TopologyVersionObserver","msg":"Started TopologyVersionObserver"}&#xD;
{"t":{"$date":"2026-04-04T20:24:36.582-04:00"},"s":"I",  "c":"CONTROL",  "id":20714,   "ctx":"LogicalSessionCacheRefresh","msg":"Failed to refresh session cache, will try again at the next refresh interval","attr":{"error":"NotYetInitialized: Replication has not yet been configured"}}&#xD;
{"t":{"$date":"2026-04-04T20:24:36.582-04:00"},"s":"I",  "c":"REPL",     "id":40440,   "ctx":"initandlisten","msg":"Starting the TopologyVersionObserver"}&#xD;
{"t":{"$date":"2026-04-04T20:24:36.582-04:00"},"s":"I",  "c":"NETWORK",  "id":23015,   "ctx":"listener","msg":"Listening on","attr":{"address":"127.0.0.1"}}&#xD;
{"t":{"$date":"2026-04-04T20:24:36.582-04:00"},"s":"I",  "c":"NETWORK",  "id":23016,   "ctx":"listener","msg":"Waiting for connections","attr":{"port":27019,"ssl":"off"}}&#xD;
{"t":{"$date":"2026-04-04T20:24:36.582-04:00"},"s":"I",  "c":"CONTROL",  "id":20712,   "ctx":"LogicalSessionCacheReap","msg":"Sessions collection is not set up; waiting until next sessions reap interval","attr":{"error":"NamespaceNotFound: config.system.sessions does not exist"}}&#xD;
{"t":{"$date":"2026-04-04T20:24:36.583-04:00"},"s":"I",  "c":"REPL",     "id":40445,   "ctx":"TopologyVersionObserver","msg":"Started TopologyVersionObserver"}&#xD;
{"t":{"$date":"2026-04-04T20:24:36.583-04:00"},"s":"I",  "c":"NETWORK",  "id":23015,   "ctx":"listener","msg":"Listening on","attr":{"address":"127.0.0.1"}}&#xD;
{"t":{"$date":"2026-04-04T20:24:36.583-04:00"},"s":"I",  "c":"NETWORK",  "id":23016,   "ctx":"listener","msg":"Waiting for connections","attr":{"port":27018,"ssl":"off"}}&#xD;
{"t":{"$date":"2026-04-04T20:24:36.747-04:00"},"s":"I",  "c":"NETWORK",  "id":22943,   "ctx":"listener","msg":"Connection accepted","attr":{"remote":"127.0.0.1:59135","connectionId":1,"connectionCount":1}}&#xD;
{"t":{"$date":"2026-04-04T20:24:36.747-04:00"},"s":"I",  "c":"NETWORK",  "id":22943,   "ctx":"listener","msg":"Connection accepted","attr":{"remote":"127.0.0.1:59137","connectionId":1,"connectionCount":1}}&#xD;
{"t":{"$date":"2026-04-04T20:24:36.747-04:00"},"s":"I",  "c":"NETWORK",  "id":22943,   "ctx":"listener","msg":"Connection accepted","attr":{"remote":"127.0.0.1:59136","connectionId":1,"connectionCount":1}}&#xD;
{"t":{"$date":"2026-04-04T20:24:36.768-04:00"},"s":"I",  "c":"NETWORK",  "id":51800,   "ctx":"conn1","msg":"client metadata","attr":{"remote":"127.0.0.1:59136","client":"conn1","doc":{"driver":{"name":"mongo-csharp-driver","version":"2.30.0"},"os":{"type":"Windows","name":"Microsoft Windows 10.0.26200","architecture":"x86_64","version":"10.0.26200"},"platform":".NET 10.0.5"}}}&#xD;
{"t":{"$date":"2026-04-04T20:24:36.768-04:00"},"s":"I",  "c":"NETWORK",  "id":51800,   "ctx":"conn1","msg":"client metadata","attr":{"remote":"127.0.0.1:59137","client":"conn1","doc":{"driver":{"name":"mongo-csharp-driver","version":"2.30.0"},"os":{"type":"Windows","name":"Microsoft Windows 10.0.26200","architecture":"x86_64","version":"10.0.26200"},"platform":".NET 10.0.5"}}}&#xD;
{"t":{"$date":"2026-04-04T20:24:36.768-04:00"},"s":"I",  "c":"NETWORK",  "id":51800,   "ctx":"conn1","msg":"client metadata","attr":{"remote":"127.0.0.1:59135","client":"conn1","doc":{"driver":{"name":"mongo-csharp-driver","version":"2.30.0"},"os":{"type":"Windows","name":"Microsoft Windows 10.0.26200","architecture":"x86_64","version":"10.0.26200"},"platform":".NET 10.0.5"}}}&#xD;
{"t":{"$date":"2026-04-04T20:24:36.813-04:00"},"s":"I",  "c":"NETWORK",  "id":22943,   "ctx":"listener","msg":"Connection accepted","attr":{"remote":"127.0.0.1:59139","connectionId":2,"connectionCount":2}}&#xD;
{"t":{"$date":"2026-04-04T20:24:36.813-04:00"},"s":"I",  "c":"NETWORK",  "id":22943,   "ctx":"listener","msg":"Connection accepted","attr":{"remote":"127.0.0.1:59140","connectionId":2,"connectionCount":2}}&#xD;
{"t":{"$date":"2026-04-04T20:24:36.813-04:00"},"s":"I",  "c":"NETWORK",  "id":22943,   "ctx":"listener","msg":"Connection accepted","attr":{"remote":"127.0.0.1:59138","connectionId":2,"connectionCount":2}}&#xD;
{"t":{"$date":"2026-04-04T20:24:36.813-04:00"},"s":"I",  "c":"NETWORK",  "id":51800,   "ctx":"conn2","msg":"client metadata","attr":{"remote":"127.0.0.1:59139","client":"conn2","doc":{"driver":{"name":"mongo-csharp-driver","version":"2.30.0"},"os":{"type":"Windows","name":"Microsoft Windows 10.0.26200","architecture":"x86_64","version":"10.0.26200"},"platform":".NET 10.0.5"}}}&#xD;
{"t":{"$date":"2026-04-04T20:24:36.813-04:00"},"s":"I",  "c":"NETWORK",  "id":51800,   "ctx":"conn2","msg":"client metadata","attr":{"remote":"127.0.0.1:59140","client":"conn2","doc":{"driver":{"name":"mongo-csharp-driver","version":"2.30.0"},"os":{"type":"Windows","name":"Microsoft Windows 10.0.26200","architecture":"x86_64","version":"10.0.26200"},"platform":".NET 10.0.5"}}}&#xD;
{"t":{"$date":"2026-04-04T20:24:36.813-04:00"},"s":"I",  "c":"NETWORK",  "id":51800,   "ctx":"conn2","msg":"client metadata","attr":{"remote":"127.0.0.1:59138","client":"conn2","doc":{"driver":{"name":"mongo-csharp-driver","version":"2.30.0"},"os":{"type":"Windows","name":"Microsoft Windows 10.0.26200","architecture":"x86_64","version":"10.0.26200"},"platform":".NET 10.0.5"}}}&#xD;
{"t":{"$date":"2026-04-04T20:24:36.819-04:00"},"s":"I",  "c":"NETWORK",  "id":22943,   "ctx":"listener","msg":"Connection accepted","attr":{"remote":"127.0.0.1:59141","connectionId":3,"connectionCount":3}}&#xD;
{"t":{"$date":"2026-04-04T20:24:36.819-04:00"},"s":"I",  "c":"NETWORK",  "id":22943,   "ctx":"listener","msg":"Connection accepted","attr":{"remote":"127.0.0.1:59143","connectionId":3,"connectionCount":3}}&#xD;
{"t":{"$date":"2026-04-04T20:24:36.819-04:00"},"s":"I",  "c":"NETWORK",  "id":22943,   "ctx":"listener","msg":"Connection accepted","attr":{"remote":"127.0.0.1:59142","connectionId":3,"connectionCount":3}}&#xD;
{"t":{"$date":"2026-04-04T20:24:36.819-04:00"},"s":"I",  "c":"NETWORK",  "id":51800,   "ctx":"conn3","msg":"client metadata","attr":{"remote":"127.0.0.1:59141","client":"conn3","doc":{"driver":{"name":"mongo-csharp-driver","version":"2.30.0"},"os":{"type":"Windows","name":"Microsoft Windows 10.0.26200","architecture":"x86_64","version":"10.0.26200"},"platform":".NET 10.0.5"}}}&#xD;
{"t":{"$date":"2026-04-04T20:24:36.819-04:00"},"s":"I",  "c":"NETWORK",  "id":51800,   "ctx":"conn3","msg":"client metadata","attr":{"remote":"127.0.0.1:59143","client":"conn3","doc":{"driver":{"name":"mongo-csharp-driver","version":"2.30.0"},"os":{"type":"Windows","name":"Microsoft Windows 10.0.26200","architecture":"x86_64","version":"10.0.26200"},"platform":".NET 10.0.5"}}}&#xD;
{"t":{"$date":"2026-04-04T20:24:36.820-04:00"},"s":"I",  "c":"NETWORK",  "id":51800,   "ctx":"conn3","msg":"client metadata","attr":{"remote":"127.0.0.1:59142","client":"conn3","doc":{"driver":{"name":"mongo-csharp-driver","version":"2.30.0"},"os":{"type":"Windows","name":"Microsoft Windows 10.0.26200","architecture":"x86_64","version":"10.0.26200"},"platform":".NET 10.0.5"}}}&#xD;
{"t":{"$date":"2026-04-04T20:24:36.829-04:00"},"s":"I",  "c":"REPL",     "id":21356,   "ctx":"conn3","msg":"replSetInitiate admin command received from client"}&#xD;
{"t":{"$date":"2026-04-04T20:24:36.829-04:00"},"s":"I",  "c":"REPL",     "id":21356,   "ctx":"conn3","msg":"replSetInitiate admin command received from client"}&#xD;
{"t":{"$date":"2026-04-04T20:24:36.829-04:00"},"s":"I",  "c":"REPL",     "id":21356,   "ctx":"conn3","msg":"replSetInitiate admin command received from client"}&#xD;
{"t":{"$date":"2026-04-04T20:24:36.830-04:00"},"s":"I",  "c":"REPL",     "id":21357,   "ctx":"conn3","msg":"replSetInitiate config object parses ok","attr":{"numMembers":1}}&#xD;
{"t":{"$date":"2026-04-04T20:24:36.830-04:00"},"s":"I",  "c":"REPL",     "id":21357,   "ctx":"conn3","msg":"replSetInitiate config object parses ok","attr":{"numMembers":1}}&#xD;
{"t":{"$date":"2026-04-04T20:24:36.830-04:00"},"s":"I",  "c":"REPL",     "id":21357,   "ctx":"conn3","msg":"replSetInitiate config object parses ok","attr":{"numMembers":1}}&#xD;
{"t":{"$date":"2026-04-04T20:24:36.830-04:00"},"s":"I",  "c":"REPL",     "id":21251,   "ctx":"conn3","msg":"Creating replication oplog","attr":{"oplogSizeMB":19022}}&#xD;
{"t":{"$date":"2026-04-04T20:24:36.830-04:00"},"s":"I",  "c":"STORAGE",  "id":20320,   "ctx":"conn3","msg":"createCollection","attr":{"namespace":"local.oplog.rs","uuidDisposition":"generated","uuid":{"uuid":{"$uuid":"9108e075-e201-4857-a32c-e3ab90a9f2a4"}},"options":{"capped":true,"size":19946046668.0,"autoIndexId":false}}}&#xD;
{"t":{"$date":"2026-04-04T20:24:36.830-04:00"},"s":"I",  "c":"REPL",     "id":21251,   "ctx":"conn3","msg":"Creating replication oplog","attr":{"oplogSizeMB":19022}}&#xD;
{"t":{"$date":"2026-04-04T20:24:36.830-04:00"},"s":"I",  "c":"REPL",     "id":21251,   "ctx":"conn3","msg":"Creating replication oplog","attr":{"oplogSizeMB":19022}}&#xD;
{"t":{"$date":"2026-04-04T20:24:36.830-04:00"},"s":"I",  "c":"STORAGE",  "id":20320,   "ctx":"conn3","msg":"createCollection","attr":{"namespace":"local.oplog.rs","uuidDisposition":"generated","uuid":{"uuid":{"$uuid":"d3dc85e8-8d7f-4d64-9d03-79bd8cefda2d"}},"options":{"capped":true,"size":19946046668.0,"autoIndexId":false}}}&#xD;
{"t":{"$date":"2026-04-04T20:24:36.830-04:00"},"s":"I",  "c":"STORAGE",  "id":20320,   "ctx":"conn3","msg":"createCollection","attr":{"namespace":"local.oplog.rs","uuidDisposition":"generated","uuid":{"uuid":{"$uuid":"fdbb0fb2-5f3b-4731-ba61-f7ab30efa469"}},"options":{"capped":true,"size":19946046668.0,"autoIndexId":false}}}&#xD;
{"t":{"$date":"2026-04-04T20:24:36.834-04:00"},"s":"I",  "c":"STORAGE",  "id":22383,   "ctx":"conn3","msg":"The size storer reports that the oplog contains","attr":{"numRecords":0,"dataSize":0}}&#xD;
{"t":{"$date":"2026-04-04T20:24:36.835-04:00"},"s":"I",  "c":"STORAGE",  "id":22382,   "ctx":"conn3","msg":"WiredTiger record store oplog processing finished","attr":{"durationMillis":0}}&#xD;
{"t":{"$date":"2026-04-04T20:24:36.835-04:00"},"s":"I",  "c":"STORAGE",  "id":22383,   "ctx":"conn3","msg":"The size storer reports that the oplog contains","attr":{"numRecords":0,"dataSize":0}}&#xD;
{"t":{"$date":"2026-04-04T20:24:36.835-04:00"},"s":"I",  "c":"STORAGE",  "id":22382,   "ctx":"conn3","msg":"WiredTiger record store oplog processing finished","attr":{"durationMillis":0}}&#xD;
{"t":{"$date":"2026-04-04T20:24:36.835-04:00"},"s":"I",  "c":"STORAGE",  "id":22383,   "ctx":"conn3","msg":"The size storer reports that the oplog contains","attr":{"numRecords":0,"dataSize":0}}&#xD;
{"t":{"$date":"2026-04-04T20:24:36.835-04:00"},"s":"I",  "c":"STORAGE",  "id":22382,   "ctx":"conn3","msg":"WiredTiger record store oplog processing finished","attr":{"durationMillis":0}}&#xD;
{"t":{"$date":"2026-04-04T20:24:36.861-04:00"},"s":"I",  "c":"STORAGE",  "id":20320,   "ctx":"conn3","msg":"createCollection","attr":{"namespace":"local.system.replset","uuidDisposition":"generated","uuid":{"uuid":{"$uuid":"757e09f0-bda8-4514-839f-3d6420997c44"}},"options":{}}}&#xD;
{"t":{"$date":"2026-04-04T20:24:36.861-04:00"},"s":"I",  "c":"STORAGE",  "id":20320,   "ctx":"conn3","msg":"createCollection","attr":{"namespace":"local.system.replset","uuidDisposition":"generated","uuid":{"uuid":{"$uuid":"b476edba-3ab7-42ac-8ad1-81d23224beb6"}},"options":{}}}&#xD;
{"t":{"$date":"2026-04-04T20:24:36.862-04:00"},"s":"I",  "c":"STORAGE",  "id":20320,   "ctx":"conn3","msg":"createCollection","attr":{"namespace":"local.system.replset","uuidDisposition":"generated","uuid":{"uuid":{"$uuid":"7d8e81e7-3502-4a1d-82f2-44f2113f4a71"}},"options":{}}}&#xD;
{"t":{"$date":"2026-04-04T20:24:36.870-04:00"},"s":"I",  "c":"INDEX",    "id":20345,   "ctx":"conn3","msg":"Index build: done building","attr":{"buildUUID":null,"namespace":"local.system.replset","index":"_id_","commitTimestamp":{"$timestamp":{"t":1775348676,"i":1}}}}&#xD;
{"t":{"$date":"2026-04-04T20:24:36.870-04:00"},"s":"I",  "c":"INDEX",    "id":20345,   "ctx":"conn3","msg":"Index build: done building","attr":{"buildUUID":null,"namespace":"local.system.replset","index":"_id_","commitTimestamp":{"$timestamp":{"t":1775348676,"i":1}}}}&#xD;
{"t":{"$date":"2026-04-04T20:24:36.870-04:00"},"s":"I",  "c":"INDEX",    "id":20345,   "ctx":"conn3","msg":"Index build: done building","attr":{"buildUUID":null,"namespace":"local.system.replset","index":"_id_","commitTimestamp":{"$timestamp":{"t":1775348676,"i":1}}}}&#xD;
{"t":{"$date":"2026-04-04T20:24:36.871-04:00"},"s":"I",  "c":"STORAGE",  "id":20320,   "ctx":"conn3","msg":"createCollection","attr":{"namespace":"admin.system.version","uuidDisposition":"provided","uuid":{"uuid":{"$uuid":"a4510198-3b26-45fb-acbd-ddf551d37370"}},"options":{"uuid":{"$uuid":"a4510198-3b26-45fb-acbd-ddf551d37370"}}}}&#xD;
{"t":{"$date":"2026-04-04T20:24:36.871-04:00"},"s":"I",  "c":"STORAGE",  "id":20320,   "ctx":"conn3","msg":"createCollection","attr":{"namespace":"admin.system.version","uuidDisposition":"provided","uuid":{"uuid":{"$uuid":"17560c6d-6be3-4583-9f8f-a7712116996e"}},"options":{"uuid":{"$uuid":"17560c6d-6be3-4583-9f8f-a7712116996e"}}}}&#xD;
{"t":{"$date":"2026-04-04T20:24:36.871-04:00"},"s":"I",  "c":"STORAGE",  "id":20320,   "ctx":"conn3","msg":"createCollection","attr":{"namespace":"admin.system.version","uuidDisposition":"provided","uuid":{"uuid":{"$uuid":"7abbb9ad-aa38-4c2d-8165-7009c038f218"}},"options":{"uuid":{"$uuid":"7abbb9ad-aa38-4c2d-8165-7009c038f218"}}}}&#xD;
{"t":{"$date":"2026-04-04T20:24:36.879-04:00"},"s":"I",  "c":"INDEX",    "id":20345,   "ctx":"conn3","msg":"Index build: done building","attr":{"buildUUID":null,"namespace":"admin.system.version","index":"_id_","commitTimestamp":{"$timestamp":{"t":1775348676,"i":1}}}}&#xD;
{"t":{"$date":"2026-04-04T20:24:36.879-04:00"},"s":"I",  "c":"COMMAND",  "id":20459,   "ctx":"conn3","msg":"Setting featureCompatibilityVersion","attr":{"newVersion":"4.4"}}&#xD;
{"t":{"$date":"2026-04-04T20:24:36.879-04:00"},"s":"I",  "c":"NETWORK",  "id":22991,   "ctx":"conn3","msg":"Skip closing connection for connection","attr":{"connectionId":3}}&#xD;
{"t":{"$date":"2026-04-04T20:24:36.879-04:00"},"s":"I",  "c":"NETWORK",  "id":22991,   "ctx":"conn3","msg":"Skip closing connection for connection","attr":{"connectionId":2}}&#xD;
{"t":{"$date":"2026-04-04T20:24:36.879-04:00"},"s":"I",  "c":"NETWORK",  "id":22991,   "ctx":"conn3","msg":"Skip closing connection for connection","attr":{"connectionId":1}}&#xD;
{"t":{"$date":"2026-04-04T20:24:36.879-04:00"},"s":"I",  "c":"INDEX",    "id":20345,   "ctx":"conn3","msg":"Index build: done building","attr":{"buildUUID":null,"namespace":"admin.system.version","index":"_id_","commitTimestamp":{"$timestamp":{"t":1775348676,"i":1}}}}&#xD;
{"t":{"$date":"2026-04-04T20:24:36.879-04:00"},"s":"I",  "c":"COMMAND",  "id":20459,   "ctx":"conn3","msg":"Setting featureCompatibilityVersion","attr":{"newVersion":"4.4"}}&#xD;
{"t":{"$date":"2026-04-04T20:24:36.879-04:00"},"s":"I",  "c":"REPL",     "id":21392,   "ctx":"conn3","msg":"New replica set config in use","attr":{"config":{"_id":"singleNodeReplSet","version":1,"term":0,"protocolVersion":1,"writeConcernMajorityJournalDefault":true,"members":[{"_id":0,"host":"127.0.0.1:27020","arbiterOnly":false,"buildIndexes":true,"hidden":false,"priority":1.0,"tags":{},"slaveDelay":0,"votes":1}],"settings":{"chainingAllowed":true,"heartbeatIntervalMillis":2000,"heartbeatTimeoutSecs":10,"electionTimeoutMillis":10000,"catchUpTimeoutMillis":-1,"catchUpTakeoverDelayMillis":30000,"getLastErrorModes":{},"getLastErrorDefaults":{"w":1,"wtimeout":0},"replicaSetId":{"$oid":"69d1abc4741369d9420ab8b5"}}}}}&#xD;
{"t":{"$date":"2026-04-04T20:24:36.879-04:00"},"s":"I",  "c":"NETWORK",  "id":22991,   "ctx":"conn3","msg":"Skip closing connection for connection","attr":{"connectionId":3}}&#xD;
{"t":{"$date":"2026-04-04T20:24:36.879-04:00"},"s":"I",  "c":"NETWORK",  "id":22991,   "ctx":"conn3","msg":"Skip closing connection for connection","attr":{"connectionId":2}}&#xD;
{"t":{"$date":"2026-04-04T20:24:36.879-04:00"},"s":"I",  "c":"NETWORK",  "id":22991,   "ctx":"conn3","msg":"Skip closing connection for connection","attr":{"connectionId":1}}&#xD;
{"t":{"$date":"2026-04-04T20:24:36.879-04:00"},"s":"I",  "c":"REPL",     "id":21393,   "ctx":"conn3","msg":"Found self in config","attr":{"hostAndPort":"127.0.0.1:27020"}}&#xD;
{"t":{"$date":"2026-04-04T20:24:36.879-04:00"},"s":"I",  "c":"REPL",     "id":21358,   "ctx":"conn3","msg":"Replica set state transition","attr":{"newState":"STARTUP2","oldState":"STARTUP"}}&#xD;
{"t":{"$date":"2026-04-04T20:24:36.879-04:00"},"s":"I",  "c":"REPL",     "id":21306,   "ctx":"conn3","msg":"Starting replication storage threads"}&#xD;
{"t":{"$date":"2026-04-04T20:24:36.879-04:00"},"s":"I",  "c":"REPL",     "id":21392,   "ctx":"conn3","msg":"New replica set config in use","attr":{"config":{"_id":"singleNodeReplSet","version":1,"term":0,"protocolVersion":1,"writeConcernMajorityJournalDefault":true,"members":[{"_id":0,"host":"127.0.0.1:27019","arbiterOnly":false,"buildIndexes":true,"hidden":false,"priority":1.0,"tags":{},"slaveDelay":0,"votes":1}],"settings":{"chainingAllowed":true,"heartbeatIntervalMillis":2000,"heartbeatTimeoutSecs":10,"electionTimeoutMillis":10000,"catchUpTimeoutMillis":-1,"catchUpTakeoverDelayMillis":30000,"getLastErrorModes":{},"getLastErrorDefaults":{"w":1,"wtimeout":0},"replicaSetId":{"$oid":"69d1abc4d808d6de3d4b53e4"}}}}}&#xD;
{"t":{"$date":"2026-04-04T20:24:36.879-04:00"},"s":"I",  "c":"REPL",     "id":21393,   "ctx":"conn3","msg":"Found self in config","attr":{"hostAndPort":"127.0.0.1:27019"}}&#xD;
{"t":{"$date":"2026-04-04T20:24:36.879-04:00"},"s":"I",  "c":"REPL",     "id":21358,   "ctx":"conn3","msg":"Replica set state transition","attr":{"newState":"STARTUP2","oldState":"STARTUP"}}&#xD;
{"t":{"$date":"2026-04-04T20:24:36.880-04:00"},"s":"I",  "c":"REPL",     "id":21306,   "ctx":"conn3","msg":"Starting replication storage threads"}&#xD;
{"t":{"$date":"2026-04-04T20:24:36.880-04:00"},"s":"I",  "c":"INDEX",    "id":20345,   "ctx":"conn3","msg":"Index build: done building","attr":{"buildUUID":null,"namespace":"admin.system.version","index":"_id_","commitTimestamp":{"$timestamp":{"t":1775348676,"i":1}}}}&#xD;
{"t":{"$date":"2026-04-04T20:24:36.880-04:00"},"s":"I",  "c":"COMMAND",  "id":20459,   "ctx":"conn3","msg":"Setting featureCompatibilityVersion","attr":{"newVersion":"4.4"}}&#xD;
{"t":{"$date":"2026-04-04T20:24:36.880-04:00"},"s":"I",  "c":"NETWORK",  "id":22991,   "ctx":"conn3","msg":"Skip closing connection for connection","attr":{"connectionId":3}}&#xD;
{"t":{"$date":"2026-04-04T20:24:36.880-04:00"},"s":"I",  "c":"NETWORK",  "id":22991,   "ctx":"conn3","msg":"Skip closing connection for connection","attr":{"connectionId":2}}&#xD;
{"t":{"$date":"2026-04-04T20:24:36.880-04:00"},"s":"I",  "c":"NETWORK",  "id":22991,   "ctx":"conn3","msg":"Skip closing connection for connection","attr":{"connectionId":1}}&#xD;
{"t":{"$date":"2026-04-04T20:24:36.880-04:00"},"s":"I",  "c":"REPL",     "id":21392,   "ctx":"conn3","msg":"New replica set config in use","attr":{"config":{"_id":"singleNodeReplSet","version":1,"term":0,"protocolVersion":1,"writeConcernMajorityJournalDefault":true,"members":[{"_id":0,"host":"127.0.0.1:27018","arbiterOnly":false,"buildIndexes":true,"hidden":false,"priority":1.0,"tags":{},"slaveDelay":0,"votes":1}],"settings":{"chainingAllowed":true,"heartbeatIntervalMillis":2000,"heartbeatTimeoutSecs":10,"electionTimeoutMillis":10000,"catchUpTimeoutMillis":-1,"catchUpTakeoverDelayMillis":30000,"getLastErrorModes":{},"getLastErrorDefaults":{"w":1,"wtimeout":0},"replicaSetId":{"$oid":"69d1abc4a63099b66f20fd61"}}}}}&#xD;
{"t":{"$date":"2026-04-04T20:24:36.880-04:00"},"s":"I",  "c":"REPL",     "id":21393,   "ctx":"conn3","msg":"Found self in config","attr":{"hostAndPort":"127.0.0.1:27018"}}&#xD;
{"t":{"$date":"2026-04-04T20:24:36.880-04:00"},"s":"I",  "c":"REPL",     "id":21358,   "ctx":"conn3","msg":"Replica set state transition","attr":{"newState":"STARTUP2","oldState":"STARTUP"}}&#xD;
{"t":{"$date":"2026-04-04T20:24:36.880-04:00"},"s":"I",  "c":"REPL",     "id":21306,   "ctx":"conn3","msg":"Starting replication storage threads"}&#xD;
{"t":{"$date":"2026-04-04T20:24:36.881-04:00"},"s":"I",  "c":"REPL",     "id":21358,   "ctx":"conn3","msg":"Replica set state transition","attr":{"newState":"RECOVERING","oldState":"STARTUP2"}}&#xD;
{"t":{"$date":"2026-04-04T20:24:36.881-04:00"},"s":"I",  "c":"STORAGE",  "id":20320,   "ctx":"conn3","msg":"createCollection","attr":{"namespace":"local.replset.initialSyncId","uuidDisposition":"generated","uuid":{"uuid":{"$uuid":"1b479910-98e1-4113-9772-c5d5616f2537"}},"options":{}}}&#xD;
{"t":{"$date":"2026-04-04T20:24:36.881-04:00"},"s":"I",  "c":"REPL",     "id":21358,   "ctx":"conn3","msg":"Replica set state transition","attr":{"newState":"RECOVERING","oldState":"STARTUP2"}}&#xD;
{"t":{"$date":"2026-04-04T20:24:36.881-04:00"},"s":"I",  "c":"STORAGE",  "id":20320,   "ctx":"conn3","msg":"createCollection","attr":{"namespace":"local.replset.initialSyncId","uuidDisposition":"generated","uuid":{"uuid":{"$uuid":"3c89d76e-44a8-41ae-bf81-3035f53d9317"}},"options":{}}}&#xD;
{"t":{"$date":"2026-04-04T20:24:36.881-04:00"},"s":"I",  "c":"REPL",     "id":21358,   "ctx":"conn3","msg":"Replica set state transition","attr":{"newState":"RECOVERING","oldState":"STARTUP2"}}&#xD;
{"t":{"$date":"2026-04-04T20:24:36.881-04:00"},"s":"I",  "c":"STORAGE",  "id":20320,   "ctx":"conn3","msg":"createCollection","attr":{"namespace":"local.replset.initialSyncId","uuidDisposition":"generated","uuid":{"uuid":{"$uuid":"2cf6d790-e6b7-46b1-b9e1-0a6210926951"}},"options":{}}}&#xD;
{"t":{"$date":"2026-04-04T20:24:36.889-04:00"},"s":"I",  "c":"INDEX",    "id":20345,   "ctx":"conn3","msg":"Index build: done building","attr":{"buildUUID":null,"namespace":"local.replset.initialSyncId","index":"_id_","commitTimestamp":{"$timestamp":{"t":1775348676,"i":1}}}}&#xD;
{"t":{"$date":"2026-04-04T20:24:36.889-04:00"},"s":"I",  "c":"REPL",     "id":21299,   "ctx":"conn3","msg":"Starting replication fetcher thread"}&#xD;
{"t":{"$date":"2026-04-04T20:24:36.889-04:00"},"s":"I",  "c":"REPL",     "id":21300,   "ctx":"conn3","msg":"Starting replication applier thread"}&#xD;
{"t":{"$date":"2026-04-04T20:24:36.889-04:00"},"s":"I",  "c":"REPL",     "id":21301,   "ctx":"conn3","msg":"Starting replication reporter thread"}&#xD;
{"t":{"$date":"2026-04-04T20:24:36.889-04:00"},"s":"I",  "c":"REPL",     "id":21224,   "ctx":"OplogApplier-0","msg":"Starting oplog application"}&#xD;
{"t":{"$date":"2026-04-04T20:24:36.890-04:00"},"s":"I",  "c":"REPL",     "id":21358,   "ctx":"OplogApplier-0","msg":"Replica set state transition","attr":{"newState":"SECONDARY","oldState":"RECOVERING"}}&#xD;
{"t":{"$date":"2026-04-04T20:24:36.890-04:00"},"s":"I",  "c":"INDEX",    "id":20345,   "ctx":"conn3","msg":"Index build: done building","attr":{"buildUUID":null,"namespace":"local.replset.initialSyncId","index":"_id_","commitTimestamp":{"$timestamp":{"t":1775348676,"i":1}}}}&#xD;
{"t":{"$date":"2026-04-04T20:24:36.890-04:00"},"s":"I",  "c":"REPL",     "id":21299,   "ctx":"conn3","msg":"Starting replication fetcher thread"}&#xD;
{"t":{"$date":"2026-04-04T20:24:36.890-04:00"},"s":"I",  "c":"REPL",     "id":21300,   "ctx":"conn3","msg":"Starting replication applier thread"}&#xD;
{"t":{"$date":"2026-04-04T20:24:36.890-04:00"},"s":"I",  "c":"REPL",     "id":21301,   "ctx":"conn3","msg":"Starting replication reporter thread"}&#xD;
{"t":{"$date":"2026-04-04T20:24:36.890-04:00"},"s":"I",  "c":"REPL",     "id":21224,   "ctx":"OplogApplier-0","msg":"Starting oplog application"}&#xD;
{"t":{"$date":"2026-04-04T20:24:36.890-04:00"},"s":"I",  "c":"ELECTION", "id":4615652, "ctx":"OplogApplier-0","msg":"Starting an election, since we've seen no PRIMARY in election timeout period","attr":{"electionTimeoutPeriodMillis":10000}}&#xD;
{"t":{"$date":"2026-04-04T20:24:36.890-04:00"},"s":"I",  "c":"ELECTION", "id":21438,   "ctx":"OplogApplier-0","msg":"Conducting a dry run election to see if we could be elected","attr":{"currentTerm":0}}&#xD;
{"t":{"$date":"2026-04-04T20:24:36.890-04:00"},"s":"I",  "c":"INDEX",    "id":20345,   "ctx":"conn3","msg":"Index build: done building","attr":{"buildUUID":null,"namespace":"local.replset.initialSyncId","index":"_id_","commitTimestamp":{"$timestamp":{"t":1775348676,"i":1}}}}&#xD;
{"t":{"$date":"2026-04-04T20:24:36.890-04:00"},"s":"I",  "c":"REPL",     "id":21358,   "ctx":"OplogApplier-0","msg":"Replica set state transition","attr":{"newState":"SECONDARY","oldState":"RECOVERING"}}&#xD;
{"t":{"$date":"2026-04-04T20:24:36.890-04:00"},"s":"I",  "c":"ELECTION", "id":21444,   "ctx":"ReplCoord-0","msg":"Dry election run succeeded, running for election","attr":{"newTerm":1}}&#xD;
{"t":{"$date":"2026-04-04T20:24:36.890-04:00"},"s":"I",  "c":"REPL",     "id":21299,   "ctx":"conn3","msg":"Starting replication fetcher thread"}&#xD;
{"t":{"$date":"2026-04-04T20:24:36.890-04:00"},"s":"I",  "c":"REPL",     "id":21300,   "ctx":"conn3","msg":"Starting replication applier thread"}&#xD;
{"t":{"$date":"2026-04-04T20:24:36.890-04:00"},"s":"I",  "c":"REPL",     "id":21301,   "ctx":"conn3","msg":"Starting replication reporter thread"}&#xD;
{"t":{"$date":"2026-04-04T20:24:36.891-04:00"},"s":"I",  "c":"REPL",     "id":21224,   "ctx":"OplogApplier-0","msg":"Starting oplog application"}&#xD;
{"t":{"$date":"2026-04-04T20:24:36.891-04:00"},"s":"I",  "c":"REPL",     "id":21358,   "ctx":"OplogApplier-0","msg":"Replica set state transition","attr":{"newState":"SECONDARY","oldState":"RECOVERING"}}&#xD;
{"t":{"$date":"2026-04-04T20:24:36.891-04:00"},"s":"I",  "c":"ELECTION", "id":4615652, "ctx":"OplogApplier-0","msg":"Starting an election, since we've seen no PRIMARY in election timeout period","attr":{"electionTimeoutPeriodMillis":10000}}&#xD;
{"t":{"$date":"2026-04-04T20:24:36.891-04:00"},"s":"I",  "c":"ELECTION", "id":4615652, "ctx":"OplogApplier-0","msg":"Starting an election, since we've seen no PRIMARY in election timeout period","attr":{"electionTimeoutPeriodMillis":10000}}&#xD;
{"t":{"$date":"2026-04-04T20:24:36.891-04:00"},"s":"I",  "c":"ELECTION", "id":21438,   "ctx":"OplogApplier-0","msg":"Conducting a dry run election to see if we could be elected","attr":{"currentTerm":0}}&#xD;
{"t":{"$date":"2026-04-04T20:24:36.891-04:00"},"s":"I",  "c":"ELECTION", "id":21438,   "ctx":"OplogApplier-0","msg":"Conducting a dry run election to see if we could be elected","attr":{"currentTerm":0}}&#xD;
{"t":{"$date":"2026-04-04T20:24:36.891-04:00"},"s":"I",  "c":"ELECTION", "id":21444,   "ctx":"ReplCoord-0","msg":"Dry election run succeeded, running for election","attr":{"newTerm":1}}&#xD;
{"t":{"$date":"2026-04-04T20:24:36.891-04:00"},"s":"I",  "c":"ELECTION", "id":21444,   "ctx":"ReplCoord-0","msg":"Dry election run succeeded, running for election","attr":{"newTerm":1}}&#xD;
{"t":{"$date":"2026-04-04T20:24:36.892-04:00"},"s":"I",  "c":"ELECTION", "id":21450,   "ctx":"ReplCoord-0","msg":"Election succeeded, assuming primary role","attr":{"term":1}}&#xD;
{"t":{"$date":"2026-04-04T20:24:36.892-04:00"},"s":"I",  "c":"REPL",     "id":21358,   "ctx":"ReplCoord-0","msg":"Replica set state transition","attr":{"newState":"PRIMARY","oldState":"SECONDARY"}}&#xD;
{"t":{"$date":"2026-04-04T20:24:36.892-04:00"},"s":"I",  "c":"REPL",     "id":21106,   "ctx":"ReplCoord-0","msg":"Resetting sync source to empty","attr":{"previousSyncSource":":27017"}}&#xD;
{"t":{"$date":"2026-04-04T20:24:36.892-04:00"},"s":"I",  "c":"REPL",     "id":21359,   "ctx":"ReplCoord-0","msg":"Entering primary catch-up mode"}&#xD;
{"t":{"$date":"2026-04-04T20:24:36.892-04:00"},"s":"I",  "c":"REPL",     "id":21363,   "ctx":"ReplCoord-0","msg":"Exited primary catch-up mode"}&#xD;
{"t":{"$date":"2026-04-04T20:24:36.892-04:00"},"s":"I",  "c":"REPL",     "id":21107,   "ctx":"ReplCoord-0","msg":"Stopping replication producer"}&#xD;
{"t":{"$date":"2026-04-04T20:24:36.892-04:00"},"s":"I",  "c":"REPL",     "id":21239,   "ctx":"ReplBatcher","msg":"Oplog buffer has been drained","attr":{"term":1}}&#xD;
{"t":{"$date":"2026-04-04T20:24:36.892-04:00"},"s":"I",  "c":"REPL",     "id":21343,   "ctx":"RstlKillOpThread","msg":"Starting to kill user operations"}&#xD;
{"t":{"$date":"2026-04-04T20:24:36.892-04:00"},"s":"I",  "c":"REPL",     "id":21344,   "ctx":"RstlKillOpThread","msg":"Stopped killing user operations"}&#xD;
{"t":{"$date":"2026-04-04T20:24:36.892-04:00"},"s":"I",  "c":"REPL",     "id":21340,   "ctx":"RstlKillOpThread","msg":"State transition ops metrics","attr":{"metrics":{"lastStateTransition":"stepUp","userOpsKilled":0,"userOpsRunning":1}}}&#xD;
{"t":{"$date":"2026-04-04T20:24:36.892-04:00"},"s":"I",  "c":"REPL",     "id":4508103, "ctx":"OplogApplier-0","msg":"Increment the config term via reconfig"}&#xD;
{"t":{"$date":"2026-04-04T20:24:36.892-04:00"},"s":"I",  "c":"REPL",     "id":21353,   "ctx":"OplogApplier-0","msg":"replSetReconfig config object parses ok","attr":{"numMembers":1}}&#xD;
{"t":{"$date":"2026-04-04T20:24:36.892-04:00"},"s":"I",  "c":"ELECTION", "id":21450,   "ctx":"ReplCoord-0","msg":"Election succeeded, assuming primary role","attr":{"term":1}}&#xD;
{"t":{"$date":"2026-04-04T20:24:36.892-04:00"},"s":"I",  "c":"REPL",     "id":51814,   "ctx":"OplogApplier-0","msg":"Persisting new config to disk"}&#xD;
{"t":{"$date":"2026-04-04T20:24:36.892-04:00"},"s":"I",  "c":"REPL",     "id":21358,   "ctx":"ReplCoord-0","msg":"Replica set state transition","attr":{"newState":"PRIMARY","oldState":"SECONDARY"}}&#xD;
{"t":{"$date":"2026-04-04T20:24:36.892-04:00"},"s":"I",  "c":"REPL",     "id":21106,   "ctx":"ReplCoord-0","msg":"Resetting sync source to empty","attr":{"previousSyncSource":":27017"}}&#xD;
{"t":{"$date":"2026-04-04T20:24:36.893-04:00"},"s":"I",  "c":"REPL",     "id":21359,   "ctx":"ReplCoord-0","msg":"Entering primary catch-up mode"}&#xD;
{"t":{"$date":"2026-04-04T20:24:36.893-04:00"},"s":"I",  "c":"REPL",     "id":21363,   "ctx":"ReplCoord-0","msg":"Exited primary catch-up mode"}&#xD;
{"t":{"$date":"2026-04-04T20:24:36.893-04:00"},"s":"I",  "c":"REPL",     "id":21107,   "ctx":"ReplCoord-0","msg":"Stopping replication producer"}&#xD;
{"t":{"$date":"2026-04-04T20:24:36.893-04:00"},"s":"I",  "c":"REPL",     "id":21239,   "ctx":"ReplBatcher","msg":"Oplog buffer has been drained","attr":{"term":1}}&#xD;
{"t":{"$date":"2026-04-04T20:24:36.893-04:00"},"s":"I",  "c":"ELECTION", "id":21450,   "ctx":"ReplCoord-0","msg":"Election succeeded, assuming primary role","attr":{"term":1}}&#xD;
{"t":{"$date":"2026-04-04T20:24:36.893-04:00"},"s":"I",  "c":"REPL",     "id":21358,   "ctx":"ReplCoord-0","msg":"Replica set state transition","attr":{"newState":"PRIMARY","oldState":"SECONDARY"}}&#xD;
{"t":{"$date":"2026-04-04T20:24:36.893-04:00"},"s":"I",  "c":"REPL",     "id":21106,   "ctx":"ReplCoord-0","msg":"Resetting sync source to empty","attr":{"previousSyncSource":":27017"}}&#xD;
{"t":{"$date":"2026-04-04T20:24:36.893-04:00"},"s":"I",  "c":"REPL",     "id":21359,   "ctx":"ReplCoord-0","msg":"Entering primary catch-up mode"}&#xD;
{"t":{"$date":"2026-04-04T20:24:36.893-04:00"},"s":"I",  "c":"REPL",     "id":21363,   "ctx":"ReplCoord-0","msg":"Exited primary catch-up mode"}&#xD;
{"t":{"$date":"2026-04-04T20:24:36.893-04:00"},"s":"I",  "c":"REPL",     "id":21107,   "ctx":"ReplCoord-0","msg":"Stopping replication producer"}&#xD;
{"t":{"$date":"2026-04-04T20:24:36.893-04:00"},"s":"I",  "c":"REPL",     "id":21239,   "ctx":"ReplBatcher","msg":"Oplog buffer has been drained","attr":{"term":1}}&#xD;
{"t":{"$date":"2026-04-04T20:24:36.893-04:00"},"s":"I",  "c":"REPL",     "id":21343,   "ctx":"RstlKillOpThread","msg":"Starting to kill user operations"}&#xD;
{"t":{"$date":"2026-04-04T20:24:36.893-04:00"},"s":"I",  "c":"REPL",     "id":21344,   "ctx":"RstlKillOpThread","msg":"Stopped killing user operations"}&#xD;
{"t":{"$date":"2026-04-04T20:24:36.893-04:00"},"s":"I",  "c":"REPL",     "id":21340,   "ctx":"RstlKillOpThread","msg":"State transition ops metrics","attr":{"metrics":{"lastStateTransition":"stepUp","userOpsKilled":0,"userOpsRunning":1}}}&#xD;
{"t":{"$date":"2026-04-04T20:24:36.893-04:00"},"s":"I",  "c":"REPL",     "id":4508103, "ctx":"OplogApplier-0","msg":"Increment the config term via reconfig"}&#xD;
{"t":{"$date":"2026-04-04T20:24:36.893-04:00"},"s":"I",  "c":"REPL",     "id":21353,   "ctx":"OplogApplier-0","msg":"replSetReconfig config object parses ok","attr":{"numMembers":1}}&#xD;
{"t":{"$date":"2026-04-04T20:24:36.893-04:00"},"s":"I",  "c":"REPL",     "id":21343,   "ctx":"RstlKillOpThread","msg":"Starting to kill user operations"}&#xD;
{"t":{"$date":"2026-04-04T20:24:36.893-04:00"},"s":"I",  "c":"REPL",     "id":51814,   "ctx":"OplogApplier-0","msg":"Persisting new config to disk"}&#xD;
{"t":{"$date":"2026-04-04T20:24:36.893-04:00"},"s":"I",  "c":"REPL",     "id":21344,   "ctx":"RstlKillOpThread","msg":"Stopped killing user operations"}&#xD;
{"t":{"$date":"2026-04-04T20:24:36.893-04:00"},"s":"I",  "c":"REPL",     "id":21340,   "ctx":"RstlKillOpThread","msg":"State transition ops metrics","attr":{"metrics":{"lastStateTransition":"stepUp","userOpsKilled":0,"userOpsRunning":1}}}&#xD;
{"t":{"$date":"2026-04-04T20:24:36.893-04:00"},"s":"I",  "c":"REPL",     "id":21392,   "ctx":"OplogApplier-0","msg":"New replica set config in use","attr":{"config":{"_id":"singleNodeReplSet","version":1,"term":1,"protocolVersion":1,"writeConcernMajorityJournalDefault":true,"members":[{"_id":0,"host":"127.0.0.1:27020","arbiterOnly":false,"buildIndexes":true,"hidden":false,"priority":1.0,"tags":{},"slaveDelay":0,"votes":1}],"settings":{"chainingAllowed":true,"heartbeatIntervalMillis":2000,"heartbeatTimeoutSecs":10,"electionTimeoutMillis":10000,"catchUpTimeoutMillis":-1,"catchUpTakeoverDelayMillis":30000,"getLastErrorModes":{},"getLastErrorDefaults":{"w":1,"wtimeout":0},"replicaSetId":{"$oid":"69d1abc4741369d9420ab8b5"}}}}}&#xD;
{"t":{"$date":"2026-04-04T20:24:36.893-04:00"},"s":"I",  "c":"REPL",     "id":21393,   "ctx":"OplogApplier-0","msg":"Found self in config","attr":{"hostAndPort":"127.0.0.1:27020"}}&#xD;
{"t":{"$date":"2026-04-04T20:24:36.893-04:00"},"s":"I",  "c":"REPL",     "id":4508103, "ctx":"OplogApplier-0","msg":"Increment the config term via reconfig"}&#xD;
{"t":{"$date":"2026-04-04T20:24:36.893-04:00"},"s":"I",  "c":"REPL",     "id":21353,   "ctx":"OplogApplier-0","msg":"replSetReconfig config object parses ok","attr":{"numMembers":1}}&#xD;
{"t":{"$date":"2026-04-04T20:24:36.893-04:00"},"s":"I",  "c":"REPL",     "id":51814,   "ctx":"OplogApplier-0","msg":"Persisting new config to disk"}&#xD;
{"t":{"$date":"2026-04-04T20:24:36.893-04:00"},"s":"I",  "c":"STORAGE",  "id":20320,   "ctx":"OplogApplier-0","msg":"createCollection","attr":{"namespace":"config.transactions","uuidDisposition":"generated","uuid":{"uuid":{"$uuid":"c880736e-c41f-49d8-9940-65f7c2822109"}},"options":{}}}&#xD;
{"t":{"$date":"2026-04-04T20:24:36.894-04:00"},"s":"I",  "c":"REPL",     "id":21392,   "ctx":"OplogApplier-0","msg":"New replica set config in use","attr":{"config":{"_id":"singleNodeReplSet","version":1,"term":1,"protocolVersion":1,"writeConcernMajorityJournalDefault":true,"members":[{"_id":0,"host":"127.0.0.1:27019","arbiterOnly":false,"buildIndexes":true,"hidden":false,"priority":1.0,"tags":{},"slaveDelay":0,"votes":1}],"settings":{"chainingAllowed":true,"heartbeatIntervalMillis":2000,"heartbeatTimeoutSecs":10,"electionTimeoutMillis":10000,"catchUpTimeoutMillis":-1,"catchUpTakeoverDelayMillis":30000,"getLastErrorModes":{},"getLastErrorDefaults":{"w":1,"wtimeout":0},"replicaSetId":{"$oid":"69d1abc4d808d6de3d4b53e4"}}}}}&#xD;
{"t":{"$date":"2026-04-04T20:24:36.894-04:00"},"s":"I",  "c":"REPL",     "id":21393,   "ctx":"OplogApplier-0","msg":"Found self in config","attr":{"hostAndPort":"127.0.0.1:27019"}}&#xD;
{"t":{"$date":"2026-04-04T20:24:36.894-04:00"},"s":"I",  "c":"STORAGE",  "id":20320,   "ctx":"OplogApplier-0","msg":"createCollection","attr":{"namespace":"config.transactions","uuidDisposition":"generated","uuid":{"uuid":{"$uuid":"b7cf65e3-731f-4383-86b9-38f8c927c446"}},"options":{}}}&#xD;
{"t":{"$date":"2026-04-04T20:24:36.894-04:00"},"s":"I",  "c":"REPL",     "id":21392,   "ctx":"OplogApplier-0","msg":"New replica set config in use","attr":{"config":{"_id":"singleNodeReplSet","version":1,"term":1,"protocolVersion":1,"writeConcernMajorityJournalDefault":true,"members":[{"_id":0,"host":"127.0.0.1:27018","arbiterOnly":false,"buildIndexes":true,"hidden":false,"priority":1.0,"tags":{},"slaveDelay":0,"votes":1}],"settings":{"chainingAllowed":true,"heartbeatIntervalMillis":2000,"heartbeatTimeoutSecs":10,"electionTimeoutMillis":10000,"catchUpTimeoutMillis":-1,"catchUpTakeoverDelayMillis":30000,"getLastErrorModes":{},"getLastErrorDefaults":{"w":1,"wtimeout":0},"replicaSetId":{"$oid":"69d1abc4a63099b66f20fd61"}}}}}&#xD;
{"t":{"$date":"2026-04-04T20:24:36.894-04:00"},"s":"I",  "c":"REPL",     "id":21393,   "ctx":"OplogApplier-0","msg":"Found self in config","attr":{"hostAndPort":"127.0.0.1:27018"}}&#xD;
{"t":{"$date":"2026-04-04T20:24:36.895-04:00"},"s":"I",  "c":"STORAGE",  "id":20320,   "ctx":"OplogApplier-0","msg":"createCollection","attr":{"namespace":"config.transactions","uuidDisposition":"generated","uuid":{"uuid":{"$uuid":"b3bfcd16-ab6d-4e1b-b3a7-b901b00ec83f"}},"options":{}}}&#xD;
{"t":{"$date":"2026-04-04T20:24:36.901-04:00"},"s":"I",  "c":"INDEX",    "id":20345,   "ctx":"OplogApplier-0","msg":"Index build: done building","attr":{"buildUUID":null,"namespace":"config.transactions","index":"_id_","commitTimestamp":{"$timestamp":{"t":1775348676,"i":3}}}}&#xD;
{"t":{"$date":"2026-04-04T20:24:36.902-04:00"},"s":"I",  "c":"STORAGE",  "id":20657,   "ctx":"OplogApplier-0","msg":"IndexBuildsCoordinator::onStepUp - this node is stepping up to primary"}&#xD;
{"t":{"$date":"2026-04-04T20:24:36.902-04:00"},"s":"I",  "c":"STORAGE",  "id":20320,   "ctx":"OplogApplier-0","msg":"createCollection","attr":{"namespace":"config.system.indexBuilds","uuidDisposition":"generated","uuid":{"uuid":{"$uuid":"84b47542-d65b-4669-89e5-135d35151be9"}},"options":{}}}&#xD;
{"t":{"$date":"2026-04-04T20:24:36.902-04:00"},"s":"I",  "c":"INDEX",    "id":20345,   "ctx":"OplogApplier-0","msg":"Index build: done building","attr":{"buildUUID":null,"namespace":"config.transactions","index":"_id_","commitTimestamp":{"$timestamp":{"t":1775348676,"i":3}}}}&#xD;
[...]
{"t":{"$date":"2026-04-04T20:24:37.232-04:00"},"s":"I",  "c":"INDEX",    "id":20345,   "ctx":"conn3","msg":"Index build: done building","attr":{"buildUUID":null,"namespace":"rocket_log_it_d3be46faab85495080b7308e1656ae95.users","index":"_id_","commitTimestamp":{"$timestamp":{"t":1775348677,"i":2}}}}&#xD;
{"t":{"$date":"2026-04-04T20:24:37.232-04:00"},"s":"I",  "c":"INDEX",    "id":20345,   "ctx":"conn3","msg":"Index build: done building","attr":{"buildUUID":null,"namespace":"rocket_log_it_d3be46faab85495080b7308e1656ae95.users","index":"email_1","commitTimestamp":{"$timestamp":{"t":1775348677,"i":2}}}}&#xD;
{"t":{"$date":"2026-04-04T20:24:37.245-04:00"},"s":"I",  "c":"STORAGE",  "id":20320,   "ctx":"conn3","msg":"createCollection","attr":{"namespace":"rocket_log_it_d3be46faab85495080b7308e1656ae95.rockets","uuidDisposition":"generated","uuid":{"uuid":{"$uuid":"5a2a9d0a-e697-47ea-b733-d3707641e782"}},"options":{}}}&#xD;
{"t":{"$date":"2026-04-04T20:24:37.245-04:00"},"s":"I",  "c":"STORAGE",  "id":20320,   "ctx":"conn3","msg":"createCollection","attr":{"namespace":"rocket_log_it_9fd5ea95202240a9a4a725853d37b7cf.rockets","uuidDisposition":"generated","uuid":{"uuid":{"$uuid":"eda51efe-c8ce-487f-8c8d-d67aa67a2469"}},"options":{}}}&#xD;
{"t":{"$date":"2026-04-04T20:24:37.245-04:00"},"s":"I",  "c":"STORAGE",  "id":20320,   "ctx":"conn3","msg":"createCollection","attr":{"namespace":"rocket_log_it_366fe2e001a34875be9b6a01a8c81a45.rockets","uuidDisposition":"generated","uuid":{"uuid":{"$uuid":"c25e1856-2025-42e9-b290-ffb1e7aa5635"}},"options":{}}}&#xD;
{"t":{"$date":"2026-04-04T20:24:37.259-04:00"},"s":"I",  "c":"INDEX",    "id":20345,   "ctx":"conn3","msg":"Index build: done building","attr":{"buildUUID":null,"namespace":"rocket_log_it_d3be46faab85495080b7308e1656ae95.rockets","index":"_id_","commitTimestamp":{"$timestamp":{"t":1775348677,"i":5}}}}&#xD;
{"t":{"$date":"2026-04-04T20:24:37.259-04:00"},"s":"I",  "c":"INDEX",    "id":20345,   "ctx":"conn3","msg":"Index build: done building","attr":{"buildUUID":null,"namespace":"rocket_log_it_d3be46faab85495080b7308e1656ae95.rockets","index":"manufacturer_1_sku_1","commitTimestamp":{"$timestamp":{"t":1775348677,"i":5}}}}&#xD;
{"t":{"$date":"2026-04-04T20:24:37.259-04:00"},"s":"I",  "c":"INDEX",    "id":20345,   "ctx":"conn3","msg":"Index build: done building","attr":{"buildUUID":null,"namespace":"rocket_log_it_d3be46faab85495080b7308e1656ae95.rockets","index":"manufacturer_1_name_1","commitTimestamp":{"$timestamp":{"t":1775348677,"i":5}}}}&#xD;
{"t":{"$date":"2026-04-04T20:24:37.260-04:00"},"s":"I",  "c":"INDEX",    "id":20345,   "ctx":"conn3","msg":"Index build: done building","attr":{"buildUUID":null,"namespace":"rocket_log_it_366fe2e001a34875be9b6a01a8c81a45.rockets","index":"_id_","commitTimestamp":{"$timestamp":{"t":1775348677,"i":5}}}}&#xD;
{"t":{"$date":"2026-04-04T20:24:37.260-04:00"},"s":"I",  "c":"INDEX",    "id":20345,   "ctx":"conn3","msg":"Index build: done building","attr":{"buildUUID":null,"namespace":"rocket_log_it_366fe2e001a34875be9b6a01a8c81a45.rockets","index":"manufacturer_1_sku_1","commitTimestamp":{"$timestamp":{"t":1775348677,"i":5}}}}&#xD;
{"t":{"$date":"2026-04-04T20:24:37.260-04:00"},"s":"I",  "c":"INDEX",    "id":20345,   "ctx":"conn3","msg":"Index build: done building","attr":{"buildUUID":null,"namespace":"rocket_log_it_366fe2e001a34875be9b6a01a8c81a45.rockets","index":"manufacturer_1_name_1","commitTimestamp":{"$timestamp":{"t":1775348677,"i":5}}}}&#xD;
{"t":{"$date":"2026-04-04T20:24:37.261-04:00"},"s":"I",  "c":"INDEX",    "id":20345,   "ctx":"conn3","msg":"Index build: done building","attr":{"buildUUID":null,"namespace":"rocket_log_it_9fd5ea95202240a9a4a725853d37b7cf.rockets","index":"_id_","commitTimestamp":{"$timestamp":{"t":1775348677,"i":5}}}}&#xD;
{"t":{"$date":"2026-04-04T20:24:37.261-04:00"},"s":"I",  "c":"INDEX",    "id":20345,   "ctx":"conn3","msg":"Index build: done building","attr":{"buildUUID":null,"namespace":"rocket_log_it_9fd5ea95202240a9a4a725853d37b7cf.rockets","index":"manufacturer_1_sku_1","commitTimestamp":{"$timestamp":{"t":1775348677,"i":5}}}}&#xD;
{"t":{"$date":"2026-04-04T20:24:37.261-04:00"},"s":"I",  "c":"INDEX",    "id":20345,   "ctx":"conn3","msg":"Index build: done building","attr":{"buildUUID":null,"namespace":"rocket_log_it_9fd5ea95202240a9a4a725853d37b7cf.rockets","index":"manufacturer_1_name_1","commitTimestamp":{"$timestamp":{"t":1775348677,"i":5}}}}&#xD;
{"t":{"$date":"2026-04-04T20:24:37.262-04:00"},"s":"I",  "c":"STORAGE",  "id":20320,   "ctx":"conn3","msg":"createCollection","attr":{"namespace":"rocket_log_it_366fe2e001a34875be9b6a01a8c81a45.engines","uuidDisposition":"generated","uuid":{"uuid":{"$uuid":"98b2ee5c-6b4c-4075-8851-073e1e071f3d"}},"options":{}}}&#xD;
{"t":{"$date":"2026-04-04T20:24:37.262-04:00"},"s":"I",  "c":"STORAGE",  "id":20320,   "ctx":"conn3","msg":"createCollection","attr":{"namespace":"rocket_log_it_d3be46faab85495080b7308e1656ae95.engines","uuidDisposition":"generated","uuid":{"uuid":{"$uuid":"151ac6e4-43eb-4e03-a63e-8ac202d1e4d3"}},"options":{}}}&#xD;
{"t":{"$date":"2026-04-04T20:24:37.262-04:00"},"s":"I",  "c":"STORAGE",  "id":20320,   "ctx":"conn3","msg":"createCollection","attr":{"namespace":"rocket_log_it_9fd5ea95202240a9a4a725853d37b7cf.engines","uuidDisposition":"generated","uuid":{"uuid":{"$uuid":"682204cf-7052-48ce-a9a1-ba1e4b90a8e4"}},"options":{}}}&#xD;
{"t":{"$date":"2026-04-04T20:24:37.276-04:00"},"s":"I",  "c":"INDEX",    "id":20345,   "ctx":"conn3","msg":"Index build: done building","attr":{"buildUUID":null,"namespace":"rocket_log_it_366fe2e001a34875be9b6a01a8c81a45.engines","index":"_id_","commitTimestamp":{"$timestamp":{"t":1775348677,"i":8}}}}&#xD;
{"t":{"$date":"2026-04-04T20:24:37.276-04:00"},"s":"I",  "c":"INDEX",    "id":20345,   "ctx":"conn3","msg":"Index build: done building","attr":{"buildUUID":null,"namespace":"rocket_log_it_366fe2e001a34875be9b6a01a8c81a45.engines","index":"manufacturer_1_designation_1","commitTimestamp":{"$timestamp":{"t":1775348677,"i":8}}}}&#xD;
{"t":{"$date":"2026-04-04T20:24:37.276-04:00"},"s":"I",  "c":"INDEX",    "id":20345,   "ctx":"conn3","msg":"Index build: done building","attr":{"buildUUID":null,"namespace":"rocket_log_it_366fe2e001a34875be9b6a01a8c81a45.engines","index":"impulseClass_1_designation_1","commitTimestamp":{"$timestamp":{"t":1775348677,"i":8}}}}&#xD;
{"t":{"$date":"2026-04-04T20:24:37.277-04:00"},"s":"I",  "c":"INDEX",    "id":20345,   "ctx":"conn3","msg":"Index build: done building","attr":{"buildUUID":null,"namespace":"rocket_log_it_9fd5ea95202240a9a4a725853d37b7cf.engines","index":"_id_","commitTimestamp":{"$timestamp":{"t":1775348677,"i":8}}}}&#xD;
{"t":{"$date":"2026-04-04T20:24:37.277-04:00"},"s":"I",  "c":"INDEX",    "id":20345,   "ctx":"conn3","msg":"Index build: done building","attr":{"buildUUID":null,"namespace":"rocket_log_it_9fd5ea95202240a9a4a725853d37b7cf.engines","index":"manufacturer_1_designation_1","commitTimestamp":{"$timestamp":{"t":1775348677,"i":8}}}}&#xD;
{"t":{"$date":"2026-04-04T20:24:37.277-04:00"},"s":"I",  "c":"INDEX",    "id":20345,   "ctx":"conn3","msg":"Index build: done building","attr":{"buildUUID":null,"namespace":"rocket_log_it_9fd5ea95202240a9a4a725853d37b7cf.engines","index":"impulseClass_1_designation_1","commitTimestamp":{"$timestamp":{"t":1775348677,"i":8}}}}&#xD;
{"t":{"$date":"2026-04-04T20:24:37.277-04:00"},"s":"I",  "c":"INDEX",    "id":20345,   "ctx":"conn3","msg":"Index build: done building","attr":{"buildUUID":null,"namespace":"rocket_log_it_d3be46faab85495080b7308e1656ae95.engines","index":"_id_","commitTimestamp":{"$timestamp":{"t":1775348677,"i":8}}}}&#xD;
{"t":{"$date":"2026-04-04T20:24:37.277-04:00"},"s":"I",  "c":"INDEX",    "id":20345,   "ctx":"conn3","msg":"Index build: done building","attr":{"buildUUID":null,"namespace":"rocket_log_it_d3be46faab85495080b7308e1656ae95.engines","index":"manufacturer_1_designation_1","commitTimestamp":{"$timestamp":{"t":1775348677,"i":8}}}}&#xD;
{"t":{"$date":"2026-04-04T20:24:37.277-04:00"},"s":"I",  "c":"INDEX",    "id":20345,   "ctx":"conn3","msg":"Index build: done building","attr":{"buildUUID":null,"namespace":"rocket_log_it_d3be46faab85495080b7308e1656ae95.engines","index":"impulseClass_1_designation_1","commitTimestamp":{"$timestamp":{"t":1775348677,"i":8}}}}&#xD;
{"t":{"$date":"2026-04-04T20:24:37.280-04:00"},"s":"I",  "c":"STORAGE",  "id":20320,   "ctx":"conn3","msg":"createCollection","attr":{"namespace":"rocket_log_it_d3be46faab85495080b7308e1656ae95.user_rockets","uuidDisposition":"generated","uuid":{"uuid":{"$uuid":"cbcff439-0b97-453b-a95e-597df53f5697"}},"options":{}}}&#xD;
{"t":{"$date":"2026-04-04T20:24:37.280-04:00"},"s":"I",  "c":"STORAGE",  "id":20320,   "ctx":"conn3","msg":"createCollection","attr":{"namespace":"rocket_log_it_9fd5ea95202240a9a4a725853d37b7cf.user_rockets","uuidDisposition":"generated","uuid":{"uuid":{"$uuid":"3ef0caba-57b4-4082-ba7e-8cca330552bb"}},"options":{}}}&#xD;
{"t":{"$date":"2026-04-04T20:24:37.280-04:00"},"s":"I",  "c":"STORAGE",  "id":20320,   "ctx":"conn3","msg":"createCollection","attr":{"namespace":"rocket_log_it_366fe2e001a34875be9b6a01a8c81a45.user_rockets","uuidDisposition":"generated","uuid":{"uuid":{"$uuid":"d510bbad-38ca-4e21-8732-30c6489c4de8"}},"options":{}}}&#xD;
{"t":{"$date":"2026-04-04T20:24:37.291-04:00"},"s":"I",  "c":"INDEX",    "id":20345,   "ctx":"conn3","msg":"Index build: done building","attr":{"buildUUID":null,"namespace":"rocket_log_it_366fe2e001a34875be9b6a01a8c81a45.user_rockets","index":"_id_","commitTimestamp":{"$timestamp":{"t":1775348677,"i":10}}}}&#xD;
{"t":{"$date":"2026-04-04T20:24:37.291-04:00"},"s":"I",  "c":"INDEX",    "id":20345,   "ctx":"conn3","msg":"Index build: done building","attr":{"buildUUID":null,"namespace":"rocket_log_it_366fe2e001a34875be9b6a01a8c81a45.user_rockets","index":"userId_1_rocketId_1","commitTimestamp":{"$timestamp":{"t":1775348677,"i":10}}}}&#xD;
{"t":{"$date":"2026-04-04T20:24:37.292-04:00"},"s":"I",  "c":"INDEX",    "id":20345,   "ctx":"conn3","msg":"Index build: done building","attr":{"buildUUID":null,"namespace":"rocket_log_it_d3be46faab85495080b7308e1656ae95.user_rockets","index":"_id_","commitTimestamp":{"$timestamp":{"t":1775348677,"i":10}}}}&#xD;
{"t":{"$date":"2026-04-04T20:24:37.292-04:00"},"s":"I",  "c":"INDEX",    "id":20345,   "ctx":"conn3","msg":"Index build: done building","attr":{"buildUUID":null,"namespace":"rocket_log_it_d3be46faab85495080b7308e1656ae95.user_rockets","index":"userId_1_rocketId_1","commitTimestamp":{"$timestamp":{"t":1775348677,"i":10}}}}&#xD;
{"t":{"$date":"2026-04-04T20:24:37.292-04:00"},"s":"I",  "c":"INDEX",    "id":20345,   "ctx":"conn3","msg":"Index build: done building","attr":{"buildUUID":null,"namespace":"rocket_log_it_9fd5ea95202240a9a4a725853d37b7cf.user_rockets","index":"_id_","commitTimestamp":{"$timestamp":{"t":1775348677,"i":10}}}}&#xD;
{"t":{"$date":"2026-04-04T20:24:37.292-04:00"},"s":"I",  "c":"INDEX",    "id":20345,   "ctx":"conn3","msg":"Index build: done building","attr":{"buildUUID":null,"namespace":"rocket_log_it_9fd5ea95202240a9a4a725853d37b7cf.user_rockets","index":"userId_1_rocketId_1","commitTimestamp":{"$timestamp":{"t":1775348677,"i":10}}}}&#xD;
{"t":{"$date":"2026-04-04T20:24:37.294-04:00"},"s":"I",  "c":"STORAGE",  "id":20320,   "ctx":"conn3","msg":"createCollection","attr":{"namespace":"rocket_log_it_366fe2e001a34875be9b6a01a8c81a45.user_engines","uuidDisposition":"generated","uuid":{"uuid":{"$uuid":"d28b41a3-63cd-46aa-881a-ee9efdcfda24"}},"options":{}}}&#xD;
{"t":{"$date":"2026-04-04T20:24:37.294-04:00"},"s":"I",  "c":"STORAGE",  "id":20320,   "ctx":"conn3","msg":"createCollection","attr":{"namespace":"rocket_log_it_d3be46faab85495080b7308e1656ae95.user_engines","uuidDisposition":"generated","uuid":{"uuid":{"$uuid":"ff8c8015-0640-4da7-adf4-d795a6e31285"}},"options":{}}}&#xD;
{"t":{"$date":"2026-04-04T20:24:37.294-04:00"},"s":"I",  "c":"STORAGE",  "id":20320,   "ctx":"conn3","msg":"createCollection","attr":{"namespace":"rocket_log_it_9fd5ea95202240a9a4a725853d37b7cf.user_engines","uuidDisposition":"generated","uuid":{"uuid":{"$uuid":"cc9d4ed3-8669-4e5d-aa89-44fcf776e7ae"}},"options":{}}}&#xD;
{"t":{"$date":"2026-04-04T20:24:37.305-04:00"},"s":"I",  "c":"INDEX",    "id":20345,   "ctx":"conn3","msg":"Index build: done building","attr":{"buildUUID":null,"namespace":"rocket_log_it_9fd5ea95202240a9a4a725853d37b7cf.user_engines","index":"_id_","commitTimestamp":{"$timestamp":{"t":1775348677,"i":12}}}}&#xD;
{"t":{"$date":"2026-04-04T20:24:37.305-04:00"},"s":"I",  "c":"INDEX",    "id":20345,   "ctx":"conn3","msg":"Index build: done building","attr":{"buildUUID":null,"namespace":"rocket_log_it_9fd5ea95202240a9a4a725853d37b7cf.user_engines","index":"userId_1_engineId_1","commitTimestamp":{"$timestamp":{"t":1775348677,"i":12}}}}&#xD;
{"t":{"$date":"2026-04-04T20:24:37.306-04:00"},"s":"I",  "c":"INDEX",    "id":20345,   "ctx":"conn3","msg":"Index build: done building","attr":{"buildUUID":null,"namespace":"rocket_log_it_d3be46faab85495080b7308e1656ae95.user_engines","index":"_id_","commitTimestamp":{"$timestamp":{"t":1775348677,"i":12}}}}&#xD;
{"t":{"$date":"2026-04-04T20:24:37.306-04:00"},"s":"I",  "c":"INDEX",    "id":20345,   "ctx":"conn3","msg":"Index build: done building","attr":{"buildUUID":null,"namespace":"rocket_log_it_d3be46faab85495080b7308e1656ae95.user_engines","index":"userId_1_engineId_1","commitTimestamp":{"$timestamp":{"t":1775348677,"i":12}}}}&#xD;
{"t":{"$date":"2026-04-04T20:24:37.306-04:00"},"s":"I",  "c":"INDEX",    "id":20345,   "ctx":"conn3","msg":"Index build: done building","attr":{"buildUUID":null,"namespace":"rocket_log_it_366fe2e001a34875be9b6a01a8c81a45.user_engines","index":"_id_","commitTimestamp":{"$timestamp":{"t":1775348677,"i":12}}}}&#xD;
{"t":{"$date":"2026-04-04T20:24:37.307-04:00"},"s":"I",  "c":"INDEX",    "id":20345,   "ctx":"conn3","msg":"Index build: done building","attr":{"buildUUID":null,"namespace":"rocket_log_it_366fe2e001a34875be9b6a01a8c81a45.user_engines","index":"userId_1_engineId_1","commitTimestamp":{"$timestamp":{"t":1775348677,"i":12}}}}&#xD;
info: RocketLog.Api.Seeders.MongoDataSeeder[0]&#xD;
      Catalog seeding completed. Rockets upserted: 21. Engines upserted: 19.&#xD;
info: RocketLog.Api.Seeders.MongoDataSeeder[0]&#xD;
      Catalog seeding completed. Rockets upserted: 21. Engines upserted: 19.&#xD;
info: RocketLog.Api.Seeders.MongoDataSeeder[0]&#xD;
      Catalog seeding completed. Rockets upserted: 21. Engines upserted: 19.&#xD;
dbug: Microsoft.Extensions.Hosting.Internal.Host[1]&#xD;
      Hosting starting&#xD;
dbug: Microsoft.Extensions.Hosting.Internal.Host[1]&#xD;
      Hosting starting&#xD;
dbug: Microsoft.Extensions.Hosting.Internal.Host[1]&#xD;
      Hosting starting&#xD;
info: Microsoft.Hosting.Lifetime[0]&#xD;
      Application started. Press Ctrl+C to shut down.&#xD;
info: Microsoft.Hosting.Lifetime[0]&#xD;
      Hosting environment: Development&#xD;
info: Microsoft.Hosting.Lifetime[0]&#xD;
      Content root path: C:\Users\bshar\source\vc-ai-greenfield\vscp\rocket-log\backend&#xD;
dbug: Microsoft.Extensions.Hosting.Internal.Host[2]&#xD;
      Hosting started&#xD;
info: Microsoft.Hosting.Lifetime[0]&#xD;
      Application started. Press Ctrl+C to shut down.&#xD;
info: Microsoft.Hosting.Lifetime[0]&#xD;
      Hosting environment: Development&#xD;
info: Microsoft.Hosting.Lifetime[0]&#xD;
      Content root path: C:\Users\bshar\source\vc-ai-greenfield\vscp\rocket-log\backend&#xD;
info: Microsoft.Hosting.Lifetime[0]&#xD;
      Application started. Press Ctrl+C to shut down.&#xD;
info: Microsoft.Hosting.Lifetime[0]&#xD;
      Hosting environment: Development&#xD;
info: Microsoft.Hosting.Lifetime[0]&#xD;
      Content root path: C:\Users\bshar\source\vc-ai-greenfield\vscp\rocket-log\backend&#xD;
dbug: Microsoft.Extensions.Hosting.Internal.Host[2]&#xD;
      Hosting started&#xD;
dbug: Microsoft.Extensions.Hosting.Internal.Host[2]&#xD;
      Hosting started&#xD;
warn: Microsoft.AspNetCore.HttpsPolicy.HttpsRedirectionMiddleware[3]&#xD;
      Failed to determine the https port for redirect.&#xD;
warn: Microsoft.AspNetCore.HttpsPolicy.HttpsRedirectionMiddleware[3]&#xD;
      Failed to determine the https port for redirect.&#xD;
warn: Microsoft.AspNetCore.HttpsPolicy.HttpsRedirectionMiddleware[3]&#xD;
      Failed to determine the https port for redirect.&#xD;
{"t":{"$date":"2026-04-04T20:24:37.623-04:00"},"s":"I",  "c":"STORAGE",  "id":20320,   "ctx":"conn3","msg":"createCollection","attr":{"namespace":"rocket_log_it_9fd5ea95202240a9a4a725853d37b7cf.accessories","uuidDisposition":"generated","uuid":{"uuid":{"$uuid":"6aa6a79b-e3f8-46f5-abc0-fdbfb54e27bb"}},"options":{}}}&#xD;
{"t":{"$date":"2026-04-04T20:24:37.631-04:00"},"s":"I",  "c":"INDEX",    "id":20345,   "ctx":"conn3","msg":"Index build: done building","attr":{"buildUUID":null,"namespace":"rocket_log_it_9fd5ea95202240a9a4a725853d37b7cf.accessories","index":"_id_","commitTimestamp":{"$timestamp":{"t":1775348677,"i":53}}}}&#xD;
{"t":{"$date":"2026-04-04T20:24:37.769-04:00"},"s":"I",  "c":"STORAGE",  "id":20320,   "ctx":"conn3","msg":"createCollection","attr":{"namespace":"rocket_log_it_366fe2e001a34875be9b6a01a8c81a45.launches","uuidDisposition":"generated","uuid":{"uuid":{"$uuid":"c947ee0f-3768-407e-bb7c-1ac631223c58"}},"options":{}}}&#xD;
{"t":{"$date":"2026-04-04T20:24:37.777-04:00"},"s":"I",  "c":"INDEX",    "id":20345,   "ctx":"conn3","msg":"Index build: done building","attr":{"buildUUID":null,"namespace":"rocket_log_it_366fe2e001a34875be9b6a01a8c81a45.launches","index":"_id_","commitTimestamp":{"$timestamp":{"t":1775348677,"i":54}}}}&#xD;
warn: Microsoft.AspNetCore.Routing.EndpointRoutingMiddleware[9]&#xD;
      A request body size limit could not be applied. This server does not support the IHttpMaxRequestBodySizeFeature.&#xD;
warn: Microsoft.AspNetCore.Mvc.Filters.RequestSizeLimitFilter[1]&#xD;
      A request body size limit could not be applied. This server does not support the IHttpRequestBodySizeFeature.&#xD;
warn: Microsoft.AspNetCore.Routing.EndpointRoutingMiddleware[9]&#xD;
      A request body size limit could not be applied. This server does not support the IHttpMaxRequestBodySizeFeature.&#xD;
warn: Microsoft.AspNetCore.Mvc.Filters.RequestSizeLimitFilter[1]&#xD;
      A request body size limit could not be applied. This server does not support the IHttpRequestBodySizeFeature.&#xD;
dbug: Microsoft.Extensions.Hosting.Internal.Host[3]&#xD;
      Hosting stopping&#xD;
info: Microsoft.Hosting.Lifetime[0]&#xD;
      Application is shutting down...&#xD;
dbug: Microsoft.Extensions.Hosting.Internal.Host[3]&#xD;
      Hosting stopping&#xD;
dbug: Microsoft.Extensions.Hosting.Internal.Host[4]&#xD;
      Hosting stopped&#xD;
dbug: Microsoft.Extensions.Hosting.Internal.Host[4]&#xD;
      Hosting stopped&#xD;
dbug: Microsoft.Extensions.Hosting.Internal.Host[3]&#xD;
      Hosting stopping&#xD;
info: Microsoft.Hosting.Lifetime[0]&#xD;
      Application is shutting down...&#xD;
dbug: Microsoft.Extensions.Hosting.Internal.Host[4]&#xD;
      Hosting stopped&#xD;
dbug: Microsoft.Extensions.Hosting.Internal.Host[3]&#xD;
      Hosting stopping&#xD;
dbug: Microsoft.Extensions.Hosting.Internal.Host[4]&#xD;
      Hosting stopped&#xD;
dbug: Microsoft.Extensions.Hosting.Internal.Host[3]&#xD;
      Hosting stopping&#xD;
info: Microsoft.Hosting.Lifetime[0]&#xD;
      Application is shutting down...&#xD;
dbug: Microsoft.Extensions.Hosting.Internal.Host[4]&#xD;
      Hosting stopped&#xD;
dbug: Microsoft.Extensions.Hosting.Internal.Host[3]&#xD;
      Hosting stopping&#xD;
dbug: Microsoft.Extensions.Hosting.Internal.Host[4]&#xD;
      Hosting stopped&#xD;
[xUnit.net 00:00:02.41]   Finished:    RocketLog.Api.IntegrationTests&#xD;
</StdOut>
    </Output>
  </ResultSummary>
</TestRun>