<?xml version="1.0" encoding="utf-8"?>
<TestRun id="45668f07-20d1-4be2-b02a-7d91b691fa33" name="bshar@SHARK-WS1 2026-04-05 23:13:32" runUser="SHARK-WS1\bshar" xmlns="http://microsoft.com/schemas/VisualStudio/TeamTest/2010">
  <Times creation="2026-04-05T23:13:32.3684314-04:00" queuing="2026-04-05T23:13:32.3684320-04:00" start="2026-04-05T23:13:29.9353569-04:00" finish="2026-04-05T23:13:32.7490110-04:00" />
  <TestSettings name="default" id="be8a7f3c-0f42-41e5-aaa3-0c5de688623c">
    <Deployment runDeploymentRoot="bshar_SHARK-WS1_2026-04-05_23_13_32" />
  </TestSettings>
  <Results>
    <UnitTestResult executionId="9e148696-c5a1-47bc-8d4d-3d29618de222" testId="c23a12f2-bd92-1ca2-aae3-059f7038f483" testName="RocketLog.Api.IntegrationTests.CatalogEndpointsTests.GetRockets_NormalizesInvalidPageNumberToOne" computerName="SHARK-WS1" duration="00:00:00.0040054" startTime="2026-04-05T23:13:32.2279908-04:00" endTime="2026-04-05T23:13:32.2279909-04:00" testType="13cdc9d9-ddb5-4fa4-a97d-d965ccfc6d4b" outcome="Passed" testListId="8c84fa94-04c1-424b-9868-57a2d4851a1d" relativeResultsDirectory="9e148696-c5a1-47bc-8d4d-3d29618de222" />
    <UnitTestResult executionId="2aa27c91-e5d8-4677-970a-a9a06d6d156c" testId="4816a70f-f8dd-9c9e-7224-60efe9f6b4c6" testName="RocketLog.Api.IntegrationTests.CatalogEndpointsTests.GetEngines_FiltersByImpulseClass_CaseInsensitive" computerName="SHARK-WS1" duration="00:00:00.0081870" startTime="2026-04-05T23:13:32.2235666-04:00" endTime="2026-04-05T23:13:32.2235667-04:00" testType="13cdc9d9-ddb5-4fa4-a97d-d965ccfc6d4b" outcome="Passed" testListId="8c84fa94-04c1-424b-9868-57a2d4851a1d" relativeResultsDirectory="2aa27c91-e5d8-4677-970a-a9a06d6d156c" />
    <UnitTestResult executionId="a23905f5-e470-4ca9-b8d2-2e42a98a9699" testId="aae8799d-00f6-f017-ca96-f701d93ab0e9" testName="RocketLog.Api.IntegrationTests.LaunchEndpointsTests.Launches_SupportCreateListDetailUpdatePhotoAndDelete" computerName="SHARK-WS1" duration="00:00:00.9835935" startTime="2026-04-05T23:13:32.4000873-04:00" endTime="2026-04-05T23:13:32.4000874-04:00" testType="13cdc9d9-ddb5-4fa4-a97d-d965ccfc6d4b" outcome="Passed" testListId="8c84fa94-04c1-424b-9868-57a2d4851a1d" relativeResultsDirectory="a23905f5-e470-4ca9-b8d2-2e42a98a9699" />
    <UnitTestResult executionId="8f8dae6a-a4da-46c1-a39a-ea640c640e47" testId="759bafbd-8f2d-ad16-21e8-871b5c336a3b" testName="RocketLog.Api.IntegrationTests.AdminEndpointsTests.AdminEngines_SupportsCreateUpdateDelete" computerName="SHARK-WS1" duration="00:00:00.8168522" startTime="2026-04-05T23:13:32.2333233-04:00" endTime="2026-04-05T23:13:32.2333234-04:00" testType="13cdc9d9-ddb5-4fa4-a97d-d965ccfc6d4b" outcome="Passed" testListId="8c84fa94-04c1-424b-9868-57a2d4851a1d" relativeResultsDirectory="8f8dae6a-a4da-46c1-a39a-ea640c640e47" />
    <UnitTestResult executionId="04051254-2928-422b-b8cf-70cd5f819e67" testId="08ce1e1d-0298-1c92-ded7-f6c2368f6798" testName="RocketLog.Api.IntegrationTests.AdminEndpointsTests.AdminRockets_SupportsCreateUpdateDeleteAndExport" computerName="SHARK-WS1" duration="00:00:00.0925656" startTime="2026-04-05T23:13:32.3587955-04:00" endTime="2026-04-05T23:13:32.3587957-04:00" testType="13cdc9d9-ddb5-4fa4-a97d-d965ccfc6d4b" outcome="Passed" testListId="8c84fa94-04c1-424b-9868-57a2d4851a1d" relativeResultsDirectory="04051254-2928-422b-b8cf-70cd5f819e67" />
    <UnitTestResult executionId="1219f7f0-74ee-4e64-bdc2-389f00ec9b69" testId="7e0be099-070c-ec30-36c4-033a8d351af2" testName="RocketLog.Api.IntegrationTests.InventoryEndpointsTests.MyRockets_SupportsAddUpdateUploadAndDelete" computerName="SHARK-WS1" duration="00:00:00.1053027" startTime="2026-04-05T23:13:32.3450571-04:00" endTime="2026-04-05T23:13:32.3450572-04:00" testType="13cdc9d9-ddb5-4fa4-a97d-d965ccfc6d4b" outcome="Passed" testListId="8c84fa94-04c1-424b-9868-57a2d4851a1d" relativeResultsDirectory="1219f7f0-74ee-4e64-bdc2-389f00ec9b69" />
    <UnitTestResult executionId="f83160c3-70f6-4345-9609-970c42fb1198" testId="678e0ccb-1699-bfe0-4fc6-4400c96266c9" testName="RocketLog.Api.IntegrationTests.InventoryEndpointsTests.Accessories_SupportsCreateUpdateAndDelete" computerName="SHARK-WS1" duration="00:00:00.8196806" startTime="2026-04-05T23:13:32.2390193-04:00" endTime="2026-04-05T23:13:32.2390194-04:00" testType="13cdc9d9-ddb5-4fa4-a97d-d965ccfc6d4b" outcome="Passed" testListId="8c84fa94-04c1-424b-9868-57a2d4851a1d" relativeResultsDirectory="f83160c3-70f6-4345-9609-970c42fb1198" />
    <UnitTestResult executionId="4524c537-36a6-48c8-99e1-30e94e0a03b6" testId="22cff850-716c-0e45-fd4e-d6ac26acf0ea" testName="RocketLog.Api.IntegrationTests.InventoryEndpointsTests.MyEngines_SupportsAddUpdateAndDelete" computerName="SHARK-WS1" duration="00:00:00.0770472" startTime="2026-04-05T23:13:32.4226045-04:00" endTime="2026-04-05T23:13:32.4226045-04:00" testType="13cdc9d9-ddb5-4fa4-a97d-d965ccfc6d4b" outcome="Passed" testListId="8c84fa94-04c1-424b-9868-57a2d4851a1d" relativeResultsDirectory="4524c537-36a6-48c8-99e1-30e94e0a03b6" />
    <UnitTestResult executionId="fc81e5cb-66c7-4630-9386-adca938602b3" testId="71fd2354-5e95-b28f-39cb-bfe17cb5a1c2" testName="RocketLog.Api.IntegrationTests.AdminEndpointsTests.AdminImagesUpload_ReturnsStoredPath" computerName="SHARK-WS1" duration="00:00:00.0320121" startTime="2026-04-05T23:13:32.2658159-04:00" endTime="2026-04-05T23:13:32.2658161-04:00" testType="13cdc9d9-ddb5-4fa4-a97d-d965ccfc6d4b" outcome="Passed" testListId="8c84fa94-04c1-424b-9868-57a2d4851a1d" relativeResultsDirectory="fc81e5cb-66c7-4630-9386-adca938602b3" />
    <UnitTestResult executionId="8c043504-a4fa-465f-ae93-229947b09b22" testId="6d6b2944-873d-8572-ca82-dbd870a14168" testName="RocketLog.Api.IntegrationTests.CatalogEndpointsTests.GetEngines_ClampsPageSizeToMaximum" computerName="SHARK-WS1" duration="00:00:00.7630376" startTime="2026-04-05T23:13:32.1979609-04:00" endTime="2026-04-05T23:13:32.1982434-04:00" testType="13cdc9d9-ddb5-4fa4-a97d-d965ccfc6d4b" outcome="Passed" testListId="8c84fa94-04c1-424b-9868-57a2d4851a1d" relativeResultsDirectory="8c043504-a4fa-465f-ae93-229947b09b22" />
    <UnitTestResult executionId="72b5cf2a-9677-445b-b345-00f0af0a703c" testId="23d3a922-7ec0-e141-b1b1-865ee148a56f" testName="RocketLog.Api.IntegrationTests.CatalogEndpointsTests.GetRockets_FiltersByManufacturer_AndPaginates" computerName="SHARK-WS1" duration="00:00:00.0146384" startTime="2026-04-05T23:13:32.2148240-04:00" endTime="2026-04-05T23:13:32.2148241-04:00" testType="13cdc9d9-ddb5-4fa4-a97d-d965ccfc6d4b" outcome="Passed" testListId="8c84fa94-04c1-424b-9868-57a2d4851a1d" relativeResultsDirectory="72b5cf2a-9677-445b-b345-00f0af0a703c" />
  </Results>
  <TestDefinitions>
    <UnitTest name="RocketLog.Api.IntegrationTests.AdminEndpointsTests.AdminImagesUpload_ReturnsStoredPath" storage="c:\users\bshar\source\vc-ai-greenfield\vscp\rocket-log\tests\rocketlog.api.integrationtests\bin\debug\net10.0\rocketlog.api.integrationtests.dll" id="71fd2354-5e95-b28f-39cb-bfe17cb5a1c2">
      <Execution id="fc81e5cb-66c7-4630-9386-adca938602b3" />
      <TestMethod codeBase="C:\Users\bshar\source\vc-ai-greenfield\vscp\rocket-log\tests\RocketLog.Api.IntegrationTests\bin\Debug\net10.0\RocketLog.Api.IntegrationTests.dll" adapterTypeName="executor://xunit/VsTestRunner2/netcoreapp" className="RocketLog.Api.IntegrationTests.AdminEndpointsTests" name="AdminImagesUpload_ReturnsStoredPath" />
    </UnitTest>
    <UnitTest name="RocketLog.Api.IntegrationTests.AdminEndpointsTests.AdminRockets_SupportsCreateUpdateDeleteAndExport" storage="c:\users\bshar\source\vc-ai-greenfield\vscp\rocket-log\tests\rocketlog.api.integrationtests\bin\debug\net10.0\rocketlog.api.integrationtests.dll" id="08ce1e1d-0298-1c92-ded7-f6c2368f6798">
      <Execution id="04051254-2928-422b-b8cf-70cd5f819e67" />
      <TestMethod codeBase="C:\Users\bshar\source\vc-ai-greenfield\vscp\rocket-log\tests\RocketLog.Api.IntegrationTests\bin\Debug\net10.0\RocketLog.Api.IntegrationTests.dll" adapterTypeName="executor://xunit/VsTestRunner2/netcoreapp" className="RocketLog.Api.IntegrationTests.AdminEndpointsTests" name="AdminRockets_SupportsCreateUpdateDeleteAndExport" />
    </UnitTest>
    <UnitTest name="RocketLog.Api.IntegrationTests.InventoryEndpointsTests.MyRockets_SupportsAddUpdateUploadAndDelete" storage="c:\users\bshar\source\vc-ai-greenfield\vscp\rocket-log\tests\rocketlog.api.integrationtests\bin\debug\net10.0\rocketlog.api.integrationtests.dll" id="7e0be099-070c-ec30-36c4-033a8d351af2">
      <Execution id="1219f7f0-74ee-4e64-bdc2-389f00ec9b69" />
      <TestMethod codeBase="C:\Users\bshar\source\vc-ai-greenfield\vscp\rocket-log\tests\RocketLog.Api.IntegrationTests\bin\Debug\net10.0\RocketLog.Api.IntegrationTests.dll" adapterTypeName="executor://xunit/VsTestRunner2/netcoreapp" className="RocketLog.Api.IntegrationTests.InventoryEndpointsTests" name="MyRockets_SupportsAddUpdateUploadAndDelete" />
    </UnitTest>
    <UnitTest name="RocketLog.Api.IntegrationTests.LaunchEndpointsTests.Launches_SupportCreateListDetailUpdatePhotoAndDelete" storage="c:\users\bshar\source\vc-ai-greenfield\vscp\rocket-log\tests\rocketlog.api.integrationtests\bin\debug\net10.0\rocketlog.api.integrationtests.dll" id="aae8799d-00f6-f017-ca96-f701d93ab0e9">
      <Execution id="a23905f5-e470-4ca9-b8d2-2e42a98a9699" />
      <TestMethod codeBase="C:\Users\bshar\source\vc-ai-greenfield\vscp\rocket-log\tests\RocketLog.Api.IntegrationTests\bin\Debug\net10.0\RocketLog.Api.IntegrationTests.dll" adapterTypeName="executor://xunit/VsTestRunner2/netcoreapp" className="RocketLog.Api.IntegrationTests.LaunchEndpointsTests" name="Launches_SupportCreateListDetailUpdatePhotoAndDelete" />
    </UnitTest>
    <UnitTest name="RocketLog.Api.IntegrationTests.CatalogEndpointsTests.GetRockets_NormalizesInvalidPageNumberToOne" storage="c:\users\bshar\source\vc-ai-greenfield\vscp\rocket-log\tests\rocketlog.api.integrationtests\bin\debug\net10.0\rocketlog.api.integrationtests.dll" id="c23a12f2-bd92-1ca2-aae3-059f7038f483">
      <Execution id="9e148696-c5a1-47bc-8d4d-3d29618de222" />
      <TestMethod codeBase="C:\Users\bshar\source\vc-ai-greenfield\vscp\rocket-log\tests\RocketLog.Api.IntegrationTests\bin\Debug\net10.0\RocketLog.Api.IntegrationTests.dll" adapterTypeName="executor://xunit/VsTestRunner2/netcoreapp" className="RocketLog.Api.IntegrationTests.CatalogEndpointsTests" name="GetRockets_NormalizesInvalidPageNumberToOne" />
    </UnitTest>
    <UnitTest name="RocketLog.Api.IntegrationTests.AdminEndpointsTests.AdminEngines_SupportsCreateUpdateDelete" storage="c:\users\bshar\source\vc-ai-greenfield\vscp\rocket-log\tests\rocketlog.api.integrationtests\bin\debug\net10.0\rocketlog.api.integrationtests.dll" id="759bafbd-8f2d-ad16-21e8-871b5c336a3b">
      <Execution id="8f8dae6a-a4da-46c1-a39a-ea640c640e47" />
      <TestMethod codeBase="C:\Users\bshar\source\vc-ai-greenfield\vscp\rocket-log\tests\RocketLog.Api.IntegrationTests\bin\Debug\net10.0\RocketLog.Api.IntegrationTests.dll" adapterTypeName="executor://xunit/VsTestRunner2/netcoreapp" className="RocketLog.Api.IntegrationTests.AdminEndpointsTests" name="AdminEngines_SupportsCreateUpdateDelete" />
    </UnitTest>
    <UnitTest name="RocketLog.Api.IntegrationTests.CatalogEndpointsTests.GetEngines_ClampsPageSizeToMaximum" storage="c:\users\bshar\source\vc-ai-greenfield\vscp\rocket-log\tests\rocketlog.api.integrationtests\bin\debug\net10.0\rocketlog.api.integrationtests.dll" id="6d6b2944-873d-8572-ca82-dbd870a14168">
      <Execution id="8c043504-a4fa-465f-ae93-229947b09b22" />
      <TestMethod codeBase="C:\Users\bshar\source\vc-ai-greenfield\vscp\rocket-log\tests\RocketLog.Api.IntegrationTests\bin\Debug\net10.0\RocketLog.Api.IntegrationTests.dll" adapterTypeName="executor://xunit/VsTestRunner2/netcoreapp" className="RocketLog.Api.IntegrationTests.CatalogEndpointsTests" name="GetEngines_ClampsPageSizeToMaximum" />
    </UnitTest>
    <UnitTest name="RocketLog.Api.IntegrationTests.CatalogEndpointsTests.GetEngines_FiltersByImpulseClass_CaseInsensitive" storage="c:\users\bshar\source\vc-ai-greenfield\vscp\rocket-log\tests\rocketlog.api.integrationtests\bin\debug\net10.0\rocketlog.api.integrationtests.dll" id="4816a70f-f8dd-9c9e-7224-60efe9f6b4c6">
      <Execution id="2aa27c91-e5d8-4677-970a-a9a06d6d156c" />
      <TestMethod codeBase="C:\Users\bshar\source\vc-ai-greenfield\vscp\rocket-log\tests\RocketLog.Api.IntegrationTests\bin\Debug\net10.0\RocketLog.Api.IntegrationTests.dll" adapterTypeName="executor://xunit/VsTestRunner2/netcoreapp" className="RocketLog.Api.IntegrationTests.CatalogEndpointsTests" name="GetEngines_FiltersByImpulseClass_CaseInsensitive" />
    </UnitTest>
    <UnitTest name="RocketLog.Api.IntegrationTests.CatalogEndpointsTests.GetRockets_FiltersByManufacturer_AndPaginates" storage="c:\users\bshar\source\vc-ai-greenfield\vscp\rocket-log\tests\rocketlog.api.integrationtests\bin\debug\net10.0\rocketlog.api.integrationtests.dll" id="23d3a922-7ec0-e141-b1b1-865ee148a56f">
      <Execution id="72b5cf2a-9677-445b-b345-00f0af0a703c" />
      <TestMethod codeBase="C:\Users\bshar\source\vc-ai-greenfield\vscp\rocket-log\tests\RocketLog.Api.IntegrationTests\bin\Debug\net10.0\RocketLog.Api.IntegrationTests.dll" adapterTypeName="executor://xunit/VsTestRunner2/netcoreapp" className="RocketLog.Api.IntegrationTests.CatalogEndpointsTests" name="GetRockets_FiltersByManufacturer_AndPaginates" />
    </UnitTest>
    <UnitTest name="RocketLog.Api.IntegrationTests.InventoryEndpointsTests.MyEngines_SupportsAddUpdateAndDelete" storage="c:\users\bshar\source\vc-ai-greenfield\vscp\rocket-log\tests\rocketlog.api.integrationtests\bin\debug\net10.0\rocketlog.api.integrationtests.dll" id="22cff850-716c-0e45-fd4e-d6ac26acf0ea">
      <Execution id="4524c537-36a6-48c8-99e1-30e94e0a03b6" />
      <TestMethod codeBase="C:\Users\bshar\source\vc-ai-greenfield\vscp\rocket-log\tests\RocketLog.Api.IntegrationTests\bin\Debug\net10.0\RocketLog.Api.IntegrationTests.dll" adapterTypeName="executor://xunit/VsTestRunner2/netcoreapp" className="RocketLog.Api.IntegrationTests.InventoryEndpointsTests" name="MyEngines_SupportsAddUpdateAndDelete" />
    </UnitTest>
    <UnitTest name="RocketLog.Api.IntegrationTests.InventoryEndpointsTests.Accessories_SupportsCreateUpdateAndDelete" storage="c:\users\bshar\source\vc-ai-greenfield\vscp\rocket-log\tests\rocketlog.api.integrationtests\bin\debug\net10.0\rocketlog.api.integrationtests.dll" id="678e0ccb-1699-bfe0-4fc6-4400c96266c9">
      <Execution id="f83160c3-70f6-4345-9609-970c42fb1198" />
      <TestMethod codeBase="C:\Users\bshar\source\vc-ai-greenfield\vscp\rocket-log\tests\RocketLog.Api.IntegrationTests\bin\Debug\net10.0\RocketLog.Api.IntegrationTests.dll" adapterTypeName="executor://xunit/VsTestRunner2/netcoreapp" className="RocketLog.Api.IntegrationTests.InventoryEndpointsTests" name="Accessories_SupportsCreateUpdateAndDelete" />
    </UnitTest>
  </TestDefinitions>
  <TestEntries>
    <TestEntry testId="c23a12f2-bd92-1ca2-aae3-059f7038f483" executionId="9e148696-c5a1-47bc-8d4d-3d29618de222" testListId="8c84fa94-04c1-424b-9868-57a2d4851a1d" />
    <TestEntry testId="4816a70f-f8dd-9c9e-7224-60efe9f6b4c6" executionId="2aa27c91-e5d8-4677-970a-a9a06d6d156c" testListId="8c84fa94-04c1-424b-9868-57a2d4851a1d" />
    <TestEntry testId="aae8799d-00f6-f017-ca96-f701d93ab0e9" executionId="a23905f5-e470-4ca9-b8d2-2e42a98a9699" testListId="8c84fa94-04c1-424b-9868-57a2d4851a1d" />
    <TestEntry testId="759bafbd-8f2d-ad16-21e8-871b5c336a3b" executionId="8f8dae6a-a4da-46c1-a39a-ea640c640e47" testListId="8c84fa94-04c1-424b-9868-57a2d4851a1d" />
    <TestEntry testId="08ce1e1d-0298-1c92-ded7-f6c2368f6798" executionId="04051254-2928-422b-b8cf-70cd5f819e67" testListId="8c84fa94-04c1-424b-9868-57a2d4851a1d" />
    <TestEntry testId="7e0be099-070c-ec30-36c4-033a8d351af2" executionId="1219f7f0-74ee-4e64-bdc2-389f00ec9b69" testListId="8c84fa94-04c1-424b-9868-57a2d4851a1d" />
    <TestEntry testId="678e0ccb-1699-bfe0-4fc6-4400c96266c9" executionId="f83160c3-70f6-4345-9609-970c42fb1198" testListId="8c84fa94-04c1-424b-9868-57a2d4851a1d" />
    <TestEntry testId="22cff850-716c-0e45-fd4e-d6ac26acf0ea" executionId="4524c537-36a6-48c8-99e1-30e94e0a03b6" testListId="8c84fa94-04c1-424b-9868-57a2d4851a1d" />
    <TestEntry testId="71fd2354-5e95-b28f-39cb-bfe17cb5a1c2" executionId="fc81e5cb-66c7-4630-9386-adca938602b3" testListId="8c84fa94-04c1-424b-9868-57a2d4851a1d" />
    <TestEntry testId="6d6b2944-873d-8572-ca82-dbd870a14168" executionId="8c043504-a4fa-465f-ae93-229947b09b22" testListId="8c84fa94-04c1-424b-9868-57a2d4851a1d" />
    <TestEntry testId="23d3a922-7ec0-e141-b1b1-865ee148a56f" executionId="72b5cf2a-9677-445b-b345-00f0af0a703c" testListId="8c84fa94-04c1-424b-9868-57a2d4851a1d" />
  </TestEntries>
  <TestLists>
    <TestList name="Results Not in a List" id="8c84fa94-04c1-424b-9868-57a2d4851a1d" />
    <TestList name="All Loaded Results" id="19431567-8539-422a-85d7-44ee4e166bda" />
  </TestLists>
  <ResultSummary outcome="Completed">
    <Counters total="11" executed="11" passed="11" failed="0" error="0" timeout="0" aborted="0" inconclusive="0" passedButRunAborted="0" notRunnable="0" notExecuted="0" disconnected="0" warning="0" completed="0" inProgress="0" pending="0" />
    <Output>
      <StdOut>[xUnit.net 00:00:00.00] xUnit.net VSTest Adapter v2.8.2+699d445a1a (64-bit .NET 10.0.5)&#xD;
[xUnit.net 00:00:00.07]   Discovering: RocketLog.Api.IntegrationTests&#xD;
[xUnit.net 00:00:00.11]   Discovered:  RocketLog.Api.IntegrationTests&#xD;
[xUnit.net 00:00:00.11]   Starting:    RocketLog.Api.IntegrationTests&#xD;
{"t":{"$date":"2026-04-05T23:13:30.504-04:00"},"s":"I",  "c":"CONTROL",  "id":23285,   "ctx":"main","msg":"Automatically disabling TLS 1.0, to force-enable TLS 1.0 specify --sslDisabledProtocols 'none'"}&#xD;
{"t":{"$date":"2026-04-05T23:13:30.505-04:00"},"s":"I",  "c":"CONTROL",  "id":23285,   "ctx":"main","msg":"Automatically disabling TLS 1.0, to force-enable TLS 1.0 specify --sslDisabledProtocols 'none'"}&#xD;
{"t":{"$date":"2026-04-05T23:13:30.513-04:00"},"s":"I",  "c":"CONTROL",  "id":23285,   "ctx":"main","msg":"Automatically disabling TLS 1.0, to force-enable TLS 1.0 specify --sslDisabledProtocols 'none'"}&#xD;
{"t":{"$date":"2026-04-05T23:13:30.568-04:00"},"s":"W",  "c":"ASIO",     "id":22601,   "ctx":"main","msg":"No TransportLayer configured during NetworkInterface startup"}&#xD;
{"t":{"$date":"2026-04-05T23:13:30.568-04:00"},"s":"I",  "c":"NETWORK",  "id":4648602, "ctx":"main","msg":"Implicit TCP FastOpen in use."}&#xD;
{"t":{"$date":"2026-04-05T23:13:30.568-04:00"},"s":"W",  "c":"ASIO",     "id":22601,   "ctx":"main","msg":"No TransportLayer configured during NetworkInterface startup"}&#xD;
{"t":{"$date":"2026-04-05T23:13:30.568-04:00"},"s":"W",  "c":"ASIO",     "id":22601,   "ctx":"main","msg":"No TransportLayer configured during NetworkInterface startup"}&#xD;
{"t":{"$date":"2026-04-05T23:13:30.568-04:00"},"s":"I",  "c":"CONTROL",  "id":23285,   "ctx":"main","msg":"Automatically disabling TLS 1.0, to force-enable TLS 1.0 specify --sslDisabledProtocols 'none'"}&#xD;
{"t":{"$date":"2026-04-05T23:13:30.569-04:00"},"s":"I",  "c":"NETWORK",  "id":4648602, "ctx":"main","msg":"Implicit TCP FastOpen in use."}&#xD;
{"t":{"$date":"2026-04-05T23:13:30.569-04:00"},"s":"W",  "c":"ASIO",     "id":22601,   "ctx":"main","msg":"No TransportLayer configured during NetworkInterface startup"}&#xD;
{"t":{"$date":"2026-04-05T23:13:30.570-04:00"},"s":"I",  "c":"STORAGE",  "id":4615611, "ctx":"initandlisten","msg":"MongoDB starting","attr":{"pid":44052,"port":27019,"dbPath":"C:/Users/bshar/AppData/Local/Temp/vfe0ckm4.ba218f414e44cb94e859af2_27019","architecture":"64-bit","host":"shark-ws1"}}&#xD;
{"t":{"$date":"2026-04-05T23:13:30.570-04:00"},"s":"I",  "c":"CONTROL",  "id":23398,   "ctx":"initandlisten","msg":"Target operating system minimum version","attr":{"targetMinOS":"Windows 7/Windows Server 2008 R2"}}&#xD;
{"t":{"$date":"2026-04-05T23:13:30.570-04:00"},"s":"I",  "c":"CONTROL",  "id":23403,   "ctx":"initandlisten","msg":"Build Info","attr":{"buildInfo":{"version":"4.4.4","gitVersion":"8db30a63db1a9d84bdcad0c83369623f708e0397","modules":[],"allocator":"tcmalloc","environment":{"distmod":"windows","distarch":"x86_64","target_arch":"x86_64"}}}}&#xD;
{"t":{"$date":"2026-04-05T23:13:30.570-04:00"},"s":"I",  "c":"CONTROL",  "id":51765,   "ctx":"initandlisten","msg":"Operating System","attr":{"os":{"name":"Microsoft Windows 10","version":"10.0 (build 26200)"}}}&#xD;
{"t":{"$date":"2026-04-05T23:13:30.570-04:00"},"s":"I",  "c":"STORAGE",  "id":4615611, "ctx":"initandlisten","msg":"MongoDB starting","attr":{"pid":13844,"port":27022,"dbPath":"C:/Users/bshar/AppData/Local/Temp/dhluxhuw.lqj7621bcc79f0d4fee8612_27022","architecture":"64-bit","host":"shark-ws1"}}&#xD;
{"t":{"$date":"2026-04-05T23:13:30.570-04:00"},"s":"I",  "c":"CONTROL",  "id":23398,   "ctx":"initandlisten","msg":"Target operating system minimum version","attr":{"targetMinOS":"Windows 7/Windows Server 2008 R2"}}&#xD;
{"t":{"$date":"2026-04-05T23:13:30.570-04:00"},"s":"I",  "c":"CONTROL",  "id":21951,   "ctx":"initandlisten","msg":"Options set by command line","attr":{"options":{"net":{"bindIp":"127.0.0.1","port":27019,"tls":{"mode":"disabled"}},"replication":{"replSet":"singleNodeReplSet"},"storage":{"dbPath":"C:\\Users\\bshar\\AppData\\Local\\Temp\\vfe0ckm4.ba218f414e44cb94e859af2_27019"}}}}&#xD;
{"t":{"$date":"2026-04-05T23:13:30.570-04:00"},"s":"I",  "c":"CONTROL",  "id":23403,   "ctx":"initandlisten","msg":"Build Info","attr":{"buildInfo":{"version":"4.4.4","gitVersion":"8db30a63db1a9d84bdcad0c83369623f708e0397","modules":[],"allocator":"tcmalloc","environment":{"distmod":"windows","distarch":"x86_64","target_arch":"x86_64"}}}}&#xD;
{"t":{"$date":"2026-04-05T23:13:30.570-04:00"},"s":"I",  "c":"CONTROL",  "id":51765,   "ctx":"initandlisten","msg":"Operating System","attr":{"os":{"name":"Microsoft Windows 10","version":"10.0 (build 26200)"}}}&#xD;
{"t":{"$date":"2026-04-05T23:13:30.570-04:00"},"s":"I",  "c":"CONTROL",  "id":21951,   "ctx":"initandlisten","msg":"Options set by command line","attr":{"options":{"net":{"bindIp":"127.0.0.1","port":27022,"tls":{"mode":"disabled"}},"replication":{"replSet":"singleNodeReplSet"},"storage":{"dbPath":"C:\\Users\\bshar\\AppData\\Local\\Temp\\dhluxhuw.lqj7621bcc79f0d4fee8612_27022"}}}}&#xD;
{"t":{"$date":"2026-04-05T23:13:30.571-04:00"},"s":"W",  "c":"ASIO",     "id":22601,   "ctx":"main","msg":"No TransportLayer configured during NetworkInterface startup"}&#xD;
{"t":{"$date":"2026-04-05T23:13:30.572-04:00"},"s":"I",  "c":"NETWORK",  "id":4648602, "ctx":"main","msg":"Implicit TCP FastOpen in use."}&#xD;
{"t":{"$date":"2026-04-05T23:13:30.572-04:00"},"s":"W",  "c":"ASIO",     "id":22601,   "ctx":"main","msg":"No TransportLayer configured during NetworkInterface startup"}&#xD;
{"t":{"$date":"2026-04-05T23:13:30.572-04:00"},"s":"I",  "c":"STORAGE",  "id":22315,   "ctx":"initandlisten","msg":"Opening WiredTiger","attr":{"config":"create,cache_size=15827M,session_max=33000,eviction=(threads_min=4,threads_max=4),config_base=false,statistics=(fast),log=(enabled=true,archive=true,path=journal,compressor=snappy),file_manager=(close_idle_time=100000,close_scan_interval=10,close_handle_minimum=250),statistics_log=(wait=0),verbose=[recovery_progress,checkpoint_progress,compact_progress],"}}&#xD;
{"t":{"$date":"2026-04-05T23:13:30.572-04:00"},"s":"I",  "c":"STORAGE",  "id":22315,   "ctx":"initandlisten","msg":"Opening WiredTiger","attr":{"config":"create,cache_size=15827M,session_max=33000,eviction=(threads_min=4,threads_max=4),config_base=false,statistics=(fast),log=(enabled=true,archive=true,path=journal,compressor=snappy),file_manager=(close_idle_time=100000,close_scan_interval=10,close_handle_minimum=250),statistics_log=(wait=0),verbose=[recovery_progress,checkpoint_progress,compact_progress],"}}&#xD;
{"t":{"$date":"2026-04-05T23:13:30.573-04:00"},"s":"W",  "c":"ASIO",     "id":22601,   "ctx":"main","msg":"No TransportLayer configured during NetworkInterface startup"}&#xD;
{"t":{"$date":"2026-04-05T23:13:30.573-04:00"},"s":"I",  "c":"STORAGE",  "id":4615611, "ctx":"initandlisten","msg":"MongoDB starting","attr":{"pid":1908,"port":27020,"dbPath":"C:/Users/bshar/AppData/Local/Temp/icpxlcyj.d5p038a55cb8721402daf14_27020","architecture":"64-bit","host":"shark-ws1"}}&#xD;
{"t":{"$date":"2026-04-05T23:13:30.573-04:00"},"s":"I",  "c":"CONTROL",  "id":23398,   "ctx":"initandlisten","msg":"Target operating system minimum version","attr":{"targetMinOS":"Windows 7/Windows Server 2008 R2"}}&#xD;
{"t":{"$date":"2026-04-05T23:13:30.573-04:00"},"s":"I",  "c":"CONTROL",  "id":23403,   "ctx":"initandlisten","msg":"Build Info","attr":{"buildInfo":{"version":"4.4.4","gitVersion":"8db30a63db1a9d84bdcad0c83369623f708e0397","modules":[],"allocator":"tcmalloc","environment":{"distmod":"windows","distarch":"x86_64","target_arch":"x86_64"}}}}&#xD;
{"t":{"$date":"2026-04-05T23:13:30.573-04:00"},"s":"I",  "c":"CONTROL",  "id":51765,   "ctx":"initandlisten","msg":"Operating System","attr":{"os":{"name":"Microsoft Windows 10","version":"10.0 (build 26200)"}}}&#xD;
{"t":{"$date":"2026-04-05T23:13:30.573-04:00"},"s":"I",  "c":"CONTROL",  "id":21951,   "ctx":"initandlisten","msg":"Options set by command line","attr":{"options":{"net":{"bindIp":"127.0.0.1","port":27020,"tls":{"mode":"disabled"}},"replication":{"replSet":"singleNodeReplSet"},"storage":{"dbPath":"C:\\Users\\bshar\\AppData\\Local\\Temp\\icpxlcyj.d5p038a55cb8721402daf14_27020"}}}}&#xD;
{"t":{"$date":"2026-04-05T23:13:30.573-04:00"},"s":"I",  "c":"NETWORK",  "id":4648602, "ctx":"main","msg":"Implicit TCP FastOpen in use."}&#xD;
{"t":{"$date":"2026-04-05T23:13:30.573-04:00"},"s":"W",  "c":"ASIO",     "id":22601,   "ctx":"main","msg":"No TransportLayer configured during NetworkInterface startup"}&#xD;
{"t":{"$date":"2026-04-05T23:13:30.574-04:00"},"s":"I",  "c":"STORAGE",  "id":4615611, "ctx":"initandlisten","msg":"MongoDB starting","attr":{"pid":40028,"port":27021,"dbPath":"C:/Users/bshar/AppData/Local/Temp/44hicyyv.atl5333b9114a554ce4b941_27021","architecture":"64-bit","host":"shark-ws1"}}&#xD;
{"t":{"$date":"2026-04-05T23:13:30.574-04:00"},"s":"I",  "c":"CONTROL",  "id":23398,   "ctx":"initandlisten","msg":"Target operating system minimum version","attr":{"targetMinOS":"Windows 7/Windows Server 2008 R2"}}&#xD;
{"t":{"$date":"2026-04-05T23:13:30.574-04:00"},"s":"I",  "c":"CONTROL",  "id":23403,   "ctx":"initandlisten","msg":"Build Info","attr":{"buildInfo":{"version":"4.4.4","gitVersion":"8db30a63db1a9d84bdcad0c83369623f708e0397","modules":[],"allocator":"tcmalloc","environment":{"distmod":"windows","distarch":"x86_64","target_arch":"x86_64"}}}}&#xD;
{"t":{"$date":"2026-04-05T23:13:30.574-04:00"},"s":"I",  "c":"CONTROL",  "id":51765,   "ctx":"initandlisten","msg":"Operating System","attr":{"os":{"name":"Microsoft Windows 10","version":"10.0 (build 26200)"}}}&#xD;
{"t":{"$date":"2026-04-05T23:13:30.575-04:00"},"s":"I",  "c":"CONTROL",  "id":21951,   "ctx":"initandlisten","msg":"Options set by command line","attr":{"options":{"net":{"bindIp":"127.0.0.1","port":27021,"tls":{"mode":"disabled"}},"replication":{"replSet":"singleNodeReplSet"},"storage":{"dbPath":"C:\\Users\\bshar\\AppData\\Local\\Temp\\44hicyyv.atl5333b9114a554ce4b941_27021"}}}}&#xD;
{"t":{"$date":"2026-04-05T23:13:30.575-04:00"},"s":"I",  "c":"STORAGE",  "id":22315,   "ctx":"initandlisten","msg":"Opening WiredTiger","attr":{"config":"create,cache_size=15827M,session_max=33000,eviction=(threads_min=4,threads_max=4),config_base=false,statistics=(fast),log=(enabled=true,archive=true,path=journal,compressor=snappy),file_manager=(close_idle_time=100000,close_scan_interval=10,close_handle_minimum=250),statistics_log=(wait=0),verbose=[recovery_progress,checkpoint_progress,compact_progress],"}}&#xD;
{"t":{"$date":"2026-04-05T23:13:30.576-04:00"},"s":"I",  "c":"STORAGE",  "id":22315,   "ctx":"initandlisten","msg":"Opening WiredTiger","attr":{"config":"create,cache_size=15827M,session_max=33000,eviction=(threads_min=4,threads_max=4),config_base=false,statistics=(fast),log=(enabled=true,archive=true,path=journal,compressor=snappy),file_manager=(close_idle_time=100000,close_scan_interval=10,close_handle_minimum=250),statistics_log=(wait=0),verbose=[recovery_progress,checkpoint_progress,compact_progress],"}}&#xD;
{"t":{"$date":"2026-04-05T23:13:30.627-04:00"},"s":"I",  "c":"STORAGE",  "id":22430,   "ctx":"initandlisten","msg":"WiredTiger message","attr":{"message":"[1775445210:627383][44052:140723682969120], txn-recover: [WT_VERB_RECOVERY | WT_VERB_RECOVERY_PROGRESS] Set global recovery timestamp: (0, 0)"}}&#xD;
{"t":{"$date":"2026-04-05T23:13:30.627-04:00"},"s":"I",  "c":"STORAGE",  "id":22430,   "ctx":"initandlisten","msg":"WiredTiger message","attr":{"message":"[1775445210:627383][44052:140723682969120], txn-recover: [WT_VERB_RECOVERY | WT_VERB_RECOVERY_PROGRESS] Set global oldest timestamp: (0, 0)"}}&#xD;
{"t":{"$date":"2026-04-05T23:13:30.627-04:00"},"s":"I",  "c":"STORAGE",  "id":22430,   "ctx":"initandlisten","msg":"WiredTiger message","attr":{"message":"[1775445210:627383][1908:140723682969120], txn-recover: [WT_VERB_RECOVERY | WT_VERB_RECOVERY_PROGRESS] Set global recovery timestamp: (0, 0)"}}&#xD;
{"t":{"$date":"2026-04-05T23:13:30.627-04:00"},"s":"I",  "c":"STORAGE",  "id":22430,   "ctx":"initandlisten","msg":"WiredTiger message","attr":{"message":"[1775445210:627383][1908:140723682969120], txn-recover: [WT_VERB_RECOVERY | WT_VERB_RECOVERY_PROGRESS] Set global oldest timestamp: (0, 0)"}}&#xD;
{"t":{"$date":"2026-04-05T23:13:30.628-04:00"},"s":"I",  "c":"STORAGE",  "id":22430,   "ctx":"initandlisten","msg":"WiredTiger message","attr":{"message":"[1775445210:627383][40028:140723682969120], txn-recover: [WT_VERB_RECOVERY | WT_VERB_RECOVERY_PROGRESS] Set global recovery timestamp: (0, 0)"}}&#xD;
{"t":{"$date":"2026-04-05T23:13:30.628-04:00"},"s":"I",  "c":"STORAGE",  "id":22430,   "ctx":"initandlisten","msg":"WiredTiger message","attr":{"message":"[1775445210:627383][40028:140723682969120], txn-recover: [WT_VERB_RECOVERY | WT_VERB_RECOVERY_PROGRESS] Set global oldest timestamp: (0, 0)"}}&#xD;
{"t":{"$date":"2026-04-05T23:13:30.628-04:00"},"s":"I",  "c":"STORAGE",  "id":22430,   "ctx":"initandlisten","msg":"WiredTiger message","attr":{"message":"[1775445210:628383][13844:140723682969120], txn-recover: [WT_VERB_RECOVERY | WT_VERB_RECOVERY_PROGRESS] Set global recovery timestamp: (0, 0)"}}&#xD;
{"t":{"$date":"2026-04-05T23:13:30.628-04:00"},"s":"I",  "c":"STORAGE",  "id":22430,   "ctx":"initandlisten","msg":"WiredTiger message","attr":{"message":"[1775445210:628383][13844:140723682969120], txn-recover: [WT_VERB_RECOVERY | WT_VERB_RECOVERY_PROGRESS] Set global oldest timestamp: (0, 0)"}}&#xD;
{"t":{"$date":"2026-04-05T23:13:30.632-04:00"},"s":"I",  "c":"STORAGE",  "id":4795906, "ctx":"initandlisten","msg":"WiredTiger opened","attr":{"durationMillis":60}}&#xD;
{"t":{"$date":"2026-04-05T23:13:30.632-04:00"},"s":"I",  "c":"RECOVERY", "id":23987,   "ctx":"initandlisten","msg":"WiredTiger recoveryTimestamp","attr":{"recoveryTimestamp":{"$timestamp":{"t":0,"i":0}}}}&#xD;
{"t":{"$date":"2026-04-05T23:13:30.632-04:00"},"s":"I",  "c":"STORAGE",  "id":4795906, "ctx":"initandlisten","msg":"WiredTiger opened","attr":{"durationMillis":57}}&#xD;
{"t":{"$date":"2026-04-05T23:13:30.632-04:00"},"s":"I",  "c":"RECOVERY", "id":23987,   "ctx":"initandlisten","msg":"WiredTiger recoveryTimestamp","attr":{"recoveryTimestamp":{"$timestamp":{"t":0,"i":0}}}}&#xD;
{"t":{"$date":"2026-04-05T23:13:30.633-04:00"},"s":"I",  "c":"STORAGE",  "id":4795906, "ctx":"initandlisten","msg":"WiredTiger opened","attr":{"durationMillis":57}}&#xD;
{"t":{"$date":"2026-04-05T23:13:30.633-04:00"},"s":"I",  "c":"RECOVERY", "id":23987,   "ctx":"initandlisten","msg":"WiredTiger recoveryTimestamp","attr":{"recoveryTimestamp":{"$timestamp":{"t":0,"i":0}}}}&#xD;
{"t":{"$date":"2026-04-05T23:13:30.633-04:00"},"s":"I",  "c":"STORAGE",  "id":4795906, "ctx":"initandlisten","msg":"WiredTiger opened","attr":{"durationMillis":60}}&#xD;
{"t":{"$date":"2026-04-05T23:13:30.633-04:00"},"s":"I",  "c":"RECOVERY", "id":23987,   "ctx":"initandlisten","msg":"WiredTiger recoveryTimestamp","attr":{"recoveryTimestamp":{"$timestamp":{"t":0,"i":0}}}}&#xD;
{"t":{"$date":"2026-04-05T23:13:30.643-04:00"},"s":"I",  "c":"STORAGE",  "id":4366408, "ctx":"initandlisten","msg":"No table logging settings modifications are required for existing WiredTiger tables","attr":{"loggingEnabled":false}}&#xD;
{"t":{"$date":"2026-04-05T23:13:30.644-04:00"},"s":"I",  "c":"STORAGE",  "id":22262,   "ctx":"initandlisten","msg":"Timestamp monitor starting"}&#xD;
{"t":{"$date":"2026-04-05T23:13:30.644-04:00"},"s":"I",  "c":"STORAGE",  "id":4366408, "ctx":"initandlisten","msg":"No table logging settings modifications are required for existing WiredTiger tables","attr":{"loggingEnabled":false}}&#xD;
{"t":{"$date":"2026-04-05T23:13:30.645-04:00"},"s":"I",  "c":"STORAGE",  "id":22262,   "ctx":"initandlisten","msg":"Timestamp monitor starting"}&#xD;
{"t":{"$date":"2026-04-05T23:13:30.646-04:00"},"s":"I",  "c":"STORAGE",  "id":4366408, "ctx":"initandlisten","msg":"No table logging settings modifications are required for existing WiredTiger tables","attr":{"loggingEnabled":false}}&#xD;
{"t":{"$date":"2026-04-05T23:13:30.646-04:00"},"s":"I",  "c":"STORAGE",  "id":22262,   "ctx":"initandlisten","msg":"Timestamp monitor starting"}&#xD;
{"t":{"$date":"2026-04-05T23:13:30.647-04:00"},"s":"I",  "c":"STORAGE",  "id":4366408, "ctx":"initandlisten","msg":"No table logging settings modifications are required for existing WiredTiger tables","attr":{"loggingEnabled":false}}&#xD;
{"t":{"$date":"2026-04-05T23:13:30.647-04:00"},"s":"I",  "c":"STORAGE",  "id":22262,   "ctx":"initandlisten","msg":"Timestamp monitor starting"}&#xD;
{"t":{"$date":"2026-04-05T23:13:30.652-04:00"},"s":"W",  "c":"CONTROL",  "id":22120,   "ctx":"initandlisten","msg":"Access control is not enabled for the database. Read and write access to data and configuration is unrestricted","tags":["startupWarnings"]}&#xD;
{"t":{"$date":"2026-04-05T23:13:30.653-04:00"},"s":"W",  "c":"CONTROL",  "id":22120,   "ctx":"initandlisten","msg":"Access control is not enabled for the database. Read and write access to data and configuration is unrestricted","tags":["startupWarnings"]}&#xD;
{"t":{"$date":"2026-04-05T23:13:30.654-04:00"},"s":"I",  "c":"STORAGE",  "id":20536,   "ctx":"initandlisten","msg":"Flow Control is enabled on this deployment"}&#xD;
{"t":{"$date":"2026-04-05T23:13:30.654-04:00"},"s":"W",  "c":"CONTROL",  "id":22120,   "ctx":"initandlisten","msg":"Access control is not enabled for the database. Read and write access to data and configuration is unrestricted","tags":["startupWarnings"]}&#xD;
{"t":{"$date":"2026-04-05T23:13:30.654-04:00"},"s":"W",  "c":"CONTROL",  "id":22120,   "ctx":"initandlisten","msg":"Access control is not enabled for the database. Read and write access to data and configuration is unrestricted","tags":["startupWarnings"]}&#xD;
{"t":{"$date":"2026-04-05T23:13:30.655-04:00"},"s":"I",  "c":"STORAGE",  "id":20536,   "ctx":"initandlisten","msg":"Flow Control is enabled on this deployment"}&#xD;
{"t":{"$date":"2026-04-05T23:13:30.655-04:00"},"s":"I",  "c":"STORAGE",  "id":20536,   "ctx":"initandlisten","msg":"Flow Control is enabled on this deployment"}&#xD;
{"t":{"$date":"2026-04-05T23:13:30.656-04:00"},"s":"I",  "c":"SHARDING", "id":20997,   "ctx":"initandlisten","msg":"Refreshed RWC defaults","attr":{"newDefaults":{}}}&#xD;
{"t":{"$date":"2026-04-05T23:13:30.656-04:00"},"s":"I",  "c":"STORAGE",  "id":20536,   "ctx":"initandlisten","msg":"Flow Control is enabled on this deployment"}&#xD;
{"t":{"$date":"2026-04-05T23:13:30.656-04:00"},"s":"I",  "c":"STORAGE",  "id":20320,   "ctx":"initandlisten","msg":"createCollection","attr":{"namespace":"local.startup_log","uuidDisposition":"generated","uuid":{"uuid":{"$uuid":"02134f97-772e-4bcf-8d0c-dcb19d0f1125"}},"options":{"capped":true,"size":10485760}}}&#xD;
{"t":{"$date":"2026-04-05T23:13:30.656-04:00"},"s":"I",  "c":"SHARDING", "id":20997,   "ctx":"initandlisten","msg":"Refreshed RWC defaults","attr":{"newDefaults":{}}}&#xD;
{"t":{"$date":"2026-04-05T23:13:30.657-04:00"},"s":"I",  "c":"STORAGE",  "id":20320,   "ctx":"initandlisten","msg":"createCollection","attr":{"namespace":"local.startup_log","uuidDisposition":"generated","uuid":{"uuid":{"$uuid":"180760a7-26f9-4d3a-a40b-6913be001c1b"}},"options":{"capped":true,"size":10485760}}}&#xD;
{"t":{"$date":"2026-04-05T23:13:30.657-04:00"},"s":"I",  "c":"SHARDING", "id":20997,   "ctx":"initandlisten","msg":"Refreshed RWC defaults","attr":{"newDefaults":{}}}&#xD;
{"t":{"$date":"2026-04-05T23:13:30.657-04:00"},"s":"I",  "c":"STORAGE",  "id":20320,   "ctx":"initandlisten","msg":"createCollection","attr":{"namespace":"local.startup_log","uuidDisposition":"generated","uuid":{"uuid":{"$uuid":"129648b5-ae2b-4af0-9885-fe73270c2dae"}},"options":{"capped":true,"size":10485760}}}&#xD;
{"t":{"$date":"2026-04-05T23:13:30.657-04:00"},"s":"I",  "c":"SHARDING", "id":20997,   "ctx":"initandlisten","msg":"Refreshed RWC defaults","attr":{"newDefaults":{}}}&#xD;
{"t":{"$date":"2026-04-05T23:13:30.657-04:00"},"s":"I",  "c":"STORAGE",  "id":20320,   "ctx":"initandlisten","msg":"createCollection","attr":{"namespace":"local.startup_log","uuidDisposition":"generated","uuid":{"uuid":{"$uuid":"94f45e2e-4edf-496d-9204-1861a20bb9c7"}},"options":{"capped":true,"size":10485760}}}&#xD;
{"t":{"$date":"2026-04-05T23:13:30.664-04:00"},"s":"I",  "c":"INDEX",    "id":20345,   "ctx":"initandlisten","msg":"Index build: done building","attr":{"buildUUID":null,"namespace":"local.startup_log","index":"_id_","commitTimestamp":{"$timestamp":{"t":0,"i":0}}}}&#xD;
{"t":{"$date":"2026-04-05T23:13:30.664-04:00"},"s":"I",  "c":"INDEX",    "id":20345,   "ctx":"initandlisten","msg":"Index build: done building","attr":{"buildUUID":null,"namespace":"local.startup_log","index":"_id_","commitTimestamp":{"$timestamp":{"t":0,"i":0}}}}&#xD;
{"t":{"$date":"2026-04-05T23:13:30.665-04:00"},"s":"I",  "c":"INDEX",    "id":20345,   "ctx":"initandlisten","msg":"Index build: done building","attr":{"buildUUID":null,"namespace":"local.startup_log","index":"_id_","commitTimestamp":{"$timestamp":{"t":0,"i":0}}}}&#xD;
{"t":{"$date":"2026-04-05T23:13:30.665-04:00"},"s":"I",  "c":"INDEX",    "id":20345,   "ctx":"initandlisten","msg":"Index build: done building","attr":{"buildUUID":null,"namespace":"local.startup_log","index":"_id_","commitTimestamp":{"$timestamp":{"t":0,"i":0}}}}&#xD;
{"t":{"$date":"2026-04-05T23:13:31.042-04:00"},"s":"I",  "c":"FTDC",     "id":20625,   "ctx":"initandlisten","msg":"Initializing full-time diagnostic data capture","attr":{"dataDirectory":"C:/Users/bshar/AppData/Local/Temp/44hicyyv.atl5333b9114a554ce4b941_27021/diagnostic.data"}}&#xD;
{"t":{"$date":"2026-04-05T23:13:31.042-04:00"},"s":"I",  "c":"FTDC",     "id":20625,   "ctx":"initandlisten","msg":"Initializing full-time diagnostic data capture","attr":{"dataDirectory":"C:/Users/bshar/AppData/Local/Temp/vfe0ckm4.ba218f414e44cb94e859af2_27019/diagnostic.data"}}&#xD;
{"t":{"$date":"2026-04-05T23:13:31.042-04:00"},"s":"I",  "c":"STORAGE",  "id":20320,   "ctx":"initandlisten","msg":"createCollection","attr":{"namespace":"local.replset.oplogTruncateAfterPoint","uuidDisposition":"generated","uuid":{"uuid":{"$uuid":"677a21cc-05ba-4839-97f9-cdffdfa419db"}},"options":{}}}&#xD;
{"t":{"$date":"2026-04-05T23:13:31.042-04:00"},"s":"I",  "c":"STORAGE",  "id":20320,   "ctx":"initandlisten","msg":"createCollection","attr":{"namespace":"local.replset.oplogTruncateAfterPoint","uuidDisposition":"generated","uuid":{"uuid":{"$uuid":"680e9c10-cec1-4414-9bb6-939af16ad79d"}},"options":{}}}&#xD;
{"t":{"$date":"2026-04-05T23:13:31.050-04:00"},"s":"I",  "c":"INDEX",    "id":20345,   "ctx":"initandlisten","msg":"Index build: done building","attr":{"buildUUID":null,"namespace":"local.replset.oplogTruncateAfterPoint","index":"_id_","commitTimestamp":{"$timestamp":{"t":0,"i":0}}}}&#xD;
{"t":{"$date":"2026-04-05T23:13:31.050-04:00"},"s":"I",  "c":"STORAGE",  "id":20320,   "ctx":"initandlisten","msg":"createCollection","attr":{"namespace":"local.replset.minvalid","uuidDisposition":"generated","uuid":{"uuid":{"$uuid":"b978e52b-4954-44fa-98cf-e35b2c8a8689"}},"options":{}}}&#xD;
{"t":{"$date":"2026-04-05T23:13:31.051-04:00"},"s":"I",  "c":"INDEX",    "id":20345,   "ctx":"initandlisten","msg":"Index build: done building","attr":{"buildUUID":null,"namespace":"local.replset.oplogTruncateAfterPoint","index":"_id_","commitTimestamp":{"$timestamp":{"t":0,"i":0}}}}&#xD;
{"t":{"$date":"2026-04-05T23:13:31.051-04:00"},"s":"I",  "c":"STORAGE",  "id":20320,   "ctx":"initandlisten","msg":"createCollection","attr":{"namespace":"local.replset.minvalid","uuidDisposition":"generated","uuid":{"uuid":{"$uuid":"75dead12-f99a-40bf-942d-3a86def70962"}},"options":{}}}&#xD;
{"t":{"$date":"2026-04-05T23:13:31.057-04:00"},"s":"I",  "c":"INDEX",    "id":20345,   "ctx":"initandlisten","msg":"Index build: done building","attr":{"buildUUID":null,"namespace":"local.replset.minvalid","index":"_id_","commitTimestamp":{"$timestamp":{"t":0,"i":0}}}}&#xD;
{"t":{"$date":"2026-04-05T23:13:31.058-04:00"},"s":"I",  "c":"STORAGE",  "id":20320,   "ctx":"initandlisten","msg":"createCollection","attr":{"namespace":"local.replset.election","uuidDisposition":"generated","uuid":{"uuid":{"$uuid":"9cb474b6-e74d-4c87-937d-69b551abf1c7"}},"options":{}}}&#xD;
{"t":{"$date":"2026-04-05T23:13:31.058-04:00"},"s":"I",  "c":"INDEX",    "id":20345,   "ctx":"initandlisten","msg":"Index build: done building","attr":{"buildUUID":null,"namespace":"local.replset.minvalid","index":"_id_","commitTimestamp":{"$timestamp":{"t":0,"i":0}}}}&#xD;
{"t":{"$date":"2026-04-05T23:13:31.058-04:00"},"s":"I",  "c":"STORAGE",  "id":20320,   "ctx":"initandlisten","msg":"createCollection","attr":{"namespace":"local.replset.election","uuidDisposition":"generated","uuid":{"uuid":{"$uuid":"e705aa21-a99d-4a25-9244-019c223775eb"}},"options":{}}}&#xD;
{"t":{"$date":"2026-04-05T23:13:31.065-04:00"},"s":"I",  "c":"INDEX",    "id":20345,   "ctx":"initandlisten","msg":"Index build: done building","attr":{"buildUUID":null,"namespace":"local.replset.election","index":"_id_","commitTimestamp":{"$timestamp":{"t":0,"i":0}}}}&#xD;
{"t":{"$date":"2026-04-05T23:13:31.065-04:00"},"s":"I",  "c":"REPL",     "id":21311,   "ctx":"initandlisten","msg":"Did not find local initialized voted for document at startup"}&#xD;
{"t":{"$date":"2026-04-05T23:13:31.065-04:00"},"s":"I",  "c":"REPL",     "id":21312,   "ctx":"initandlisten","msg":"Did not find local Rollback ID document at startup. Creating one"}&#xD;
{"t":{"$date":"2026-04-05T23:13:31.065-04:00"},"s":"I",  "c":"STORAGE",  "id":20320,   "ctx":"initandlisten","msg":"createCollection","attr":{"namespace":"local.system.rollback.id","uuidDisposition":"generated","uuid":{"uuid":{"$uuid":"99232994-5ffe-4a6b-bf6f-3b28a20f3e94"}},"options":{}}}&#xD;
{"t":{"$date":"2026-04-05T23:13:31.066-04:00"},"s":"I",  "c":"INDEX",    "id":20345,   "ctx":"initandlisten","msg":"Index build: done building","attr":{"buildUUID":null,"namespace":"local.replset.election","index":"_id_","commitTimestamp":{"$timestamp":{"t":0,"i":0}}}}&#xD;
{"t":{"$date":"2026-04-05T23:13:31.066-04:00"},"s":"I",  "c":"REPL",     "id":21311,   "ctx":"initandlisten","msg":"Did not find local initialized voted for document at startup"}&#xD;
{"t":{"$date":"2026-04-05T23:13:31.066-04:00"},"s":"I",  "c":"REPL",     "id":21312,   "ctx":"initandlisten","msg":"Did not find local Rollback ID document at startup. Creating one"}&#xD;
{"t":{"$date":"2026-04-05T23:13:31.066-04:00"},"s":"I",  "c":"STORAGE",  "id":20320,   "ctx":"initandlisten","msg":"createCollection","attr":{"namespace":"local.system.rollback.id","uuidDisposition":"generated","uuid":{"uuid":{"$uuid":"42c59c1d-c6b9-4443-80d6-a486b85f4f35"}},"options":{}}}&#xD;
{"t":{"$date":"2026-04-05T23:13:31.069-04:00"},"s":"I",  "c":"FTDC",     "id":20625,   "ctx":"initandlisten","msg":"Initializing full-time diagnostic data capture","attr":{"dataDirectory":"C:/Users/bshar/AppData/Local/Temp/dhluxhuw.lqj7621bcc79f0d4fee8612_27022/diagnostic.data"}}&#xD;
{"t":{"$date":"2026-04-05T23:13:31.069-04:00"},"s":"I",  "c":"STORAGE",  "id":20320,   "ctx":"initandlisten","msg":"createCollection","attr":{"namespace":"local.replset.oplogTruncateAfterPoint","uuidDisposition":"generated","uuid":{"uuid":{"$uuid":"bde876c4-87ad-48fe-a1fd-13c3b6894a76"}},"options":{}}}&#xD;
{"t":{"$date":"2026-04-05T23:13:31.072-04:00"},"s":"I",  "c":"FTDC",     "id":20625,   "ctx":"initandlisten","msg":"Initializing full-time diagnostic data capture","attr":{"dataDirectory":"C:/Users/bshar/AppData/Local/Temp/icpxlcyj.d5p038a55cb8721402daf14_27020/diagnostic.data"}}&#xD;
{"t":{"$date":"2026-04-05T23:13:31.072-04:00"},"s":"I",  "c":"INDEX",    "id":20345,   "ctx":"initandlisten","msg":"Index build: done building","attr":{"buildUUID":null,"namespace":"local.system.rollback.id","index":"_id_","commitTimestamp":{"$timestamp":{"t":0,"i":0}}}}&#xD;
{"t":{"$date":"2026-04-05T23:13:31.073-04:00"},"s":"I",  "c":"STORAGE",  "id":20320,   "ctx":"initandlisten","msg":"createCollection","attr":{"namespace":"local.replset.oplogTruncateAfterPoint","uuidDisposition":"generated","uuid":{"uuid":{"$uuid":"38f0f395-3242-4e6c-99e3-2b9c580ff8ae"}},"options":{}}}&#xD;
{"t":{"$date":"2026-04-05T23:13:31.073-04:00"},"s":"I",  "c":"REPL",     "id":21531,   "ctx":"initandlisten","msg":"Initialized the rollback ID","attr":{"rbid":1}}&#xD;
{"t":{"$date":"2026-04-05T23:13:31.073-04:00"},"s":"I",  "c":"REPL",     "id":21313,   "ctx":"initandlisten","msg":"Did not find local replica set configuration document at startup","attr":{"error":{"code":47,"codeName":"NoMatchingDocument","errmsg":"Did not find replica set configuration document in local.system.replset"}}}&#xD;
{"t":{"$date":"2026-04-05T23:13:31.073-04:00"},"s":"I",  "c":"INDEX",    "id":20345,   "ctx":"initandlisten","msg":"Index build: done building","attr":{"buildUUID":null,"namespace":"local.system.rollback.id","index":"_id_","commitTimestamp":{"$timestamp":{"t":0,"i":0}}}}&#xD;
{"t":{"$date":"2026-04-05T23:13:31.073-04:00"},"s":"I",  "c":"REPL",     "id":21531,   "ctx":"initandlisten","msg":"Initialized the rollback ID","attr":{"rbid":1}}&#xD;
{"t":{"$date":"2026-04-05T23:13:31.073-04:00"},"s":"I",  "c":"REPL",     "id":21313,   "ctx":"initandlisten","msg":"Did not find local replica set configuration document at startup","attr":{"error":{"code":47,"codeName":"NoMatchingDocument","errmsg":"Did not find replica set configuration document in local.system.replset"}}}&#xD;
{"t":{"$date":"2026-04-05T23:13:31.075-04:00"},"s":"I",  "c":"CONTROL",  "id":20714,   "ctx":"LogicalSessionCacheRefresh","msg":"Failed to refresh session cache, will try again at the next refresh interval","attr":{"error":"NotYetInitialized: Replication has not yet been configured"}}&#xD;
{"t":{"$date":"2026-04-05T23:13:31.075-04:00"},"s":"I",  "c":"REPL",     "id":40440,   "ctx":"initandlisten","msg":"Starting the TopologyVersionObserver"}&#xD;
{"t":{"$date":"2026-04-05T23:13:31.075-04:00"},"s":"I",  "c":"CONTROL",  "id":20712,   "ctx":"LogicalSessionCacheReap","msg":"Sessions collection is not set up; waiting until next sessions reap interval","attr":{"error":"NamespaceNotFound: config.system.sessions does not exist"}}&#xD;
{"t":{"$date":"2026-04-05T23:13:31.075-04:00"},"s":"I",  "c":"CONTROL",  "id":20714,   "ctx":"LogicalSessionCacheRefresh","msg":"Failed to refresh session cache, will try again at the next refresh interval","attr":{"error":"NotYetInitialized: Replication has not yet been configured"}}&#xD;
{"t":{"$date":"2026-04-05T23:13:31.075-04:00"},"s":"I",  "c":"REPL",     "id":40440,   "ctx":"initandlisten","msg":"Starting the TopologyVersionObserver"}&#xD;
{"t":{"$date":"2026-04-05T23:13:31.075-04:00"},"s":"I",  "c":"CONTROL",  "id":20712,   "ctx":"LogicalSessionCacheReap","msg":"Sessions collection is not set up; waiting until next sessions reap interval","attr":{"error":"NamespaceNotFound: config.system.sessions does not exist"}}&#xD;
{"t":{"$date":"2026-04-05T23:13:31.075-04:00"},"s":"I",  "c":"REPL",     "id":40445,   "ctx":"TopologyVersionObserver","msg":"Started TopologyVersionObserver"}&#xD;
{"t":{"$date":"2026-04-05T23:13:31.076-04:00"},"s":"I",  "c":"REPL",     "id":40445,   "ctx":"TopologyVersionObserver","msg":"Started TopologyVersionObserver"}&#xD;
{"t":{"$date":"2026-04-05T23:13:31.076-04:00"},"s":"I",  "c":"NETWORK",  "id":23015,   "ctx":"listener","msg":"Listening on","attr":{"address":"127.0.0.1"}}&#xD;
{"t":{"$date":"2026-04-05T23:13:31.076-04:00"},"s":"I",  "c":"NETWORK",  "id":23016,   "ctx":"listener","msg":"Waiting for connections","attr":{"port":27019,"ssl":"off"}}&#xD;
{"t":{"$date":"2026-04-05T23:13:31.076-04:00"},"s":"I",  "c":"NETWORK",  "id":23015,   "ctx":"listener","msg":"Listening on","attr":{"address":"127.0.0.1"}}&#xD;
{"t":{"$date":"2026-04-05T23:13:31.076-04:00"},"s":"I",  "c":"NETWORK",  "id":23016,   "ctx":"listener","msg":"Waiting for connections","attr":{"port":27021,"ssl":"off"}}&#xD;
{"t":{"$date":"2026-04-05T23:13:31.077-04:00"},"s":"I",  "c":"INDEX",    "id":20345,   "ctx":"initandlisten","msg":"Index build: done building","attr":{"buildUUID":null,"namespace":"local.replset.oplogTruncateAfterPoint","index":"_id_","commitTimestamp":{"$timestamp":{"t":0,"i":0}}}}&#xD;
{"t":{"$date":"2026-04-05T23:13:31.077-04:00"},"s":"I",  "c":"STORAGE",  "id":20320,   "ctx":"initandlisten","msg":"createCollection","attr":{"namespace":"local.replset.minvalid","uuidDisposition":"generated","uuid":{"uuid":{"$uuid":"3218192d-5dd9-47f1-a784-d4f4da8d8824"}},"options":{}}}&#xD;
{"t":{"$date":"2026-04-05T23:13:31.080-04:00"},"s":"I",  "c":"INDEX",    "id":20345,   "ctx":"initandlisten","msg":"Index build: done building","attr":{"buildUUID":null,"namespace":"local.replset.oplogTruncateAfterPoint","index":"_id_","commitTimestamp":{"$timestamp":{"t":0,"i":0}}}}&#xD;
{"t":{"$date":"2026-04-05T23:13:31.080-04:00"},"s":"I",  "c":"STORAGE",  "id":20320,   "ctx":"initandlisten","msg":"createCollection","attr":{"namespace":"local.replset.minvalid","uuidDisposition":"generated","uuid":{"uuid":{"$uuid":"63a8a0ea-511c-4530-8e21-41a4f6a41d7d"}},"options":{}}}&#xD;
{"t":{"$date":"2026-04-05T23:13:31.083-04:00"},"s":"I",  "c":"INDEX",    "id":20345,   "ctx":"initandlisten","msg":"Index build: done building","attr":{"buildUUID":null,"namespace":"local.replset.minvalid","index":"_id_","commitTimestamp":{"$timestamp":{"t":0,"i":0}}}}&#xD;
{"t":{"$date":"2026-04-05T23:13:31.084-04:00"},"s":"I",  "c":"STORAGE",  "id":20320,   "ctx":"initandlisten","msg":"createCollection","attr":{"namespace":"local.replset.election","uuidDisposition":"generated","uuid":{"uuid":{"$uuid":"e9ca8607-1243-4a62-a070-9ebfcc5f7b2c"}},"options":{}}}&#xD;
{"t":{"$date":"2026-04-05T23:13:31.086-04:00"},"s":"I",  "c":"INDEX",    "id":20345,   "ctx":"initandlisten","msg":"Index build: done building","attr":{"buildUUID":null,"namespace":"local.replset.minvalid","index":"_id_","commitTimestamp":{"$timestamp":{"t":0,"i":0}}}}&#xD;
{"t":{"$date":"2026-04-05T23:13:31.086-04:00"},"s":"I",  "c":"STORAGE",  "id":20320,   "ctx":"initandlisten","msg":"createCollection","attr":{"namespace":"local.replset.election","uuidDisposition":"generated","uuid":{"uuid":{"$uuid":"678311e4-f9e5-4fff-83a8-e6d1ad78e0be"}},"options":{}}}&#xD;
{"t":{"$date":"2026-04-05T23:13:31.090-04:00"},"s":"I",  "c":"INDEX",    "id":20345,   "ctx":"initandlisten","msg":"Index build: done building","attr":{"buildUUID":null,"namespace":"local.replset.election","index":"_id_","commitTimestamp":{"$timestamp":{"t":0,"i":0}}}}&#xD;
{"t":{"$date":"2026-04-05T23:13:31.090-04:00"},"s":"I",  "c":"REPL",     "id":21311,   "ctx":"initandlisten","msg":"Did not find local initialized voted for document at startup"}&#xD;
{"t":{"$date":"2026-04-05T23:13:31.090-04:00"},"s":"I",  "c":"REPL",     "id":21312,   "ctx":"initandlisten","msg":"Did not find local Rollback ID document at startup. Creating one"}&#xD;
{"t":{"$date":"2026-04-05T23:13:31.090-04:00"},"s":"I",  "c":"STORAGE",  "id":20320,   "ctx":"initandlisten","msg":"createCollection","attr":{"namespace":"local.system.rollback.id","uuidDisposition":"generated","uuid":{"uuid":{"$uuid":"6b007846-f789-43fa-8d3c-31a768b4550d"}},"options":{}}}&#xD;
{"t":{"$date":"2026-04-05T23:13:31.093-04:00"},"s":"I",  "c":"INDEX",    "id":20345,   "ctx":"initandlisten","msg":"Index build: done building","attr":{"buildUUID":null,"namespace":"local.replset.election","index":"_id_","commitTimestamp":{"$timestamp":{"t":0,"i":0}}}}&#xD;
{"t":{"$date":"2026-04-05T23:13:31.093-04:00"},"s":"I",  "c":"REPL",     "id":21311,   "ctx":"initandlisten","msg":"Did not find local initialized voted for document at startup"}&#xD;
{"t":{"$date":"2026-04-05T23:13:31.093-04:00"},"s":"I",  "c":"REPL",     "id":21312,   "ctx":"initandlisten","msg":"Did not find local Rollback ID document at startup. Creating one"}&#xD;
{"t":{"$date":"2026-04-05T23:13:31.093-04:00"},"s":"I",  "c":"STORAGE",  "id":20320,   "ctx":"initandlisten","msg":"createCollection","attr":{"namespace":"local.system.rollback.id","uuidDisposition":"generated","uuid":{"uuid":{"$uuid":"8cb8e1e3-82a2-41c9-8b75-78072005d7c6"}},"options":{}}}&#xD;
{"t":{"$date":"2026-04-05T23:13:31.097-04:00"},"s":"I",  "c":"INDEX",    "id":20345,   "ctx":"initandlisten","msg":"Index build: done building","attr":{"buildUUID":null,"namespace":"local.system.rollback.id","index":"_id_","commitTimestamp":{"$timestamp":{"t":0,"i":0}}}}&#xD;
{"t":{"$date":"2026-04-05T23:13:31.097-04:00"},"s":"I",  "c":"REPL",     "id":21531,   "ctx":"initandlisten","msg":"Initialized the rollback ID","attr":{"rbid":1}}&#xD;
{"t":{"$date":"2026-04-05T23:13:31.097-04:00"},"s":"I",  "c":"REPL",     "id":21313,   "ctx":"initandlisten","msg":"Did not find local replica set configuration document at startup","attr":{"error":{"code":47,"codeName":"NoMatchingDocument","errmsg":"Did not find replica set configuration document in local.system.replset"}}}&#xD;
{"t":{"$date":"2026-04-05T23:13:31.098-04:00"},"s":"I",  "c":"CONTROL",  "id":20714,   "ctx":"LogicalSessionCacheRefresh","msg":"Failed to refresh session cache, will try again at the next refresh interval","attr":{"error":"NotYetInitialized: Replication has not yet been configured"}}&#xD;
{"t":{"$date":"2026-04-05T23:13:31.098-04:00"},"s":"I",  "c":"REPL",     "id":40440,   "ctx":"initandlisten","msg":"Starting the TopologyVersionObserver"}&#xD;
{"t":{"$date":"2026-04-05T23:13:31.099-04:00"},"s":"I",  "c":"CONTROL",  "id":20712,   "ctx":"LogicalSessionCacheReap","msg":"Sessions collection is not set up; waiting until next sessions reap interval","attr":{"error":"NamespaceNotFound: config.system.sessions does not exist"}}&#xD;
{"t":{"$date":"2026-04-05T23:13:31.099-04:00"},"s":"I",  "c":"REPL",     "id":40445,   "ctx":"TopologyVersionObserver","msg":"Started TopologyVersionObserver"}&#xD;
{"t":{"$date":"2026-04-05T23:13:31.099-04:00"},"s":"I",  "c":"INDEX",    "id":20345,   "ctx":"initandlisten","msg":"Index build: done building","attr":{"buildUUID":null,"namespace":"local.system.rollback.id","index":"_id_","commitTimestamp":{"$timestamp":{"t":0,"i":0}}}}&#xD;
{"t":{"$date":"2026-04-05T23:13:31.099-04:00"},"s":"I",  "c":"REPL",     "id":21531,   "ctx":"initandlisten","msg":"Initialized the rollback ID","attr":{"rbid":1}}&#xD;
{"t":{"$date":"2026-04-05T23:13:31.099-04:00"},"s":"I",  "c":"REPL",     "id":21313,   "ctx":"initandlisten","msg":"Did not find local replica set configuration document at startup","attr":{"error":{"code":47,"codeName":"NoMatchingDocument","errmsg":"Did not find replica set configuration document in local.system.replset"}}}&#xD;
{"t":{"$date":"2026-04-05T23:13:31.099-04:00"},"s":"I",  "c":"NETWORK",  "id":23015,   "ctx":"listener","msg":"Listening on","attr":{"address":"127.0.0.1"}}&#xD;
{"t":{"$date":"2026-04-05T23:13:31.099-04:00"},"s":"I",  "c":"NETWORK",  "id":23016,   "ctx":"listener","msg":"Waiting for connections","attr":{"port":27022,"ssl":"off"}}&#xD;
{"t":{"$date":"2026-04-05T23:13:31.100-04:00"},"s":"I",  "c":"CONTROL",  "id":20714,   "ctx":"LogicalSessionCacheRefresh","msg":"Failed to refresh session cache, will try again at the next refresh interval","attr":{"error":"NotYetInitialized: Replication has not yet been configured"}}&#xD;
{"t":{"$date":"2026-04-05T23:13:31.101-04:00"},"s":"I",  "c":"REPL",     "id":40440,   "ctx":"initandlisten","msg":"Starting the TopologyVersionObserver"}&#xD;
{"t":{"$date":"2026-04-05T23:13:31.101-04:00"},"s":"I",  "c":"CONTROL",  "id":20712,   "ctx":"LogicalSessionCacheReap","msg":"Sessions collection is not set up; waiting until next sessions reap interval","attr":{"error":"NamespaceNotFound: config.system.sessions does not exist"}}&#xD;
{"t":{"$date":"2026-04-05T23:13:31.101-04:00"},"s":"I",  "c":"REPL",     "id":40445,   "ctx":"TopologyVersionObserver","msg":"Started TopologyVersionObserver"}&#xD;
{"t":{"$date":"2026-04-05T23:13:31.102-04:00"},"s":"I",  "c":"NETWORK",  "id":23015,   "ctx":"listener","msg":"Listening on","attr":{"address":"127.0.0.1"}}&#xD;
{"t":{"$date":"2026-04-05T23:13:31.102-04:00"},"s":"I",  "c":"NETWORK",  "id":23016,   "ctx":"listener","msg":"Waiting for connections","attr":{"port":27020,"ssl":"off"}}&#xD;
{"t":{"$date":"2026-04-05T23:13:31.232-04:00"},"s":"I",  "c":"NETWORK",  "id":22943,   "ctx":"listener","msg":"Connection accepted","attr":{"remote":"127.0.0.1:52137","connectionId":1,"connectionCount":1}}&#xD;
{"t":{"$date":"2026-04-05T23:13:31.232-04:00"},"s":"I",  "c":"NETWORK",  "id":22943,   "ctx":"listener","msg":"Connection accepted","attr":{"remote":"127.0.0.1:52136","connectionId":1,"connectionCount":1}}&#xD;
{"t":{"$date":"2026-04-05T23:13:31.232-04:00"},"s":"I",  "c":"NETWORK",  "id":22943,   "ctx":"listener","msg":"Connection accepted","attr":{"remote":"127.0.0.1:52134","connectionId":1,"connectionCount":1}}&#xD;
{"t":{"$date":"2026-04-05T23:13:31.232-04:00"},"s":"I",  "c":"NETWORK",  "id":22943,   "ctx":"listener","msg":"Connection accepted","attr":{"remote":"127.0.0.1:52135","connectionId":1,"connectionCount":1}}&#xD;
{"t":{"$date":"2026-04-05T23:13:31.251-04:00"},"s":"I",  "c":"NETWORK",  "id":51800,   "ctx":"conn1","msg":"client metadata","attr":{"remote":"127.0.0.1:52136","client":"conn1","doc":{"driver":{"name":"mongo-csharp-driver","version":"2.30.0"},"os":{"type":"Windows","name":"Microsoft Windows 10.0.26200","architecture":"x86_64","version":"10.0.26200"},"platform":".NET 10.0.5"}}}&#xD;
{"t":{"$date":"2026-04-05T23:13:31.251-04:00"},"s":"I",  "c":"NETWORK",  "id":51800,   "ctx":"conn1","msg":"client metadata","attr":{"remote":"127.0.0.1:52137","client":"conn1","doc":{"driver":{"name":"mongo-csharp-driver","version":"2.30.0"},"os":{"type":"Windows","name":"Microsoft Windows 10.0.26200","architecture":"x86_64","version":"10.0.26200"},"platform":".NET 10.0.5"}}}&#xD;
{"t":{"$date":"2026-04-05T23:13:31.251-04:00"},"s":"I",  "c":"NETWORK",  "id":51800,   "ctx":"conn1","msg":"client metadata","attr":{"remote":"127.0.0.1:52135","client":"conn1","doc":{"driver":{"name":"mongo-csharp-driver","version":"2.30.0"},"os":{"type":"Windows","name":"Microsoft Windows 10.0.26200","architecture":"x86_64","version":"10.0.26200"},"platform":".NET 10.0.5"}}}&#xD;
{"t":{"$date":"2026-04-05T23:13:31.251-04:00"},"s":"I",  "c":"NETWORK",  "id":51800,   "ctx":"conn1","msg":"client metadata","attr":{"remote":"127.0.0.1:52134","client":"conn1","doc":{"driver":{"name":"mongo-csharp-driver","version":"2.30.0"},"os":{"type":"Windows","name":"Microsoft Windows 10.0.26200","architecture":"x86_64","version":"10.0.26200"},"platform":".NET 10.0.5"}}}&#xD;
{"t":{"$date":"2026-04-05T23:13:31.290-04:00"},"s":"I",  "c":"NETWORK",  "id":22943,   "ctx":"listener","msg":"Connection accepted","attr":{"remote":"127.0.0.1:52141","connectionId":2,"connectionCount":2}}&#xD;
{"t":{"$date":"2026-04-05T23:13:31.290-04:00"},"s":"I",  "c":"NETWORK",  "id":22943,   "ctx":"listener","msg":"Connection accepted","attr":{"remote":"127.0.0.1:52138","connectionId":2,"connectionCount":2}}&#xD;
{"t":{"$date":"2026-04-05T23:13:31.290-04:00"},"s":"I",  "c":"NETWORK",  "id":22943,   "ctx":"listener","msg":"Connection accepted","attr":{"remote":"127.0.0.1:52140","connectionId":2,"connectionCount":2}}&#xD;
{"t":{"$date":"2026-04-05T23:13:31.290-04:00"},"s":"I",  "c":"NETWORK",  "id":22943,   "ctx":"listener","msg":"Connection accepted","attr":{"remote":"127.0.0.1:52139","connectionId":2,"connectionCount":2}}&#xD;
{"t":{"$date":"2026-04-05T23:13:31.290-04:00"},"s":"I",  "c":"NETWORK",  "id":51800,   "ctx":"conn2","msg":"client metadata","attr":{"remote":"127.0.0.1:52141","client":"conn2","doc":{"driver":{"name":"mongo-csharp-driver","version":"2.30.0"},"os":{"type":"Windows","name":"Microsoft Windows 10.0.26200","architecture":"x86_64","version":"10.0.26200"},"platform":".NET 10.0.5"}}}&#xD;
{"t":{"$date":"2026-04-05T23:13:31.291-04:00"},"s":"I",  "c":"NETWORK",  "id":51800,   "ctx":"conn2","msg":"client metadata","attr":{"remote":"127.0.0.1:52140","client":"conn2","doc":{"driver":{"name":"mongo-csharp-driver","version":"2.30.0"},"os":{"type":"Windows","name":"Microsoft Windows 10.0.26200","architecture":"x86_64","version":"10.0.26200"},"platform":".NET 10.0.5"}}}&#xD;
{"t":{"$date":"2026-04-05T23:13:31.291-04:00"},"s":"I",  "c":"NETWORK",  "id":51800,   "ctx":"conn2","msg":"client metadata","attr":{"remote":"127.0.0.1:52138","client":"conn2","doc":{"driver":{"name":"mongo-csharp-driver","version":"2.30.0"},"os":{"type":"Windows","name":"Microsoft Windows 10.0.26200","architecture":"x86_64","version":"10.0.26200"},"platform":".NET 10.0.5"}}}&#xD;
{"t":{"$date":"2026-04-05T23:13:31.291-04:00"},"s":"I",  "c":"NETWORK",  "id":51800,   "ctx":"conn2","msg":"client metadata","attr":{"remote":"127.0.0.1:52139","client":"conn2","doc":{"driver":{"name":"mongo-csharp-driver","version":"2.30.0"},"os":{"type":"Windows","name":"Microsoft Windows 10.0.26200","architecture":"x86_64","version":"10.0.26200"},"platform":".NET 10.0.5"}}}&#xD;
{"t":{"$date":"2026-04-05T23:13:31.297-04:00"},"s":"I",  "c":"NETWORK",  "id":22943,   "ctx":"listener","msg":"Connection accepted","attr":{"remote":"127.0.0.1:52142","connectionId":3,"connectionCount":3}}&#xD;
{"t":{"$date":"2026-04-05T23:13:31.297-04:00"},"s":"I",  "c":"NETWORK",  "id":22943,   "ctx":"listener","msg":"Connection accepted","attr":{"remote":"127.0.0.1:52143","connectionId":3,"connectionCount":3}}&#xD;
{"t":{"$date":"2026-04-05T23:13:31.297-04:00"},"s":"I",  "c":"NETWORK",  "id":51800,   "ctx":"conn3","msg":"client metadata","attr":{"remote":"127.0.0.1:52142","client":"conn3","doc":{"driver":{"name":"mongo-csharp-driver","version":"2.30.0"},"os":{"type":"Windows","name":"Microsoft Windows 10.0.26200","architecture":"x86_64","version":"10.0.26200"},"platform":".NET 10.0.5"}}}&#xD;
{"t":{"$date":"2026-04-05T23:13:31.297-04:00"},"s":"I",  "c":"NETWORK",  "id":22943,   "ctx":"listener","msg":"Connection accepted","attr":{"remote":"127.0.0.1:52144","connectionId":3,"connectionCount":3}}&#xD;
{"t":{"$date":"2026-04-05T23:13:31.297-04:00"},"s":"I",  "c":"NETWORK",  "id":22943,   "ctx":"listener","msg":"Connection accepted","attr":{"remote":"127.0.0.1:52145","connectionId":3,"connectionCount":3}}&#xD;
{"t":{"$date":"2026-04-05T23:13:31.297-04:00"},"s":"I",  "c":"NETWORK",  "id":51800,   "ctx":"conn3","msg":"client metadata","attr":{"remote":"127.0.0.1:52143","client":"conn3","doc":{"driver":{"name":"mongo-csharp-driver","version":"2.30.0"},"os":{"type":"Windows","name":"Microsoft Windows 10.0.26200","architecture":"x86_64","version":"10.0.26200"},"platform":".NET 10.0.5"}}}&#xD;
{"t":{"$date":"2026-04-05T23:13:31.298-04:00"},"s":"I",  "c":"NETWORK",  "id":51800,   "ctx":"conn3","msg":"client metadata","attr":{"remote":"127.0.0.1:52144","client":"conn3","doc":{"driver":{"name":"mongo-csharp-driver","version":"2.30.0"},"os":{"type":"Windows","name":"Microsoft Windows 10.0.26200","architecture":"x86_64","version":"10.0.26200"},"platform":".NET 10.0.5"}}}&#xD;
{"t":{"$date":"2026-04-05T23:13:31.298-04:00"},"s":"I",  "c":"NETWORK",  "id":51800,   "ctx":"conn3","msg":"client metadata","attr":{"remote":"127.0.0.1:52145","client":"conn3","doc":{"driver":{"name":"mongo-csharp-driver","version":"2.30.0"},"os":{"type":"Windows","name":"Microsoft Windows 10.0.26200","architecture":"x86_64","version":"10.0.26200"},"platform":".NET 10.0.5"}}}&#xD;
{"t":{"$date":"2026-04-05T23:13:31.307-04:00"},"s":"I",  "c":"REPL",     "id":21356,   "ctx":"conn3","msg":"replSetInitiate admin command received from client"}&#xD;
{"t":{"$date":"2026-04-05T23:13:31.307-04:00"},"s":"I",  "c":"REPL",     "id":21356,   "ctx":"conn3","msg":"replSetInitiate admin command received from client"}&#xD;
{"t":{"$date":"2026-04-05T23:13:31.307-04:00"},"s":"I",  "c":"REPL",     "id":21356,   "ctx":"conn3","msg":"replSetInitiate admin command received from client"}&#xD;
{"t":{"$date":"2026-04-05T23:13:31.307-04:00"},"s":"I",  "c":"REPL",     "id":21356,   "ctx":"conn3","msg":"replSetInitiate admin command received from client"}&#xD;
{"t":{"$date":"2026-04-05T23:13:31.307-04:00"},"s":"I",  "c":"REPL",     "id":21357,   "ctx":"conn3","msg":"replSetInitiate config object parses ok","attr":{"numMembers":1}}&#xD;
{"t":{"$date":"2026-04-05T23:13:31.307-04:00"},"s":"I",  "c":"REPL",     "id":21357,   "ctx":"conn3","msg":"replSetInitiate config object parses ok","attr":{"numMembers":1}}&#xD;
{"t":{"$date":"2026-04-05T23:13:31.307-04:00"},"s":"I",  "c":"REPL",     "id":21357,   "ctx":"conn3","msg":"replSetInitiate config object parses ok","attr":{"numMembers":1}}&#xD;
{"t":{"$date":"2026-04-05T23:13:31.307-04:00"},"s":"I",  "c":"REPL",     "id":21357,   "ctx":"conn3","msg":"replSetInitiate config object parses ok","attr":{"numMembers":1}}&#xD;
{"t":{"$date":"2026-04-05T23:13:31.307-04:00"},"s":"I",  "c":"REPL",     "id":21251,   "ctx":"conn3","msg":"Creating replication oplog","attr":{"oplogSizeMB":19365}}&#xD;
{"t":{"$date":"2026-04-05T23:13:31.307-04:00"},"s":"I",  "c":"REPL",     "id":21251,   "ctx":"conn3","msg":"Creating replication oplog","attr":{"oplogSizeMB":19365}}&#xD;
{"t":{"$date":"2026-04-05T23:13:31.307-04:00"},"s":"I",  "c":"STORAGE",  "id":20320,   "ctx":"conn3","msg":"createCollection","attr":{"namespace":"local.oplog.rs","uuidDisposition":"generated","uuid":{"uuid":{"$uuid":"64dcd185-2471-4aa1-92b3-2417f0011312"}},"options":{"capped":true,"size":20306626355.0,"autoIndexId":false}}}&#xD;
{"t":{"$date":"2026-04-05T23:13:31.307-04:00"},"s":"I",  "c":"REPL",     "id":21251,   "ctx":"conn3","msg":"Creating replication oplog","attr":{"oplogSizeMB":19365}}&#xD;
{"t":{"$date":"2026-04-05T23:13:31.307-04:00"},"s":"I",  "c":"STORAGE",  "id":20320,   "ctx":"conn3","msg":"createCollection","attr":{"namespace":"local.oplog.rs","uuidDisposition":"generated","uuid":{"uuid":{"$uuid":"3dde42ba-ad6a-443f-82e1-eff604029741"}},"options":{"capped":true,"size":20306626355.0,"autoIndexId":false}}}&#xD;
{"t":{"$date":"2026-04-05T23:13:31.307-04:00"},"s":"I",  "c":"REPL",     "id":21251,   "ctx":"conn3","msg":"Creating replication oplog","attr":{"oplogSizeMB":19365}}&#xD;
{"t":{"$date":"2026-04-05T23:13:31.307-04:00"},"s":"I",  "c":"STORAGE",  "id":20320,   "ctx":"conn3","msg":"createCollection","attr":{"namespace":"local.oplog.rs","uuidDisposition":"generated","uuid":{"uuid":{"$uuid":"5b28814a-d216-4b80-8327-d92b7a740986"}},"options":{"capped":true,"size":20306626355.0,"autoIndexId":false}}}&#xD;
{"t":{"$date":"2026-04-05T23:13:31.307-04:00"},"s":"I",  "c":"STORAGE",  "id":20320,   "ctx":"conn3","msg":"createCollection","attr":{"namespace":"local.oplog.rs","uuidDisposition":"generated","uuid":{"uuid":{"$uuid":"d1f14f99-5e2e-4542-a4cf-e426bca0fc38"}},"options":{"capped":true,"size":20306626355.0,"autoIndexId":false}}}&#xD;
{"t":{"$date":"2026-04-05T23:13:31.316-04:00"},"s":"I",  "c":"STORAGE",  "id":22383,   "ctx":"conn3","msg":"The size storer reports that the oplog contains","attr":{"numRecords":0,"dataSize":0}}&#xD;
{"t":{"$date":"2026-04-05T23:13:31.316-04:00"},"s":"I",  "c":"STORAGE",  "id":22382,   "ctx":"conn3","msg":"WiredTiger record store oplog processing finished","attr":{"durationMillis":0}}&#xD;
{"t":{"$date":"2026-04-05T23:13:31.316-04:00"},"s":"I",  "c":"STORAGE",  "id":22383,   "ctx":"conn3","msg":"The size storer reports that the oplog contains","attr":{"numRecords":0,"dataSize":0}}&#xD;
{"t":{"$date":"2026-04-05T23:13:31.316-04:00"},"s":"I",  "c":"STORAGE",  "id":22382,   "ctx":"conn3","msg":"WiredTiger record store oplog processing finished","attr":{"durationMillis":0}}&#xD;
{"t":{"$date":"2026-04-05T23:13:31.317-04:00"},"s":"I",  "c":"STORAGE",  "id":22383,   "ctx":"conn3","msg":"The size storer reports that the oplog contains","attr":{"numRecords":0,"dataSize":0}}&#xD;
{"t":{"$date":"2026-04-05T23:13:31.317-04:00"},"s":"I",  "c":"STORAGE",  "id":22382,   "ctx":"conn3","msg":"WiredTiger record store oplog processing finished","attr":{"durationMillis":0}}&#xD;
{"t":{"$date":"2026-04-05T23:13:31.317-04:00"},"s":"I",  "c":"STORAGE",  "id":22383,   "ctx":"conn3","msg":"The size storer reports that the oplog contains","attr":{"numRecords":0,"dataSize":0}}&#xD;
{"t":{"$date":"2026-04-05T23:13:31.317-04:00"},"s":"I",  "c":"STORAGE",  "id":22382,   "ctx":"conn3","msg":"WiredTiger record store oplog processing finished","attr":{"durationMillis":0}}&#xD;
{"t":{"$date":"2026-04-05T23:13:31.339-04:00"},"s":"I",  "c":"STORAGE",  "id":20320,   "ctx":"conn3","msg":"createCollection","attr":{"namespace":"local.system.replset","uuidDisposition":"generated","uuid":{"uuid":{"$uuid":"7947e3b2-19a6-472c-af9b-f3d52df888f5"}},"options":{}}}&#xD;
{"t":{"$date":"2026-04-05T23:13:31.340-04:00"},"s":"I",  "c":"STORAGE",  "id":20320,   "ctx":"conn3","msg":"createCollection","attr":{"namespace":"local.system.replset","uuidDisposition":"generated","uuid":{"uuid":{"$uuid":"57ded229-43e7-48a3-9ea8-3e2e36985985"}},"options":{}}}&#xD;
{"t":{"$date":"2026-04-05T23:13:31.341-04:00"},"s":"I",  "c":"STORAGE",  "id":20320,   "ctx":"conn3","msg":"createCollection","attr":{"namespace":"local.system.replset","uuidDisposition":"generated","uuid":{"uuid":{"$uuid":"a84d7478-74f8-4d93-a7b0-c1b18528b577"}},"options":{}}}&#xD;
{"t":{"$date":"2026-04-05T23:13:31.342-04:00"},"s":"I",  "c":"STORAGE",  "id":20320,   "ctx":"conn3","msg":"createCollection","attr":{"namespace":"local.system.replset","uuidDisposition":"generated","uuid":{"uuid":{"$uuid":"7a9ce5bd-13d8-4a79-8034-a19ea1e2d274"}},"options":{}}}&#xD;
{"t":{"$date":"2026-04-05T23:13:31.349-04:00"},"s":"I",  "c":"INDEX",    "id":20345,   "ctx":"conn3","msg":"Index build: done building","attr":{"buildUUID":null,"namespace":"local.system.replset","index":"_id_","commitTimestamp":{"$timestamp":{"t":1775445211,"i":1}}}}&#xD;
{"t":{"$date":"2026-04-05T23:13:31.349-04:00"},"s":"I",  "c":"INDEX",    "id":20345,   "ctx":"conn3","msg":"Index build: done building","attr":{"buildUUID":null,"namespace":"local.system.replset","index":"_id_","commitTimestamp":{"$timestamp":{"t":1775445211,"i":1}}}}&#xD;
{"t":{"$date":"2026-04-05T23:13:31.350-04:00"},"s":"I",  "c":"INDEX",    "id":20345,   "ctx":"conn3","msg":"Index build: done building","attr":{"buildUUID":null,"namespace":"local.system.replset","index":"_id_","commitTimestamp":{"$timestamp":{"t":1775445211,"i":1}}}}&#xD;
{"t":{"$date":"2026-04-05T23:13:31.350-04:00"},"s":"I",  "c":"INDEX",    "id":20345,   "ctx":"conn3","msg":"Index build: done building","attr":{"buildUUID":null,"namespace":"local.system.replset","index":"_id_","commitTimestamp":{"$timestamp":{"t":1775445211,"i":1}}}}&#xD;
{"t":{"$date":"2026-04-05T23:13:31.351-04:00"},"s":"I",  "c":"STORAGE",  "id":20320,   "ctx":"conn3","msg":"createCollection","attr":{"namespace":"admin.system.version","uuidDisposition":"provided","uuid":{"uuid":{"$uuid":"bd041201-ccd4-40a1-af55-acd04c3ef7f4"}},"options":{"uuid":{"$uuid":"bd041201-ccd4-40a1-af55-acd04c3ef7f4"}}}}&#xD;
{"t":{"$date":"2026-04-05T23:13:31.351-04:00"},"s":"I",  "c":"STORAGE",  "id":20320,   "ctx":"conn3","msg":"createCollection","attr":{"namespace":"admin.system.version","uuidDisposition":"provided","uuid":{"uuid":{"$uuid":"645345c6-9c3d-4435-ada1-600404eada5a"}},"options":{"uuid":{"$uuid":"645345c6-9c3d-4435-ada1-600404eada5a"}}}}&#xD;
{"t":{"$date":"2026-04-05T23:13:31.352-04:00"},"s":"I",  "c":"STORAGE",  "id":20320,   "ctx":"conn3","msg":"createCollection","attr":{"namespace":"admin.system.version","uuidDisposition":"provided","uuid":{"uuid":{"$uuid":"fe2e637a-eeb1-460c-b493-af9649140b0b"}},"options":{"uuid":{"$uuid":"fe2e637a-eeb1-460c-b493-af9649140b0b"}}}}&#xD;
{"t":{"$date":"2026-04-05T23:13:31.352-04:00"},"s":"I",  "c":"STORAGE",  "id":20320,   "ctx":"conn3","msg":"createCollection","attr":{"namespace":"admin.system.version","uuidDisposition":"provided","uuid":{"uuid":{"$uuid":"00320a7b-31cd-415d-aec2-6043a146e953"}},"options":{"uuid":{"$uuid":"00320a7b-31cd-415d-aec2-6043a146e953"}}}}&#xD;
{"t":{"$date":"2026-04-05T23:13:31.359-04:00"},"s":"I",  "c":"INDEX",    "id":20345,   "ctx":"conn3","msg":"Index build: done building","attr":{"buildUUID":null,"namespace":"admin.system.version","index":"_id_","commitTimestamp":{"$timestamp":{"t":1775445211,"i":1}}}}&#xD;
{"t":{"$date":"2026-04-05T23:13:31.359-04:00"},"s":"I",  "c":"COMMAND",  "id":20459,   "ctx":"conn3","msg":"Setting featureCompatibilityVersion","attr":{"newVersion":"4.4"}}&#xD;
{"t":{"$date":"2026-04-05T23:13:31.359-04:00"},"s":"I",  "c":"NETWORK",  "id":22991,   "ctx":"conn3","msg":"Skip closing connection for connection","attr":{"connectionId":3}}&#xD;
{"t":{"$date":"2026-04-05T23:13:31.359-04:00"},"s":"I",  "c":"NETWORK",  "id":22991,   "ctx":"conn3","msg":"Skip closing connection for connection","attr":{"connectionId":2}}&#xD;
{"t":{"$date":"2026-04-05T23:13:31.359-04:00"},"s":"I",  "c":"NETWORK",  "id":22991,   "ctx":"conn3","msg":"Skip closing connection for connection","attr":{"connectionId":1}}&#xD;
{"t":{"$date":"2026-04-05T23:13:31.359-04:00"},"s":"I",  "c":"REPL",     "id":21392,   "ctx":"conn3","msg":"New replica set config in use","attr":{"config":{"_id":"singleNodeReplSet","version":1,"term":0,"protocolVersion":1,"writeConcernMajorityJournalDefault":true,"members":[{"_id":0,"host":"127.0.0.1:27021","arbiterOnly":false,"buildIndexes":true,"hidden":false,"priority":1.0,"tags":{},"slaveDelay":0,"votes":1}],"settings":{"chainingAllowed":true,"heartbeatIntervalMillis":2000,"heartbeatTimeoutSecs":10,"electionTimeoutMillis":10000,"catchUpTimeoutMillis":-1,"catchUpTakeoverDelayMillis":30000,"getLastErrorModes":{},"getLastErrorDefaults":{"w":1,"wtimeout":0},"replicaSetId":{"$oid":"69d324db153d562f65cd82a2"}}}}}&#xD;
{"t":{"$date":"2026-04-05T23:13:31.359-04:00"},"s":"I",  "c":"REPL",     "id":21393,   "ctx":"conn3","msg":"Found self in config","attr":{"hostAndPort":"127.0.0.1:27021"}}&#xD;
{"t":{"$date":"2026-04-05T23:13:31.359-04:00"},"s":"I",  "c":"REPL",     "id":21358,   "ctx":"conn3","msg":"Replica set state transition","attr":{"newState":"STARTUP2","oldState":"STARTUP"}}&#xD;
{"t":{"$date":"2026-04-05T23:13:31.359-04:00"},"s":"I",  "c":"INDEX",    "id":20345,   "ctx":"conn3","msg":"Index build: done building","attr":{"buildUUID":null,"namespace":"admin.system.version","index":"_id_","commitTimestamp":{"$timestamp":{"t":1775445211,"i":1}}}}&#xD;
{"t":{"$date":"2026-04-05T23:13:31.359-04:00"},"s":"I",  "c":"REPL",     "id":21306,   "ctx":"conn3","msg":"Starting replication storage threads"}&#xD;
{"t":{"$date":"2026-04-05T23:13:31.359-04:00"},"s":"I",  "c":"COMMAND",  "id":20459,   "ctx":"conn3","msg":"Setting featureCompatibilityVersion","attr":{"newVersion":"4.4"}}&#xD;
{"t":{"$date":"2026-04-05T23:13:31.359-04:00"},"s":"I",  "c":"NETWORK",  "id":22991,   "ctx":"conn3","msg":"Skip closing connection for connection","attr":{"connectionId":3}}&#xD;
{"t":{"$date":"2026-04-05T23:13:31.359-04:00"},"s":"I",  "c":"NETWORK",  "id":22991,   "ctx":"conn3","msg":"Skip closing connection for connection","attr":{"connectionId":2}}&#xD;
{"t":{"$date":"2026-04-05T23:13:31.359-04:00"},"s":"I",  "c":"NETWORK",  "id":22991,   "ctx":"conn3","msg":"Skip closing connection for connection","attr":{"connectionId":1}}&#xD;
{"t":{"$date":"2026-04-05T23:13:31.359-04:00"},"s":"I",  "c":"REPL",     "id":21392,   "ctx":"conn3","msg":"New replica set config in use","attr":{"config":{"_id":"singleNodeReplSet","version":1,"term":0,"protocolVersion":1,"writeConcernMajorityJournalDefault":true,"members":[{"_id":0,"host":"127.0.0.1:27020","arbiterOnly":false,"buildIndexes":true,"hidden":false,"priority":1.0,"tags":{},"slaveDelay":0,"votes":1}],"settings":{"chainingAllowed":true,"heartbeatIntervalMillis":2000,"heartbeatTimeoutSecs":10,"electionTimeoutMillis":10000,"catchUpTimeoutMillis":-1,"catchUpTakeoverDelayMillis":30000,"getLastErrorModes":{},"getLastErrorDefaults":{"w":1,"wtimeout":0},"replicaSetId":{"$oid":"69d324db7de9c8ad483dcd0a"}}}}}&#xD;
{"t":{"$date":"2026-04-05T23:13:31.359-04:00"},"s":"I",  "c":"REPL",     "id":21393,   "ctx":"conn3","msg":"Found self in config","attr":{"hostAndPort":"127.0.0.1:27020"}}&#xD;
{"t":{"$date":"2026-04-05T23:13:31.359-04:00"},"s":"I",  "c":"REPL",     "id":21358,   "ctx":"conn3","msg":"Replica set state transition","attr":{"newState":"STARTUP2","oldState":"STARTUP"}}&#xD;
{"t":{"$date":"2026-04-05T23:13:31.359-04:00"},"s":"I",  "c":"REPL",     "id":21306,   "ctx":"conn3","msg":"Starting replication storage threads"}&#xD;
{"t":{"$date":"2026-04-05T23:13:31.359-04:00"},"s":"I",  "c":"INDEX",    "id":20345,   "ctx":"conn3","msg":"Index build: done building","attr":{"buildUUID":null,"namespace":"admin.system.version","index":"_id_","commitTimestamp":{"$timestamp":{"t":1775445211,"i":1}}}}&#xD;
{"t":{"$date":"2026-04-05T23:13:31.360-04:00"},"s":"I",  "c":"COMMAND",  "id":20459,   "ctx":"conn3","msg":"Setting featureCompatibilityVersion","attr":{"newVersion":"4.4"}}&#xD;
{"t":{"$date":"2026-04-05T23:13:31.360-04:00"},"s":"I",  "c":"NETWORK",  "id":22991,   "ctx":"conn3","msg":"Skip closing connection for connection","attr":{"connectionId":3}}&#xD;
{"t":{"$date":"2026-04-05T23:13:31.360-04:00"},"s":"I",  "c":"INDEX",    "id":20345,   "ctx":"conn3","msg":"Index build: done building","attr":{"buildUUID":null,"namespace":"admin.system.version","index":"_id_","commitTimestamp":{"$timestamp":{"t":1775445211,"i":1}}}}&#xD;
{"t":{"$date":"2026-04-05T23:13:31.360-04:00"},"s":"I",  "c":"NETWORK",  "id":22991,   "ctx":"conn3","msg":"Skip closing connection for connection","attr":{"connectionId":2}}&#xD;
{"t":{"$date":"2026-04-05T23:13:31.360-04:00"},"s":"I",  "c":"NETWORK",  "id":22991,   "ctx":"conn3","msg":"Skip closing connection for connection","attr":{"connectionId":1}}&#xD;
{"t":{"$date":"2026-04-05T23:13:31.360-04:00"},"s":"I",  "c":"COMMAND",  "id":20459,   "ctx":"conn3","msg":"Setting featureCompatibilityVersion","attr":{"newVersion":"4.4"}}&#xD;
{"t":{"$date":"2026-04-05T23:13:31.360-04:00"},"s":"I",  "c":"NETWORK",  "id":22991,   "ctx":"conn3","msg":"Skip closing connection for connection","attr":{"connectionId":3}}&#xD;
{"t":{"$date":"2026-04-05T23:13:31.360-04:00"},"s":"I",  "c":"NETWORK",  "id":22991,   "ctx":"conn3","msg":"Skip closing connection for connection","attr":{"connectionId":2}}&#xD;
{"t":{"$date":"2026-04-05T23:13:31.360-04:00"},"s":"I",  "c":"NETWORK",  "id":22991,   "ctx":"conn3","msg":"Skip closing connection for connection","attr":{"connectionId":1}}&#xD;
{"t":{"$date":"2026-04-05T23:13:31.360-04:00"},"s":"I",  "c":"REPL",     "id":21358,   "ctx":"conn3","msg":"Replica set state transition","attr":{"newState":"RECOVERING","oldState":"STARTUP2"}}&#xD;
[...]
{"t":{"$date":"2026-04-05T23:13:31.749-04:00"},"s":"I",  "c":"STORAGE",  "id":20320,   "ctx":"conn3","msg":"createCollection","attr":{"namespace":"rocket_log_it_5732b4a6327d4b1089f893ad0f4a8f2b.engines","uuidDisposition":"generated","uuid":{"uuid":{"$uuid":"3e2b33ba-e0b1-4106-b499-536431d4034b"}},"options":{}}}&#xD;
{"t":{"$date":"2026-04-05T23:13:31.749-04:00"},"s":"I",  "c":"STORAGE",  "id":20320,   "ctx":"conn3","msg":"createCollection","attr":{"namespace":"rocket_log_it_6e2cdc632c504db58333c9158c32614d.engines","uuidDisposition":"generated","uuid":{"uuid":{"$uuid":"51d7699b-65a6-4706-ab95-e33c8877b850"}},"options":{}}}&#xD;
{"t":{"$date":"2026-04-05T23:13:31.750-04:00"},"s":"I",  "c":"STORAGE",  "id":20320,   "ctx":"conn3","msg":"createCollection","attr":{"namespace":"rocket_log_it_d0bc3ba0baef4dc49a23b0dbff0d37fa.engines","uuidDisposition":"generated","uuid":{"uuid":{"$uuid":"71d1c627-fd83-484e-a169-037c3325e03d"}},"options":{}}}&#xD;
{"t":{"$date":"2026-04-05T23:13:31.764-04:00"},"s":"I",  "c":"INDEX",    "id":20345,   "ctx":"conn3","msg":"Index build: done building","attr":{"buildUUID":null,"namespace":"rocket_log_it_d0bc3ba0baef4dc49a23b0dbff0d37fa.engines","index":"_id_","commitTimestamp":{"$timestamp":{"t":1775445211,"i":16}}}}&#xD;
{"t":{"$date":"2026-04-05T23:13:31.764-04:00"},"s":"I",  "c":"INDEX",    "id":20345,   "ctx":"conn3","msg":"Index build: done building","attr":{"buildUUID":null,"namespace":"rocket_log_it_d0bc3ba0baef4dc49a23b0dbff0d37fa.engines","index":"manufacturer_1_designation_1","commitTimestamp":{"$timestamp":{"t":1775445211,"i":16}}}}&#xD;
{"t":{"$date":"2026-04-05T23:13:31.764-04:00"},"s":"I",  "c":"INDEX",    "id":20345,   "ctx":"conn3","msg":"Index build: done building","attr":{"buildUUID":null,"namespace":"rocket_log_it_d0bc3ba0baef4dc49a23b0dbff0d37fa.engines","index":"impulseClass_1_designation_1","commitTimestamp":{"$timestamp":{"t":1775445211,"i":16}}}}&#xD;
{"t":{"$date":"2026-04-05T23:13:31.765-04:00"},"s":"I",  "c":"INDEX",    "id":20345,   "ctx":"conn3","msg":"Index build: done building","attr":{"buildUUID":null,"namespace":"rocket_log_it_5732b4a6327d4b1089f893ad0f4a8f2b.engines","index":"_id_","commitTimestamp":{"$timestamp":{"t":1775445211,"i":16}}}}&#xD;
{"t":{"$date":"2026-04-05T23:13:31.765-04:00"},"s":"I",  "c":"INDEX",    "id":20345,   "ctx":"conn3","msg":"Index build: done building","attr":{"buildUUID":null,"namespace":"rocket_log_it_5732b4a6327d4b1089f893ad0f4a8f2b.engines","index":"manufacturer_1_designation_1","commitTimestamp":{"$timestamp":{"t":1775445211,"i":16}}}}&#xD;
{"t":{"$date":"2026-04-05T23:13:31.765-04:00"},"s":"I",  "c":"INDEX",    "id":20345,   "ctx":"conn3","msg":"Index build: done building","attr":{"buildUUID":null,"namespace":"rocket_log_it_5732b4a6327d4b1089f893ad0f4a8f2b.engines","index":"impulseClass_1_designation_1","commitTimestamp":{"$timestamp":{"t":1775445211,"i":16}}}}&#xD;
{"t":{"$date":"2026-04-05T23:13:31.766-04:00"},"s":"I",  "c":"INDEX",    "id":20345,   "ctx":"conn3","msg":"Index build: done building","attr":{"buildUUID":null,"namespace":"rocket_log_it_6e2cdc632c504db58333c9158c32614d.engines","index":"_id_","commitTimestamp":{"$timestamp":{"t":1775445211,"i":16}}}}&#xD;
{"t":{"$date":"2026-04-05T23:13:31.766-04:00"},"s":"I",  "c":"INDEX",    "id":20345,   "ctx":"conn3","msg":"Index build: done building","attr":{"buildUUID":null,"namespace":"rocket_log_it_6e2cdc632c504db58333c9158c32614d.engines","index":"manufacturer_1_designation_1","commitTimestamp":{"$timestamp":{"t":1775445211,"i":16}}}}&#xD;
{"t":{"$date":"2026-04-05T23:13:31.766-04:00"},"s":"I",  "c":"INDEX",    "id":20345,   "ctx":"conn3","msg":"Index build: done building","attr":{"buildUUID":null,"namespace":"rocket_log_it_6e2cdc632c504db58333c9158c32614d.engines","index":"impulseClass_1_designation_1","commitTimestamp":{"$timestamp":{"t":1775445211,"i":16}}}}&#xD;
{"t":{"$date":"2026-04-05T23:13:31.766-04:00"},"s":"I",  "c":"INDEX",    "id":20345,   "ctx":"conn3","msg":"Index build: done building","attr":{"buildUUID":null,"namespace":"rocket_log_it_cce4a81e5d8d49d7a0a60160c01b2a7b.engines","index":"_id_","commitTimestamp":{"$timestamp":{"t":1775445211,"i":16}}}}&#xD;
{"t":{"$date":"2026-04-05T23:13:31.766-04:00"},"s":"I",  "c":"INDEX",    "id":20345,   "ctx":"conn3","msg":"Index build: done building","attr":{"buildUUID":null,"namespace":"rocket_log_it_cce4a81e5d8d49d7a0a60160c01b2a7b.engines","index":"manufacturer_1_designation_1","commitTimestamp":{"$timestamp":{"t":1775445211,"i":16}}}}&#xD;
{"t":{"$date":"2026-04-05T23:13:31.766-04:00"},"s":"I",  "c":"INDEX",    "id":20345,   "ctx":"conn3","msg":"Index build: done building","attr":{"buildUUID":null,"namespace":"rocket_log_it_cce4a81e5d8d49d7a0a60160c01b2a7b.engines","index":"impulseClass_1_designation_1","commitTimestamp":{"$timestamp":{"t":1775445211,"i":16}}}}&#xD;
{"t":{"$date":"2026-04-05T23:13:31.768-04:00"},"s":"I",  "c":"STORAGE",  "id":20320,   "ctx":"conn3","msg":"createCollection","attr":{"namespace":"rocket_log_it_d0bc3ba0baef4dc49a23b0dbff0d37fa.user_rockets","uuidDisposition":"generated","uuid":{"uuid":{"$uuid":"596be579-02af-42c2-aae2-45191e249fed"}},"options":{}}}&#xD;
{"t":{"$date":"2026-04-05T23:13:31.768-04:00"},"s":"I",  "c":"STORAGE",  "id":20320,   "ctx":"conn3","msg":"createCollection","attr":{"namespace":"rocket_log_it_cce4a81e5d8d49d7a0a60160c01b2a7b.user_rockets","uuidDisposition":"generated","uuid":{"uuid":{"$uuid":"1c7945f1-a2d9-4312-a013-2346034848b2"}},"options":{}}}&#xD;
{"t":{"$date":"2026-04-05T23:13:31.768-04:00"},"s":"I",  "c":"STORAGE",  "id":20320,   "ctx":"conn3","msg":"createCollection","attr":{"namespace":"rocket_log_it_6e2cdc632c504db58333c9158c32614d.user_rockets","uuidDisposition":"generated","uuid":{"uuid":{"$uuid":"2d755f3f-29c6-4b0c-9f4c-729b0d1e844c"}},"options":{}}}&#xD;
{"t":{"$date":"2026-04-05T23:13:31.768-04:00"},"s":"I",  "c":"STORAGE",  "id":20320,   "ctx":"conn3","msg":"createCollection","attr":{"namespace":"rocket_log_it_5732b4a6327d4b1089f893ad0f4a8f2b.user_rockets","uuidDisposition":"generated","uuid":{"uuid":{"$uuid":"e67145b6-b54a-466a-8f98-9f53a4b69e9e"}},"options":{}}}&#xD;
{"t":{"$date":"2026-04-05T23:13:31.779-04:00"},"s":"I",  "c":"INDEX",    "id":20345,   "ctx":"conn3","msg":"Index build: done building","attr":{"buildUUID":null,"namespace":"rocket_log_it_5732b4a6327d4b1089f893ad0f4a8f2b.user_rockets","index":"_id_","commitTimestamp":{"$timestamp":{"t":1775445211,"i":18}}}}&#xD;
{"t":{"$date":"2026-04-05T23:13:31.779-04:00"},"s":"I",  "c":"INDEX",    "id":20345,   "ctx":"conn3","msg":"Index build: done building","attr":{"buildUUID":null,"namespace":"rocket_log_it_5732b4a6327d4b1089f893ad0f4a8f2b.user_rockets","index":"userId_1_rocketId_1","commitTimestamp":{"$timestamp":{"t":1775445211,"i":18}}}}&#xD;
{"t":{"$date":"2026-04-05T23:13:31.779-04:00"},"s":"I",  "c":"INDEX",    "id":20345,   "ctx":"conn3","msg":"Index build: done building","attr":{"buildUUID":null,"namespace":"rocket_log_it_d0bc3ba0baef4dc49a23b0dbff0d37fa.user_rockets","index":"_id_","commitTimestamp":{"$timestamp":{"t":1775445211,"i":18}}}}&#xD;
{"t":{"$date":"2026-04-05T23:13:31.779-04:00"},"s":"I",  "c":"INDEX",    "id":20345,   "ctx":"conn3","msg":"Index build: done building","attr":{"buildUUID":null,"namespace":"rocket_log_it_d0bc3ba0baef4dc49a23b0dbff0d37fa.user_rockets","index":"userId_1_rocketId_1","commitTimestamp":{"$timestamp":{"t":1775445211,"i":18}}}}&#xD;
{"t":{"$date":"2026-04-05T23:13:31.779-04:00"},"s":"I",  "c":"INDEX",    "id":20345,   "ctx":"conn3","msg":"Index build: done building","attr":{"buildUUID":null,"namespace":"rocket_log_it_cce4a81e5d8d49d7a0a60160c01b2a7b.user_rockets","index":"_id_","commitTimestamp":{"$timestamp":{"t":1775445211,"i":18}}}}&#xD;
{"t":{"$date":"2026-04-05T23:13:31.779-04:00"},"s":"I",  "c":"INDEX",    "id":20345,   "ctx":"conn3","msg":"Index build: done building","attr":{"buildUUID":null,"namespace":"rocket_log_it_cce4a81e5d8d49d7a0a60160c01b2a7b.user_rockets","index":"userId_1_rocketId_1","commitTimestamp":{"$timestamp":{"t":1775445211,"i":18}}}}&#xD;
{"t":{"$date":"2026-04-05T23:13:31.780-04:00"},"s":"I",  "c":"INDEX",    "id":20345,   "ctx":"conn3","msg":"Index build: done building","attr":{"buildUUID":null,"namespace":"rocket_log_it_6e2cdc632c504db58333c9158c32614d.user_rockets","index":"_id_","commitTimestamp":{"$timestamp":{"t":1775445211,"i":18}}}}&#xD;
{"t":{"$date":"2026-04-05T23:13:31.780-04:00"},"s":"I",  "c":"INDEX",    "id":20345,   "ctx":"conn3","msg":"Index build: done building","attr":{"buildUUID":null,"namespace":"rocket_log_it_6e2cdc632c504db58333c9158c32614d.user_rockets","index":"userId_1_rocketId_1","commitTimestamp":{"$timestamp":{"t":1775445211,"i":18}}}}&#xD;
{"t":{"$date":"2026-04-05T23:13:31.781-04:00"},"s":"I",  "c":"STORAGE",  "id":20320,   "ctx":"conn3","msg":"createCollection","attr":{"namespace":"rocket_log_it_cce4a81e5d8d49d7a0a60160c01b2a7b.user_engines","uuidDisposition":"generated","uuid":{"uuid":{"$uuid":"3d8486e6-1950-4fdc-85f4-be466385211b"}},"options":{}}}&#xD;
{"t":{"$date":"2026-04-05T23:13:31.781-04:00"},"s":"I",  "c":"STORAGE",  "id":20320,   "ctx":"conn3","msg":"createCollection","attr":{"namespace":"rocket_log_it_6e2cdc632c504db58333c9158c32614d.user_engines","uuidDisposition":"generated","uuid":{"uuid":{"$uuid":"53a68a4a-9649-4bcf-b1d7-93e9afdd4283"}},"options":{}}}&#xD;
{"t":{"$date":"2026-04-05T23:13:31.781-04:00"},"s":"I",  "c":"STORAGE",  "id":20320,   "ctx":"conn3","msg":"createCollection","attr":{"namespace":"rocket_log_it_5732b4a6327d4b1089f893ad0f4a8f2b.user_engines","uuidDisposition":"generated","uuid":{"uuid":{"$uuid":"55a170b1-4559-4af8-89d6-a0cfe366097d"}},"options":{}}}&#xD;
{"t":{"$date":"2026-04-05T23:13:31.781-04:00"},"s":"I",  "c":"STORAGE",  "id":20320,   "ctx":"conn3","msg":"createCollection","attr":{"namespace":"rocket_log_it_d0bc3ba0baef4dc49a23b0dbff0d37fa.user_engines","uuidDisposition":"generated","uuid":{"uuid":{"$uuid":"7a5b5270-2172-4553-8d40-319a6683e1ae"}},"options":{}}}&#xD;
{"t":{"$date":"2026-04-05T23:13:31.792-04:00"},"s":"I",  "c":"INDEX",    "id":20345,   "ctx":"conn3","msg":"Index build: done building","attr":{"buildUUID":null,"namespace":"rocket_log_it_6e2cdc632c504db58333c9158c32614d.user_engines","index":"_id_","commitTimestamp":{"$timestamp":{"t":1775445211,"i":20}}}}&#xD;
{"t":{"$date":"2026-04-05T23:13:31.792-04:00"},"s":"I",  "c":"INDEX",    "id":20345,   "ctx":"conn3","msg":"Index build: done building","attr":{"buildUUID":null,"namespace":"rocket_log_it_6e2cdc632c504db58333c9158c32614d.user_engines","index":"userId_1_engineId_1","commitTimestamp":{"$timestamp":{"t":1775445211,"i":20}}}}&#xD;
{"t":{"$date":"2026-04-05T23:13:31.792-04:00"},"s":"I",  "c":"INDEX",    "id":20345,   "ctx":"conn3","msg":"Index build: done building","attr":{"buildUUID":null,"namespace":"rocket_log_it_cce4a81e5d8d49d7a0a60160c01b2a7b.user_engines","index":"_id_","commitTimestamp":{"$timestamp":{"t":1775445211,"i":20}}}}&#xD;
{"t":{"$date":"2026-04-05T23:13:31.792-04:00"},"s":"I",  "c":"INDEX",    "id":20345,   "ctx":"conn3","msg":"Index build: done building","attr":{"buildUUID":null,"namespace":"rocket_log_it_cce4a81e5d8d49d7a0a60160c01b2a7b.user_engines","index":"userId_1_engineId_1","commitTimestamp":{"$timestamp":{"t":1775445211,"i":20}}}}&#xD;
{"t":{"$date":"2026-04-05T23:13:31.793-04:00"},"s":"I",  "c":"INDEX",    "id":20345,   "ctx":"conn3","msg":"Index build: done building","attr":{"buildUUID":null,"namespace":"rocket_log_it_d0bc3ba0baef4dc49a23b0dbff0d37fa.user_engines","index":"_id_","commitTimestamp":{"$timestamp":{"t":1775445211,"i":20}}}}&#xD;
{"t":{"$date":"2026-04-05T23:13:31.793-04:00"},"s":"I",  "c":"INDEX",    "id":20345,   "ctx":"conn3","msg":"Index build: done building","attr":{"buildUUID":null,"namespace":"rocket_log_it_d0bc3ba0baef4dc49a23b0dbff0d37fa.user_engines","index":"userId_1_engineId_1","commitTimestamp":{"$timestamp":{"t":1775445211,"i":20}}}}&#xD;
{"t":{"$date":"2026-04-05T23:13:31.794-04:00"},"s":"I",  "c":"INDEX",    "id":20345,   "ctx":"conn3","msg":"Index build: done building","attr":{"buildUUID":null,"namespace":"rocket_log_it_5732b4a6327d4b1089f893ad0f4a8f2b.user_engines","index":"_id_","commitTimestamp":{"$timestamp":{"t":1775445211,"i":20}}}}&#xD;
{"t":{"$date":"2026-04-05T23:13:31.794-04:00"},"s":"I",  "c":"INDEX",    "id":20345,   "ctx":"conn3","msg":"Index build: done building","attr":{"buildUUID":null,"namespace":"rocket_log_it_5732b4a6327d4b1089f893ad0f4a8f2b.user_engines","index":"userId_1_engineId_1","commitTimestamp":{"$timestamp":{"t":1775445211,"i":20}}}}&#xD;
info: RocketLog.Api.Seeders.MongoDataSeeder[0]&#xD;
      Catalog seeding completed. Rockets upserted: 21. Engines upserted: 19.&#xD;
info: RocketLog.Api.Seeders.MongoDataSeeder[0]&#xD;
      Catalog seeding completed. Rockets upserted: 21. Engines upserted: 19.&#xD;
info: RocketLog.Api.Seeders.MongoDataSeeder[0]&#xD;
      Catalog seeding completed. Rockets upserted: 21. Engines upserted: 19.&#xD;
info: RocketLog.Api.Seeders.MongoDataSeeder[0]&#xD;
      Catalog seeding completed. Rockets upserted: 21. Engines upserted: 19.&#xD;
dbug: Microsoft.Extensions.Hosting.Internal.Host[1]&#xD;
      Hosting starting&#xD;
dbug: Microsoft.Extensions.Hosting.Internal.Host[1]&#xD;
      Hosting starting&#xD;
dbug: Microsoft.Extensions.Hosting.Internal.Host[1]&#xD;
      Hosting starting&#xD;
dbug: Microsoft.Extensions.Hosting.Internal.Host[1]&#xD;
      Hosting starting&#xD;
info: Microsoft.Hosting.Lifetime[0]&#xD;
      Application started. Press Ctrl+C to shut down.&#xD;
info: Microsoft.Hosting.Lifetime[0]&#xD;
      Hosting environment: Development&#xD;
info: Microsoft.Hosting.Lifetime[0]&#xD;
      Content root path: C:\Users\bshar\source\vc-ai-greenfield\vscp\rocket-log\backend&#xD;
dbug: Microsoft.Extensions.Hosting.Internal.Host[2]&#xD;
      Hosting started&#xD;
info: Microsoft.Hosting.Lifetime[0]&#xD;
      Application started. Press Ctrl+C to shut down.&#xD;
info: Microsoft.Hosting.Lifetime[0]&#xD;
      Application started. Press Ctrl+C to shut down.&#xD;
info: Microsoft.Hosting.Lifetime[0]&#xD;
      Hosting environment: Development&#xD;
info: Microsoft.Hosting.Lifetime[0]&#xD;
      Content root path: C:\Users\bshar\source\vc-ai-greenfield\vscp\rocket-log\backend&#xD;
info: Microsoft.Hosting.Lifetime[0]&#xD;
      Application started. Press Ctrl+C to shut down.&#xD;
info: Microsoft.Hosting.Lifetime[0]&#xD;
      Hosting environment: Development&#xD;
info: Microsoft.Hosting.Lifetime[0]&#xD;
      Content root path: C:\Users\bshar\source\vc-ai-greenfield\vscp\rocket-log\backend&#xD;
dbug: Microsoft.Extensions.Hosting.Internal.Host[2]&#xD;
      Hosting started&#xD;
info: Microsoft.Hosting.Lifetime[0]&#xD;
      Hosting environment: Development&#xD;
info: Microsoft.Hosting.Lifetime[0]&#xD;
      Content root path: C:\Users\bshar\source\vc-ai-greenfield\vscp\rocket-log\backend&#xD;
dbug: Microsoft.Extensions.Hosting.Internal.Host[2]&#xD;
      Hosting started&#xD;
dbug: Microsoft.Extensions.Hosting.Internal.Host[2]&#xD;
      Hosting started&#xD;
warn: Microsoft.AspNetCore.HttpsPolicy.HttpsRedirectionMiddleware[3]&#xD;
      Failed to determine the https port for redirect.&#xD;
warn: Microsoft.AspNetCore.HttpsPolicy.HttpsRedirectionMiddleware[3]&#xD;
      Failed to determine the https port for redirect.&#xD;
warn: Microsoft.AspNetCore.HttpsPolicy.HttpsRedirectionMiddleware[3]&#xD;
      Failed to determine the https port for redirect.&#xD;
warn: Microsoft.AspNetCore.HttpsPolicy.HttpsRedirectionMiddleware[3]&#xD;
      Failed to determine the https port for redirect.&#xD;
{"t":{"$date":"2026-04-05T23:13:32.141-04:00"},"s":"I",  "c":"STORAGE",  "id":20320,   "ctx":"conn3","msg":"createCollection","attr":{"namespace":"rocket_log_it_6e2cdc632c504db58333c9158c32614d.accessories","uuidDisposition":"generated","uuid":{"uuid":{"$uuid":"c1fa07a2-1c91-40f9-a0b6-25fd68d3dc34"}},"options":{}}}&#xD;
{"t":{"$date":"2026-04-05T23:13:32.149-04:00"},"s":"I",  "c":"INDEX",    "id":20345,   "ctx":"conn3","msg":"Index build: done building","attr":{"buildUUID":null,"namespace":"rocket_log_it_6e2cdc632c504db58333c9158c32614d.accessories","index":"_id_","commitTimestamp":{"$timestamp":{"t":1775445212,"i":1}}}}&#xD;
warn: Microsoft.AspNetCore.Routing.EndpointRoutingMiddleware[9]&#xD;
      A request body size limit could not be applied. This server does not support the IHttpMaxRequestBodySizeFeature.&#xD;
warn: Microsoft.AspNetCore.Mvc.Filters.RequestSizeLimitFilter[1]&#xD;
      A request body size limit could not be applied. This server does not support the IHttpRequestBodySizeFeature.&#xD;
{"t":{"$date":"2026-04-05T23:13:32.280-04:00"},"s":"I",  "c":"STORAGE",  "id":20320,   "ctx":"conn3","msg":"createCollection","attr":{"namespace":"rocket_log_it_5732b4a6327d4b1089f893ad0f4a8f2b.launches","uuidDisposition":"generated","uuid":{"uuid":{"$uuid":"7a9b61bd-5ec9-4454-933f-d0b66c251e84"}},"options":{}}}&#xD;
{"t":{"$date":"2026-04-05T23:13:32.288-04:00"},"s":"I",  "c":"INDEX",    "id":20345,   "ctx":"conn3","msg":"Index build: done building","attr":{"buildUUID":null,"namespace":"rocket_log_it_5732b4a6327d4b1089f893ad0f4a8f2b.launches","index":"_id_","commitTimestamp":{"$timestamp":{"t":1775445212,"i":2}}}}&#xD;
warn: Microsoft.AspNetCore.Routing.EndpointRoutingMiddleware[9]&#xD;
      A request body size limit could not be applied. This server does not support the IHttpMaxRequestBodySizeFeature.&#xD;
warn: Microsoft.AspNetCore.Mvc.Filters.RequestSizeLimitFilter[1]&#xD;
      A request body size limit could not be applied. This server does not support the IHttpRequestBodySizeFeature.&#xD;
warn: Microsoft.AspNetCore.Routing.EndpointRoutingMiddleware[9]&#xD;
      A request body size limit could not be applied. This server does not support the IHttpMaxRequestBodySizeFeature.&#xD;
warn: Microsoft.AspNetCore.Mvc.Filters.RequestSizeLimitFilter[1]&#xD;
      A request body size limit could not be applied. This server does not support the IHttpRequestBodySizeFeature.&#xD;
dbug: Microsoft.Extensions.Hosting.Internal.Host[3]&#xD;
      Hosting stopping&#xD;
info: Microsoft.Hosting.Lifetime[0]&#xD;
      Application is shutting down...&#xD;
dbug: Microsoft.Extensions.Hosting.Internal.Host[3]&#xD;
      Hosting stopping&#xD;
dbug: Microsoft.Extensions.Hosting.Internal.Host[4]&#xD;
      Hosting stopped&#xD;
dbug: Microsoft.Extensions.Hosting.Internal.Host[4]&#xD;
      Hosting stopped&#xD;
dbug: Microsoft.Extensions.Hosting.Internal.Host[3]&#xD;
      Hosting stopping&#xD;
info: Microsoft.Hosting.Lifetime[0]&#xD;
      Application is shutting down...&#xD;
dbug: Microsoft.Extensions.Hosting.Internal.Host[4]&#xD;
      Hosting stopped&#xD;
dbug: Microsoft.Extensions.Hosting.Internal.Host[3]&#xD;
      Hosting stopping&#xD;
dbug: Microsoft.Extensions.Hosting.Internal.Host[4]&#xD;
      Hosting stopped&#xD;
dbug: Microsoft.Extensions.Hosting.Internal.Host[3]&#xD;
      Hosting stopping&#xD;
info: Microsoft.Hosting.Lifetime[0]&#xD;
      Application is shutting down...&#xD;
dbug: Microsoft.Extensions.Hosting.Internal.Host[4]&#xD;
      Hosting stopped&#xD;
dbug: Microsoft.Extensions.Hosting.Internal.Host[3]&#xD;
      Hosting stopping&#xD;
dbug: Microsoft.Extensions.Hosting.Internal.Host[4]&#xD;
      Hosting stopped&#xD;
dbug: Microsoft.Extensions.Hosting.Internal.Host[3]&#xD;
      Hosting stopping&#xD;
info: Microsoft.Hosting.Lifetime[0]&#xD;
      Application is shutting down...&#xD;
dbug: Microsoft.Extensions.Hosting.Internal.Host[4]&#xD;
      Hosting stopped&#xD;
dbug: Microsoft.Extensions.Hosting.Internal.Host[3]&#xD;
      Hosting stopping&#xD;
dbug: Microsoft.Extensions.Hosting.Internal.Host[4]&#xD;
      Hosting stopped&#xD;
[xUnit.net 00:00:02.38]   Finished:    RocketLog.Api.IntegrationTests&#xD;
</StdOut>
    </Output>
  </ResultSummary>
</TestRun>